2.0 -9.96506155204 0.0542170821044
5.0 -9.91222327537 0.120955659901
8.0 -9.84321129804 0.177345232314
11.0 -9.82342126979 0.142327643078
14.0 -9.69057426287 0.125328654361
17.0 -9.56697433894 0.127979421729
20.0 -9.42766509769 0.155125635937
23.0 -9.42178083005 0.125946668856
26.0 -9.37895795795 0.10947772783
29.0 -9.28934610204 0.10260724225
32.0 -9.23855608073 0.105539702008
35.0 -9.19136857946 0.101114594121
38.0 -9.20186936458 0.0931122581017
41.0 -9.12849066624 0.109321147248
44.0 -9.11016084392 0.101820181623
47.0 -9.06648203478 0.106970231386
50.0 -9.02651803309 0.108574777099
53.0 -8.90013179022 0.106239875802
56.0 -8.80389663591 0.11249119243
59.0 -8.73822028046 0.124198608654
62.0 -8.71776158044 0.111171948294
65.0 -8.65224958423 0.126221952449
68.0 -8.60575288035 0.101699563714
71.0 -8.55277937934 0.0996954037714
74.0 -8.50821857547 0.087415245975
77.0 -8.42825895762 0.0941313103132
80.0 -8.39333969513 0.100048975489
83.0 -8.31586418471 0.112778653558
86.0 -8.26067274126 0.0977625025815
89.0 -8.21800416053 0.0988975177893
92.0 -8.1847627899 0.0982689880734
95.0 -8.13286387479 0.0890592042103
98.0 -8.09289543032 0.0910208773278
101.0 -8.07645186536 0.0924536183649
104.0 -8.02674579367 0.0898621530846
107.0 -7.99170571601 0.0742622707982
110.0 -7.9379177866 0.0762028616887
113.0 -7.87849239041 0.0716069824741
116.0 -7.82565816804 0.0887496719975
119.0 -7.80155309632 0.0924389133362
122.0 -7.75527699829 0.104122413324
125.0 -7.73311382047 0.100318528266
128.0 -7.68910196758 0.113568620641
131.0 -7.66612068399 0.107461978013
134.0 -7.62118554996 0.109366478743
137.0 -7.57085376436 0.103624055561
140.0 -7.5341078107 0.109358234851
143.0 -7.51601156377 0.114702201508
146.0 -7.48299905138 0.11881622996
149.0 -7.4422491981 0.111478049417
152.0 -7.40950487439 0.102535650205
155.0 -7.38095762281 0.0957872339898
158.0 -7.36501745417 0.0944869846839
161.0 -7.34686246559 0.0947817630153
164.0 -7.30754150868 0.0975923024513
167.0 -7.27377917521 0.0865089016409
170.0 -7.24141296301 0.0855516646112
173.0 -7.20416764248 0.0810917142409
176.0 -7.18581256884 0.0825952624022
179.0 -7.17442458248 0.0853696627839
182.0 -7.13905094403 0.0858163761247
185.0 -7.10873841725 0.091299338121
188.0 -7.07078574635 0.0964414199823
191.0 -7.061635698 0.0927191261334
194.0 -7.03524130389 0.0834611376485
197.0 -7.00093118602 0.0773490531274
200.0 -6.97402445572 0.0830220278839
203.0 -6.94793692122 0.0881761653689
206.0 -6.93200548899 0.0812096187146
209.0 -6.90765268422 0.0792131945793
212.0 -6.89066380617 0.0780910995146
215.0 -6.88482103202 0.0816343368363
218.0 -6.86585715504 0.0783179180976
221.0 -6.84703606324 0.0739085397524
224.0 -6.83032607757 0.076599808893
227.0 -6.80873748418 0.0824719447041
230.0 -6.77849547299 0.0852502251446
233.0 -6.76492612414 0.0798380357815
236.0 -6.75078100665 0.0781875960416
239.0 -6.73362657613 0.0785466245923
242.0 -6.70789056542 0.0758917351394
245.0 -6.68854356003 0.072884523446
248.0 -6.67049126904 0.07144014804
251.0 -6.64979041912 0.0728226044647
254.0 -6.62972505134 0.0749630505206
257.0 -6.61308542195 0.07423611642
260.0 -6.59869239479 0.0759914480056
263.0 -6.58963163746 0.0779404614509
266.0 -6.56027080297 0.0787072178134
269.0 -6.5420070695 0.0700544608515
272.0 -6.53626710381 0.0660202757426
275.0 -6.51886406377 0.0649724713533
278.0 -6.50280072088 0.0644210580105
281.0 -6.48128039547 0.06371691944
284.0 -6.46368266586 0.0623496429676
287.0 -6.44904291342 0.0643439303257
290.0 -6.43681376665 0.0640231439493
293.0 -6.42968920009 0.0691156313083
296.0 -6.416346267 0.071147996947
299.0 -6.4062278275 0.0768911382164
302.0 -6.38513242196 0.0797698999334
305.0 -6.37621138833 0.0830729359237
308.0 -6.36160567765 0.0817702434594
311.0 -6.35386948589 0.079563806601
314.0 -6.35266877273 0.077014313788
317.0 -6.33878711102 0.0744202000827
320.0 -6.33068558224 0.0738953657315
323.0 -6.31429843552 0.0728676450529
326.0 -6.29816613628 0.07256659605
329.0 -6.28265741259 0.0725665473962
332.0 -6.27274440474 0.072831022728
335.0 -6.25564985416 0.073354907126
338.0 -6.25077087879 0.0709495099056
341.0 -6.23531648123 0.0724706369837
344.0 -6.22191631565 0.069844219667
347.0 -6.20994814618 0.0680380071562
350.0 -6.20176662724 0.0686601323695
353.0 -6.19436326217 0.0687272038852
356.0 -6.18966971607 0.0638610126126
359.0 -6.17550593271 0.0614463800682
362.0 -6.172018237 0.0643021820992
365.0 -6.15676881974 0.063605436195
368.0 -6.14734746997 0.0610574906385
371.0 -6.13658959745 0.0604237763626
374.0 -6.12441611719 0.0605370255274
377.0 -6.11046319541 0.0561379173796
380.0 -6.10018800951 0.055292247749
383.0 -6.09351391732 0.0553622894357
386.0 -6.08472878886 0.0551374334217
389.0 -6.08555167639 0.0545161533482
392.0 -6.07652824331 0.0544634331499
395.0 -6.06617896181 0.0570273364845
398.0 -6.05949906676 0.0555367302855
401.0 -6.04825701525 0.0560392203092
404.0 -6.03772013301 0.0571328842904
407.0 -6.02991988761 0.0548759313699
410.0 -6.02622683863 0.0548015305593
413.0 -6.01403802113 0.0518332556537
416.0 -6.0030121139 0.0573225372551
419.0 -5.99509894646 0.0556293382092
422.0 -5.98507874666 0.0564532606616
425.0 -5.97447718987 0.0539064305069
428.0 -5.96481490632 0.0531213808696
431.0 -5.95939168652 0.0520735286797
434.0 -5.95444867746 0.0540866465515
437.0 -5.94491505888 0.0538474321835
440.0 -5.9327555378 0.0557203724279
443.0 -5.92487152447 0.0555910349446
446.0 -5.91374775141 0.0570391085728
449.0 -5.90260697958 0.0565106520445
452.0 -5.88793452476 0.0545568822172
455.0 -5.87905260451 0.0561195220899
458.0 -5.8675545936 0.0569061124549
461.0 -5.86159854299 0.0583620436376
464.0 -5.85588593968 0.0550027960289
467.0 -5.84448773597 0.0543755631439
470.0 -5.837845181 0.0520456146002
473.0 -5.82965352952 0.0491794967933
476.0 -5.82399426791 0.0486839652759
479.0 -5.81623320906 0.0456706886398
482.0 -5.81155529526 0.0444155653223
485.0 -5.8040150246 0.0450609332941
488.0 -5.79320427023 0.0422480923417
491.0 -5.78586771174 0.0427721024957
494.0 -5.78321957248 0.0420149817756
497.0 -5.77662080399 0.0397062723635
500.0 -5.76910249155 0.0394827356332
503.0 -5.76476815035 0.040359147562
506.0 -5.75479655116 0.0408079742359
509.0 -5.74822995102 0.0399089348772
512.0 -5.73801308327 0.0419075878885
515.0 -5.73131220853 0.0404999688965
518.0 -5.72404484389 0.0380169468812
521.0 -5.71564342095 0.0382884637748
524.0 -5.70962616163 0.0399447251391
527.0 -5.70285120375 0.0405234033343
530.0 -5.70093595312 0.0417302528667
533.0 -5.69253295065 0.039773776463
536.0 -5.68514491031 0.0384214876379
539.0 -5.68046292788 0.0383848235792
542.0 -5.67492964273 0.037097241522
545.0 -5.67144927436 0.035881718144
548.0 -5.66962900359 0.034915907957
551.0 -5.66588115831 0.0329662718417
554.0 -5.66258128462 0.0322039509318
557.0 -5.65295169388 0.0343439171512
560.0 -5.64880316771 0.0322156031471
563.0 -5.64150432115 0.0315936070658
566.0 -5.63767848837 0.0326080341466
569.0 -5.63101839001 0.0317947287258
572.0 -5.62697168275 0.0309786142835
575.0 -5.62438262448 0.0297356796082
578.0 -5.61706325171 0.0298858707001
581.0 -5.60874404335 0.0307247256451
584.0 -5.60804870033 0.0332252495426
587.0 -5.60125515869 0.0324975536345
590.0 -5.59865052157 0.0343762162994
593.0 -5.59434396472 0.0338254060374
596.0 -5.58590044949 0.031901476855
599.0 -5.57940085439 0.0327058510233
602.0 -5.57261790336 0.0331908710965
605.0 -5.56435537747 0.0320148020569
608.0 -5.55760219703 0.0322187142032
611.0 -5.55160247571 0.033493772516
614.0 -5.54843701638 0.0347193776506
617.0 -5.54280466211 0.0336783742816
620.0 -5.53948021746 0.0355797343207
623.0 -5.53867448662 0.0338926976396
626.0 -5.52952184248 0.034984172105
629.0 -5.52721702898 0.0362147584773
632.0 -5.52319113234 0.0360293007215
635.0 -5.51561708438 0.0359872785151
638.0 -5.51072771795 0.0363295905207
641.0 -5.50600647448 0.0375034609619
644.0 -5.50078726465 0.0364691378633
647.0 -5.49430222087 0.0364326835007
650.0 -5.48725230091 0.0367070190403
653.0 -5.48103646549 0.0373633177705
656.0 -5.4753636539 0.0364706469693
659.0 -5.47016520858 0.034251638814
662.0 -5.46835557551 0.0352721261243
665.0 -5.46356254768 0.0352135199901
668.0 -5.45617020618 0.0361198505895
671.0 -5.45052397059 0.0361611456053
674.0 -5.44645865347 0.0355853618929
677.0 -5.43996897604 0.0350594928269
680.0 -5.43368275773 0.0350413961168
683.0 -5.43046664533 0.0374467545736
686.0 -5.42652444902 0.0375026419929
689.0 -5.42085315018 0.0379970818109
692.0 -5.41613056238 0.0391255043565
695.0 -5.41098222033 0.0382955212179
698.0 -5.40587731172 0.0377176636342
701.0 -5.40155127972 0.0376332081551
704.0 -5.39524122165 0.0369024299838
707.0 -5.39294632587 0.0363506102842
710.0 -5.38798152166 0.0355938238381
713.0 -5.38391850427 0.0362037079412
716.0 -5.37936866207 0.0354225157794
719.0 -5.37716629878 0.0353339396456
722.0 -5.37201628928 0.0355700277491
725.0 -5.36513683251 0.0351915468485
728.0 -5.36140160489 0.0349698146146
731.0 -5.35592129111 0.0355487187602
734.0 -5.35200433387 0.035955289387
737.0 -5.34631849886 0.036544564409
740.0 -5.34130661237 0.0357877717445
743.0 -5.33421851786 0.0352566096158
746.0 -5.33189609422 0.0352188322398
749.0 -5.32798066445 0.0347460045878
752.0 -5.3236842033 0.0344754482243
755.0 -5.31822568613 0.0338533348661
758.0 -5.31515356916 0.0331530676336
761.0 -5.31143830899 0.0344403557902
764.0 -5.30663038594 0.0342805974203
767.0 -5.30085166388 0.034048792936
770.0 -5.29613124999 0.0341635896395
773.0 -5.29393370508 0.0337272377016
776.0 -5.28879019224 0.0334630320567
779.0 -5.28517528318 0.033018562697
782.0 -5.27994299263 0.0333951535902
785.0 -5.27532528921 0.0339399479471
788.0 -5.27066810086 0.0342709794265
791.0 -5.26822183881 0.033468631016
794.0 -5.26501425138 0.0333338933291
797.0 -5.25895453104 0.0334881297821
800.0 -5.25489237282 0.0329815833196
803.0 -5.25000234659 0.0329392102353
806.0 -5.24668598956 0.0344696067035
809.0 -5.24421743257 0.0336580408549
812.0 -5.23915741313 0.0336086443937
815.0 -5.23469059833 0.0332300708698
818.0 -5.23228174728 0.0331869557716
821.0 -5.2306832452 0.0323155735668
824.0 -5.22889311284 0.0322134136273
827.0 -5.22671282761 0.0315712417353
830.0 -5.22237052532 0.031302100059
833.0 -5.21773234404 0.0306748456958
836.0 -5.21532663513 0.0301881960503
839.0 -5.2116291857 0.0310330559091
842.0 -5.20729960087 0.0303437124217
845.0 -5.20243523522 0.0307503710604
848.0 -5.19900438101 0.0308803830508
851.0 -5.19611536984 0.0310677449628
854.0 -5.19296415642 0.0308393958312
857.0 -5.19013561076 0.0312731327465
860.0 -5.18609247804 0.0312528626622
863.0 -5.18370613314 0.0319120689014
866.0 -5.17842409809 0.0327618661876
869.0 -5.17555730497 0.0331759192289
872.0 -5.1707269704 0.0322916450002
875.0 -5.16735582527 0.0313698411821
878.0 -5.16280143067 0.0314699921705
881.0 -5.15791707375 0.0308433372448
884.0 -5.1540599993 0.0309611680413
887.0 -5.15059998102 0.0301227880327
890.0 -5.14782860105 0.0311303197432
893.0 -5.14256156328 0.0316851033541
896.0 -5.13878766899 0.0320277332743
899.0 -5.1340951248 0.0321484835509
902.0 -5.13148342471 0.0311336310599
905.0 -5.12780327314 0.0297159440141
908.0 -5.12559884048 0.029860305607
911.0 -5.12213620829 0.0300138323295
914.0 -5.11958389186 0.0299197501645
917.0 -5.11631161849 0.0300063402846
920.0 -5.11248849449 0.0290583934327
923.0 -5.1085539945 0.0292001938483
926.0 -5.10475236544 0.0288481081551
929.0 -5.10225453671 0.0282166296714
932.0 -5.10012921875 0.0272689303043
935.0 -5.09675670149 0.0268909323446
938.0 -5.09337444355 0.0268708385484
941.0 -5.08915939861 0.0267880190441
944.0 -5.08507651048 0.0274415710223
947.0 -5.0817614597 0.0268983288091
950.0 -5.0802457804 0.0277130049062
953.0 -5.07795401493 0.0272047945813
956.0 -5.0754758148 0.027764354186
959.0 -5.07189251077 0.0278473540497
962.0 -5.06904506056 0.0278909877395
965.0 -5.06478872367 0.0265786803891
968.0 -5.06159035619 0.0265366599275
971.0 -5.06049526176 0.0264325290864
974.0 -5.0569364491 0.0258884056336
977.0 -5.05508076127 0.0257644871284
980.0 -5.05332013184 0.0269552852618
983.0 -5.0512461152 0.0275743784139
986.0 -5.05011127978 0.0268225638723
989.0 -5.04731327757 0.0270289199845
992.0 -5.04448068123 0.0264858856148
995.0 -5.04221254602 0.0265658332489
998.0 -5.03969780358 0.0283390552469
