4.0 -8.80316842722 0.795869233449
9.0 -8.08174264625 0.292264409442
14.0 -7.01753014336 0.476633194296
19.0 -6.26639904166 0.618570659976
24.0 -5.85053477118 0.482829283298
29.0 -5.5012833511 0.491710946398
34.0 -5.30319436337 0.50492877906
39.0 -5.03371309981 0.467908233876
44.0 -4.9207908585 0.370422751482
49.0 -4.82831683445 0.261627701335
54.0 -4.7468713411 0.226178758882
59.0 -4.63020094413 0.224379294578
64.0 -4.54986333794 0.229672995474
69.0 -4.49209185379 0.186656902752
74.0 -4.3860528579 0.154602888911
79.0 -4.30782765118 0.128120156642
84.0 -4.2452344968 0.119703232695
89.0 -4.15751570548 0.122745324091
94.0 -4.05863044668 0.107365252808
99.0 -4.00978303396 0.0797566842157
104.0 -3.9473590629 0.0806513187642
109.0 -3.87981051528 0.0836345553266
114.0 -3.83155184937 0.0814254407312
119.0 -3.7823754467 0.0834958590936
124.0 -3.72677081675 0.0938189948883
129.0 -3.68300896652 0.0891963913518
134.0 -3.65896103317 0.0837699269966
139.0 -3.60785689817 0.0735841536977
144.0 -3.57523640086 0.0791613742294
149.0 -3.54655888931 0.0732445049693
154.0 -3.51861604828 0.0693300151541
159.0 -3.49505104018 0.0651320661352
164.0 -3.46309680071 0.0775550670367
169.0 -3.42046284112 0.0714028476314
174.0 -3.41151945498 0.0618443387784
179.0 -3.3903718016 0.0662911638091
184.0 -3.35570890254 0.0608437216385
189.0 -3.32736299324 0.0564453321621
194.0 -3.30721693119 0.0508172145566
199.0 -3.28155610478 0.0405651559944
204.0 -3.26763094881 0.03687876333
209.0 -3.25800768654 0.0347489543456
214.0 -3.24277109737 0.0370744055716
219.0 -3.22022345396 0.0276453176533
224.0 -3.20668974861 0.0234551348328
229.0 -3.1840899968 0.024915873547
234.0 -3.17197437414 0.0212317795668
239.0 -3.1590993202 0.0254789832128
244.0 -3.15723802065 0.0216693252209
249.0 -3.15913795635 0.0201073927385
254.0 -3.14036549887 0.0208735644345
259.0 -3.12007241202 0.0150598309708
264.0 -3.09712459361 0.0159543882783
269.0 -3.08936139373 0.0128624627735
274.0 -3.07844693837 0.0143300630638
279.0 -3.07468550457 0.0202624544073
284.0 -3.0686834719 0.0122447122772
289.0 -3.05519260906 0.0139958248411
294.0 -3.05082642266 0.0121965030367
299.0 -3.0374037772 0.0122849895304
304.0 -3.02503093876 0.0143147924323
309.0 -3.00764220512 0.0190817196256
314.0 -2.99809771141 0.0190985157781
319.0 -2.99157059751 0.020492544658
324.0 -2.9821971289 0.0216112394631
329.0 -2.97151940664 0.0237608534147
334.0 -2.96429428082 0.027469092787
339.0 -2.9605767132 0.0229473417244
344.0 -2.9537108951 0.0285265168013
349.0 -2.9458218432 0.0323069386585
354.0 -2.93840567965 0.0393029682801
359.0 -2.92907731141 0.03987355524
364.0 -2.92917436856 0.0408651242685
369.0 -2.91338262373 0.0413187432435
374.0 -2.90575996285 0.0491458353423
379.0 -2.90802328842 0.0437741807897
384.0 -2.90586148736 0.0412692829812
389.0 -2.89752873353 0.0376792168876
394.0 -2.89141237125 0.0362140165455
399.0 -2.88371403627 0.0343648907033
404.0 -2.87986115866 0.0341313557534
409.0 -2.88452188769 0.0368302546579
414.0 -2.88236575204 0.0378265426654
419.0 -2.87464167385 0.0363725000829
424.0 -2.87173865432 0.038211121461
429.0 -2.87503897979 0.0365207767224
434.0 -2.87168824445 0.0349253968366
439.0 -2.86194965397 0.0360002511125
444.0 -2.85104521824 0.0396669230608
449.0 -2.84653724187 0.0371712486992
454.0 -2.84169722379 0.0352175177232
459.0 -2.83768714641 0.0309679188395
464.0 -2.83522181321 0.0307473705592
469.0 -2.83520930033 0.035290436369
474.0 -2.82941701991 0.0347135032726
479.0 -2.82732981964 0.0376107593296
484.0 -2.82502702807 0.0407234870634
489.0 -2.82556968839 0.0497615766726
494.0 -2.82260247279 0.0495806247075
499.0 -2.8199814616 0.0490771302289
504.0 -2.82032530972 0.0441662236761
509.0 -2.81721743045 0.043506219459
514.0 -2.81510462125 0.0417896282195
519.0 -2.81538449106 0.0367663492392
524.0 -2.80842391198 0.0399466259727
529.0 -2.80491836521 0.0387067088698
534.0 -2.79913307378 0.0367296077928
539.0 -2.79864380182 0.0377529663458
544.0 -2.78975407239 0.0354001564598
549.0 -2.78726712455 0.0341365666405
554.0 -2.78600477419 0.0392847666176
559.0 -2.7831884937 0.0382115618995
564.0 -2.78437898063 0.0396692314218
569.0 -2.78263222515 0.0416648941265
574.0 -2.77752804396 0.0418231386016
579.0 -2.77382574613 0.0437853526397
584.0 -2.7742004391 0.0429577790839
589.0 -2.76675208936 0.0423146319362
594.0 -2.7615047979 0.0421542565377
599.0 -2.75948865569 0.0451693418854
604.0 -2.75545934232 0.045537640614
609.0 -2.75916298463 0.0410475352562
614.0 -2.75882381407 0.0396156045008
619.0 -2.75807730381 0.0401667035056
624.0 -2.75958368642 0.0400225434607
629.0 -2.75610668439 0.0416413789164
634.0 -2.75715529984 0.0412947795614
639.0 -2.7530383775 0.042851917434
644.0 -2.75436067635 0.0430359343525
649.0 -2.75204620268 0.0428854150272
654.0 -2.74782136899 0.0433712317001
659.0 -2.74401446634 0.0418064991815
664.0 -2.73954354954 0.0422660105897
669.0 -2.73756097892 0.0414053549797
674.0 -2.73298657997 0.0420632775375
679.0 -2.734624318 0.0429440415492
684.0 -2.73925770508 0.0454892980381
689.0 -2.73524910664 0.0446976303905
694.0 -2.73722066672 0.0473410338214
699.0 -2.73633291402 0.0487766881478
704.0 -2.73197651264 0.046613090452
709.0 -2.72844585487 0.0496700603246
714.0 -2.72801978306 0.0472773736065
719.0 -2.73044887368 0.046063375865
724.0 -2.72523473256 0.0430134205227
729.0 -2.72193219874 0.0427231357714
734.0 -2.71982647831 0.040961573247
739.0 -2.71637099524 0.0419160475952
744.0 -2.71531514473 0.0443308436106
749.0 -2.71748122541 0.0453206032137
754.0 -2.72243245418 0.0438083829581
759.0 -2.71936760393 0.0403273248411
764.0 -2.71940981767 0.0414158830321
769.0 -2.71838912283 0.0409317725539
774.0 -2.71733853418 0.0410568533967
779.0 -2.71565890585 0.0413109936677
784.0 -2.71359521921 0.0398747112261
789.0 -2.71281921408 0.0392847745779
794.0 -2.71060089556 0.0380906046067
799.0 -2.70784355745 0.0368244142068
804.0 -2.70570184652 0.0372905190539
809.0 -2.70473387617 0.0372006274672
814.0 -2.70522996064 0.036590721154
819.0 -2.70438475471 0.0374099595655
824.0 -2.70399119983 0.0370821697439
829.0 -2.70290225675 0.0385602704028
834.0 -2.70127996024 0.039153149591
839.0 -2.69877663415 0.0412895741272
844.0 -2.69739515293 0.0410556495312
849.0 -2.69814390447 0.0407077098224
854.0 -2.69747087132 0.0423302089357
859.0 -2.69566526081 0.0447755623635
864.0 -2.69254458939 0.0434131805645
869.0 -2.69374213429 0.0428381271087
874.0 -2.69142672413 0.0421367166238
879.0 -2.69415022777 0.0424133588832
884.0 -2.69219551519 0.0432049095274
889.0 -2.69252364682 0.0414945622879
894.0 -2.69287916747 0.0426710904269
899.0 -2.69187725555 0.0430753517283
904.0 -2.69006169221 0.0435088815316
909.0 -2.68639554823 0.0411458309801
914.0 -2.68277106492 0.0410909339491
919.0 -2.68331135731 0.0401748281296
924.0 -2.68096112053 0.0388333176598
929.0 -2.68101828877 0.0391682681766
934.0 -2.68005227525 0.0400453909459
939.0 -2.67824172852 0.0393161990192
944.0 -2.67889262107 0.0391408794999
949.0 -2.67641231853 0.0396587689389
954.0 -2.67513329799 0.0387710111566
959.0 -2.67273156672 0.0387142867128
964.0 -2.66832967685 0.039248370197
969.0 -2.66849434166 0.0401481410712
974.0 -2.66700796209 0.0385073391038
979.0 -2.66430211959 0.0382084128035
984.0 -2.66441908514 0.0381504496601
989.0 -2.66360432333 0.0365242505152
994.0 -2.66307830153 0.0377706910433
999.0 -2.660937272 0.0365319919302
