2.0 -9.99897630194 0.00168251328431
5.0 -9.45874304922 0.411405099095
8.0 -9.61844554062 0.258118324582
11.0 -9.57004754429 0.278232274411
14.0 -9.51045463711 0.272753732889
17.0 -9.49896460326 0.237345332697
20.0 -9.43495097326 0.234496480471
23.0 -9.36318666924 0.200004853444
26.0 -9.3003700493 0.166888905049
29.0 -9.2578337311 0.184597665113
32.0 -9.19483201779 0.170891196058
35.0 -9.10574721667 0.157594010694
38.0 -9.02850638203 0.217501590571
41.0 -8.9338512768 0.192579224491
44.0 -8.92749118109 0.178147864198
47.0 -8.88024434858 0.200573169926
50.0 -8.79920055578 0.217297960138
53.0 -8.73270826859 0.207589395054
56.0 -8.62763165574 0.189676604322
59.0 -8.55915405368 0.158381709347
62.0 -8.51856661282 0.155002070448
65.0 -8.49559699944 0.146761314748
68.0 -8.47039182974 0.156899415474
71.0 -8.38658044447 0.135779674913
74.0 -8.31223303942 0.132232889338
77.0 -8.20919313962 0.105733970979
80.0 -8.1299292982 0.112941970751
83.0 -8.0625870235 0.122836394399
86.0 -8.00061001156 0.124521729459
89.0 -7.96799040987 0.135461771889
92.0 -7.92072658908 0.140104373299
95.0 -7.8792223787 0.135802151307
98.0 -7.79036433857 0.148641900424
101.0 -7.72888005122 0.143942383074
104.0 -7.68611911442 0.146257807982
107.0 -7.64132473929 0.136538400321
110.0 -7.60655991057 0.140253528612
113.0 -7.55669580446 0.140944252374
116.0 -7.53819780116 0.150369295186
119.0 -7.49016756511 0.153931116866
122.0 -7.4729473769 0.157919598503
125.0 -7.45218037817 0.162742711998
128.0 -7.41709856311 0.161731438144
131.0 -7.37995543785 0.155959914479
134.0 -7.35827351705 0.160918897947
137.0 -7.30842023784 0.165763898529
140.0 -7.26724447049 0.166389337636
143.0 -7.23582966927 0.161293164551
146.0 -7.207591754 0.157250076939
149.0 -7.16850885767 0.152043191844
152.0 -7.15119418797 0.145036289744
155.0 -7.12149354371 0.137223945907
158.0 -7.1183429131 0.136655408473
161.0 -7.09726755136 0.134084251327
164.0 -7.05628190226 0.135997052579
167.0 -7.03082639003 0.142124774029
170.0 -6.98947120054 0.141340819366
173.0 -6.95844899785 0.149348153906
176.0 -6.93445575871 0.154466313932
179.0 -6.90614746529 0.147657429732
182.0 -6.88814322411 0.13795088794
185.0 -6.87588991776 0.134834170772
188.0 -6.84524038964 0.128860475387
191.0 -6.83400102437 0.121269065698
194.0 -6.79717667835 0.112287829315
197.0 -6.79486938339 0.116334609543
200.0 -6.77875810634 0.111241506236
203.0 -6.76358998915 0.108768968079
206.0 -6.72763113635 0.10160198199
209.0 -6.70063186285 0.108476246845
212.0 -6.68750023898 0.101678252939
215.0 -6.67308634767 0.100065498218
218.0 -6.64642558641 0.0981490849659
221.0 -6.62760870181 0.0974598665228
224.0 -6.60922045144 0.100434045354
227.0 -6.59251352041 0.0997329668797
230.0 -6.56974402237 0.101508130363
233.0 -6.54485890862 0.0965889089605
236.0 -6.51820379976 0.0948359942994
239.0 -6.50326681801 0.0966874262225
242.0 -6.48286542094 0.10017924232
245.0 -6.46328358534 0.0943487207013
248.0 -6.44024266973 0.0939271937197
251.0 -6.42861818284 0.0891331996218
254.0 -6.40838305317 0.0950086811112
257.0 -6.38997064995 0.0896853341444
260.0 -6.36424208472 0.091720388258
263.0 -6.34741352553 0.0885630493188
266.0 -6.32867565654 0.0871982249395
269.0 -6.30668608274 0.0841433331713
272.0 -6.2889767388 0.0845795855786
275.0 -6.27377642379 0.0807853133207
278.0 -6.26038012207 0.0845022117815
281.0 -6.24330719344 0.0825252796843
284.0 -6.23128328977 0.0789984842824
287.0 -6.22208868208 0.0803013623245
290.0 -6.20838515174 0.0809686198838
293.0 -6.19722341571 0.0799426364294
296.0 -6.1804603841 0.077911024593
299.0 -6.16652865632 0.0783165060557
302.0 -6.15029328346 0.0767785959272
305.0 -6.14241319941 0.0769360229061
308.0 -6.12319230705 0.0756764110611
311.0 -6.11064671161 0.0739935490346
314.0 -6.10375879882 0.0773215622591
317.0 -6.09551969191 0.0746386591628
320.0 -6.08454042885 0.070817313718
323.0 -6.07643811197 0.0715570748799
326.0 -6.06565629272 0.0663907468879
329.0 -6.05402590091 0.0610395769124
332.0 -6.04249317646 0.0632608242333
335.0 -6.03474166352 0.0639877831747
338.0 -6.028689941 0.0635743433543
341.0 -6.02185519322 0.0634365444747
344.0 -6.00775077952 0.0572476704618
347.0 -5.99514241465 0.0574038474635
350.0 -5.98621384304 0.057479763238
353.0 -5.97605797544 0.0594246054926
356.0 -5.96521149169 0.0592191941151
359.0 -5.95006163015 0.0592907887106
362.0 -5.93675631521 0.0597686608894
365.0 -5.9272016648 0.0585121711433
368.0 -5.9153237183 0.0604283649761
371.0 -5.90373466286 0.0589433747876
374.0 -5.89454355023 0.0589012395338
377.0 -5.88607937375 0.0562509912407
380.0 -5.8772848112 0.0565855707368
383.0 -5.87077049839 0.0541732559182
386.0 -5.86391583769 0.0510805093623
389.0 -5.8552059008 0.0531062312805
392.0 -5.84446379165 0.0528797853053
395.0 -5.83186361213 0.0531801550556
398.0 -5.82399918064 0.0492223989772
401.0 -5.82231023514 0.051266098301
404.0 -5.81137365595 0.0500489403034
407.0 -5.80165807972 0.0474447279365
410.0 -5.79288589471 0.0453957077328
413.0 -5.78585680195 0.0438285054259
416.0 -5.7771768514 0.0438260874629
419.0 -5.76883570766 0.0421669283908
422.0 -5.76251474098 0.0441094425746
425.0 -5.75860315002 0.0444907766594
428.0 -5.75345524334 0.0444367027141
431.0 -5.74599146777 0.0439112742343
434.0 -5.73816520135 0.0457902477504
437.0 -5.73140096042 0.0447821808269
440.0 -5.72237726015 0.042445598039
443.0 -5.71273777363 0.0413504169705
446.0 -5.70478537544 0.0408670674611
449.0 -5.69745039578 0.041625223971
452.0 -5.68835710395 0.0395968914461
455.0 -5.68583582168 0.0381493650015
458.0 -5.67737459553 0.0388656782655
461.0 -5.66723091284 0.0390491552625
464.0 -5.65933089783 0.0400170623783
467.0 -5.6553000033 0.0428303007052
470.0 -5.64766960824 0.0432278124335
473.0 -5.63906080901 0.0440758532464
476.0 -5.62897236047 0.0436888123848
479.0 -5.62233381973 0.0433586622566
482.0 -5.61678101535 0.0422500649442
485.0 -5.6093306806 0.0418716724491
488.0 -5.60478012498 0.0410724812372
491.0 -5.59367320234 0.0411297429135
494.0 -5.58758263408 0.0406143752872
497.0 -5.58270809514 0.0396655375356
500.0 -5.57961744261 0.0387319651907
503.0 -5.57278658618 0.0386582344452
506.0 -5.56823331789 0.0360893424075
509.0 -5.55840558016 0.0357004753074
512.0 -5.5511469448 0.0352396158794
515.0 -5.5459846878 0.0334029269033
518.0 -5.53908721013 0.0321938694762
521.0 -5.53427911391 0.0322090340266
524.0 -5.52513251543 0.0314690037561
527.0 -5.51902884984 0.0304674796371
530.0 -5.5094756312 0.0306252575074
533.0 -5.50570574465 0.0331340129928
536.0 -5.49836682935 0.0345146648681
539.0 -5.49524636619 0.0340417732501
542.0 -5.4879066779 0.0347591858126
545.0 -5.47845717548 0.0350575649274
548.0 -5.4741671413 0.0342772158565
551.0 -5.4725690005 0.0323793903936
554.0 -5.46496150888 0.0322829703488
557.0 -5.4593336099 0.0316925244635
560.0 -5.45379972298 0.0322293056855
563.0 -5.44665199223 0.0316488310311
566.0 -5.44258834517 0.0313616826416
569.0 -5.43867103653 0.0309057908906
572.0 -5.43257509801 0.0300485416199
575.0 -5.42674134699 0.0299756122764
578.0 -5.41982712379 0.0292118702197
581.0 -5.4126330991 0.0301987653622
584.0 -5.40857162963 0.0322276020441
587.0 -5.40406454722 0.0319110146683
590.0 -5.39737145604 0.0314294129822
593.0 -5.39467674462 0.0306445127195
596.0 -5.39574185345 0.0292764964528
599.0 -5.39217918099 0.0303010474346
602.0 -5.38467048442 0.0305434092685
605.0 -5.37805615495 0.0319209769581
608.0 -5.37224192005 0.0325798110629
611.0 -5.36847691449 0.0326862740536
614.0 -5.36433683593 0.0330251036403
617.0 -5.36028889841 0.0345728530788
620.0 -5.35588352992 0.0358755258055
623.0 -5.3529092314 0.0349369162205
626.0 -5.34865071538 0.0353275414602
629.0 -5.34446895238 0.0333718030894
632.0 -5.34086528467 0.0327056632589
635.0 -5.33631495019 0.0338316433098
638.0 -5.33021194692 0.0354012497326
641.0 -5.32451414276 0.0356456813985
644.0 -5.31977696624 0.0360892019585
647.0 -5.31564447328 0.0365746495084
650.0 -5.31130112322 0.0345768189248
653.0 -5.30478215636 0.0342601755829
656.0 -5.30018370952 0.0327832345033
659.0 -5.2958449233 0.033625374942
662.0 -5.28668045753 0.0326939794861
665.0 -5.28036315246 0.0332438869338
668.0 -5.27691218409 0.0337808557645
671.0 -5.2727178253 0.0337561301286
674.0 -5.26640201818 0.0323145618214
677.0 -5.26228202071 0.032880424012
680.0 -5.25812481425 0.031777414039
683.0 -5.25529491403 0.031432446295
686.0 -5.2518400924 0.0319108982623
689.0 -5.24867955317 0.0314395876082
692.0 -5.24570055436 0.0300800743091
695.0 -5.24295248943 0.0289848397761
698.0 -5.24106584217 0.0290730216665
701.0 -5.23662657517 0.0296005160385
704.0 -5.23224155336 0.0295386426819
707.0 -5.22843503007 0.0296604282739
710.0 -5.22391218362 0.0296553440017
713.0 -5.22201802929 0.0300367617005
716.0 -5.21902721034 0.0284636341334
719.0 -5.21472956116 0.029674878807
722.0 -5.21027295474 0.0304890504447
725.0 -5.20795035369 0.03129467398
728.0 -5.20358489299 0.0302957426035
731.0 -5.19922946039 0.028510563399
734.0 -5.19407224281 0.0271311166486
737.0 -5.18928075177 0.0277991091942
740.0 -5.18604061175 0.0277496000693
743.0 -5.18098107257 0.0271503812988
746.0 -5.17991763089 0.0259697215119
749.0 -5.17737602042 0.0254058261236
752.0 -5.17199709119 0.0239888140307
755.0 -5.16770060014 0.023650119357
758.0 -5.16439097258 0.0243195025449
761.0 -5.15974377945 0.0251367948007
764.0 -5.1571577719 0.0236402808394
767.0 -5.15292516388 0.0240872412777
770.0 -5.14649560994 0.0235955747882
773.0 -5.14296168463 0.0240403156641
776.0 -5.13922078097 0.0234340239891
779.0 -5.1358899933 0.0244199838161
782.0 -5.13347360029 0.0233809294378
785.0 -5.13052306114 0.0242679851543
788.0 -5.12567571063 0.0241902458654
791.0 -5.12116309581 0.0248789175003
794.0 -5.11747417075 0.0250786184143
797.0 -5.11494162725 0.0231023850636
800.0 -5.11078535668 0.0230560211188
803.0 -5.10628387871 0.0231887460464
806.0 -5.10537426088 0.0231210082818
809.0 -5.1013693828 0.0234755662639
812.0 -5.10000432841 0.0231829258647
815.0 -5.09723134057 0.0233470013128
818.0 -5.09569002549 0.0225988841961
821.0 -5.0919071379 0.0215167029933
824.0 -5.0878001101 0.0213288930339
827.0 -5.08246813976 0.0216088632971
830.0 -5.07990980141 0.0222509969897
833.0 -5.07587804039 0.0214533474655
836.0 -5.07236279583 0.0211442965082
839.0 -5.06863362728 0.0214133018495
842.0 -5.06391702037 0.0214924437267
845.0 -5.06042060076 0.021008685037
848.0 -5.05909561374 0.0211911963658
851.0 -5.05733359503 0.0212400707521
854.0 -5.05369188816 0.0208938510846
857.0 -5.04976490545 0.021424334263
860.0 -5.04560999701 0.0214742273184
863.0 -5.04319833033 0.0214200252647
866.0 -5.03946516367 0.0202632719502
869.0 -5.03486311971 0.0207234616819
872.0 -5.03102558507 0.0200480209051
875.0 -5.02670827666 0.0210898424415
878.0 -5.02447016863 0.0207582641467
881.0 -5.02296828767 0.0205756533841
884.0 -5.01989363599 0.0208612760963
887.0 -5.01717902753 0.0202122452194
890.0 -5.0126906193 0.019967012841
893.0 -5.01088299442 0.018701484625
896.0 -5.00626098686 0.0185356075163
899.0 -5.00275689234 0.0185100977415
902.0 -4.99930013592 0.0185623376301
905.0 -4.99684944116 0.0181177260542
908.0 -4.99364108086 0.0172239590363
911.0 -4.98946560361 0.0170925093845
914.0 -4.98468351193 0.0170279393208
917.0 -4.98194465251 0.0178242740621
920.0 -4.98109399771 0.0179413545525
923.0 -4.97822541699 0.0173152670189
926.0 -4.97631955816 0.0163440259619
929.0 -4.97386519673 0.0153015584782
932.0 -4.9730473014 0.0152036503676
935.0 -4.97023480174 0.0141397949751
938.0 -4.96720433208 0.0140989882622
941.0 -4.96453655186 0.0144299146976
944.0 -4.96080538777 0.0134944379656
947.0 -4.95756183841 0.0132757988842
950.0 -4.95591573913 0.0141545605262
953.0 -4.95319502579 0.0136872747442
956.0 -4.95148215796 0.0133089325702
959.0 -4.94864491666 0.0133190269906
962.0 -4.94583176719 0.0128435025129
965.0 -4.94439709968 0.0133292496293
968.0 -4.9413039891 0.0131079951208
971.0 -4.93883965118 0.0124158421017
974.0 -4.93723546542 0.0129200442449
977.0 -4.93574431582 0.012873125627
980.0 -4.93460885997 0.0133097471178
983.0 -4.93377617308 0.0138141303756
986.0 -4.93069308679 0.0136190394887
989.0 -4.92938514563 0.0130022117574
992.0 -4.92597665357 0.0127974199186
995.0 -4.92372923149 0.0129141171052
998.0 -4.9209853963 0.0123424987964
