2.0 -3.68255135928 1.15513608113
5.0 -2.70378697897 0.55401296408
8.0 -2.80954722489 0.353311744263
11.0 -2.83151248061 0.244906710911
14.0 -2.73248535153 0.233128113116
17.0 -2.5579717945 0.184193625265
20.0 -2.31807193441 0.160919107283
23.0 -2.12435516431 0.134176722571
26.0 -1.97974110689 0.132667599374
29.0 -1.84832588267 0.117720743715
32.0 -1.73788624026 0.110776464555
35.0 -1.65082066642 0.115994763488
38.0 -1.59001185783 0.10509534258
41.0 -1.53233693253 0.0961162284542
44.0 -1.48684495159 0.09129781193
47.0 -1.46661693728 0.0871122217317
50.0 -1.41887264831 0.0831478093534
53.0 -1.37030867336 0.0840215926953
56.0 -1.32887184508 0.0842533828733
59.0 -1.27963799163 0.0803317538788
62.0 -1.25293996565 0.0747967831561
65.0 -1.22856651269 0.0721493941061
68.0 -1.19496665317 0.0672471368542
71.0 -1.17615244119 0.0680325387165
74.0 -1.15443987294 0.0643068107854
77.0 -1.14311588733 0.0582337417924
80.0 -1.12311267792 0.0591845403648
83.0 -1.1047635888 0.0516816994207
86.0 -1.08684900272 0.0523798884952
89.0 -1.08007482796 0.0501817605243
92.0 -1.065170214 0.0492194089909
95.0 -1.05183947997 0.0492981905616
98.0 -1.03151415266 0.0479654394827
101.0 -1.01981211213 0.0455778672543
104.0 -1.01386386064 0.042135963243
107.0 -1.01132825537 0.0402028288952
110.0 -0.99672178229 0.0406196726635
113.0 -0.98491822733 0.0418041934468
116.0 -0.967910154053 0.0427352546635
119.0 -0.961240150169 0.0445132686545
122.0 -0.949689535448 0.045229201248
125.0 -0.944646150233 0.0453784896511
128.0 -0.940793648132 0.041641301989
131.0 -0.935729671458 0.0374470601353
134.0 -0.936161496996 0.0392794013565
137.0 -0.934593262489 0.0392442217471
140.0 -0.923864965305 0.0415890995359
143.0 -0.915551205704 0.042130429895
146.0 -0.914514972958 0.0418629580136
149.0 -0.906236147999 0.0400842352905
152.0 -0.902613664217 0.0389756567736
155.0 -0.89476835576 0.0354064068243
158.0 -0.88802074026 0.0344346203289
161.0 -0.883856604501 0.0362132683826
164.0 -0.877053850649 0.0349385273679
167.0 -0.8746326873 0.0320875509198
170.0 -0.874090506188 0.0318321471859
173.0 -0.870031133248 0.0311860005198
176.0 -0.867091552981 0.0301500651465
179.0 -0.868389155191 0.0295311373174
182.0 -0.867166956329 0.0313417284478
185.0 -0.8628345192 0.0325309363624
188.0 -0.857097798148 0.0314431097647
191.0 -0.854943953627 0.0303299664973
194.0 -0.852472467934 0.0294882528458
197.0 -0.849652167315 0.028643326008
200.0 -0.84711193026 0.0292312611552
203.0 -0.847676375536 0.0304271820983
206.0 -0.842891150296 0.0290040614166
209.0 -0.846355087678 0.0297213339113
212.0 -0.848338098873 0.0280415676159
215.0 -0.845358751193 0.0261066408138
218.0 -0.845359235434 0.0263330543701
221.0 -0.8396015823 0.0258779040962
224.0 -0.835950262407 0.0258018868774
227.0 -0.840510831626 0.0249744053132
230.0 -0.84201760734 0.0256951494934
233.0 -0.841460611226 0.0273373675488
236.0 -0.84364427834 0.0259093367189
239.0 -0.845598914633 0.0275456831903
242.0 -0.844668950628 0.0285894909681
245.0 -0.839609553459 0.028056291332
248.0 -0.839115376309 0.0301275263598
251.0 -0.84231573581 0.0276845354405
254.0 -0.839349945087 0.0262409573565
257.0 -0.836392906463 0.0257451110457
260.0 -0.838116344955 0.025494869223
263.0 -0.834017541158 0.0257172892642
266.0 -0.83152011161 0.026960182139
269.0 -0.831374736928 0.0273829463981
272.0 -0.828219567704 0.0287543028377
275.0 -0.831131552585 0.0281631779803
278.0 -0.826707961599 0.0281221432064
281.0 -0.825118714517 0.0261403142109
284.0 -0.826269861258 0.0265386112806
287.0 -0.823239482601 0.0279783274515
290.0 -0.823619980116 0.0272513282031
293.0 -0.82131453198 0.0256547203419
296.0 -0.81991576676 0.0261830193896
299.0 -0.820621385397 0.0252656059492
302.0 -0.819070962243 0.0254237261641
305.0 -0.818886359634 0.0259934101254
308.0 -0.818671506633 0.0251251796643
311.0 -0.81507134302 0.0242911830221
314.0 -0.814272745938 0.0243535635189
317.0 -0.813222846135 0.0246562969872
320.0 -0.811506580816 0.0241551828556
323.0 -0.811667088227 0.0247783680436
326.0 -0.810181864047 0.024613272969
329.0 -0.807186312371 0.0248796179725
332.0 -0.804465296953 0.0242458356695
335.0 -0.804892066342 0.023887257028
338.0 -0.804505746227 0.0236192311171
341.0 -0.801586874026 0.0238301556075
344.0 -0.802426629089 0.0243749639119
347.0 -0.800963443666 0.023446545879
350.0 -0.800835445317 0.0216961183724
353.0 -0.800107253276 0.0218470726732
356.0 -0.800450833624 0.0217379041215
359.0 -0.800028985685 0.0216776945998
362.0 -0.797771086005 0.0212738899355
365.0 -0.796073341089 0.020923793093
368.0 -0.795048039642 0.0216380592055
371.0 -0.79595777125 0.0230930799641
374.0 -0.794244935457 0.0229243129417
377.0 -0.794006188684 0.0229058203864
380.0 -0.792211402983 0.0223447071245
383.0 -0.790933459405 0.0229576557777
386.0 -0.789955644011 0.0216457526155
389.0 -0.788677650028 0.0210769806016
392.0 -0.789494588235 0.0219545166537
395.0 -0.786007057416 0.0210915837965
398.0 -0.785617808239 0.0205547907179
401.0 -0.783483283716 0.0197548421791
404.0 -0.785266373643 0.018740257699
407.0 -0.783676315495 0.0195563384244
410.0 -0.781445424495 0.0188978731593
413.0 -0.781083637348 0.0177179348066
416.0 -0.778862098879 0.0176429727054
419.0 -0.776808844537 0.0179322782608
422.0 -0.774291461541 0.0178031954137
425.0 -0.775512291865 0.0171206536399
428.0 -0.774625119896 0.0163981555577
431.0 -0.771914166731 0.0163046207966
434.0 -0.77427108598 0.0167139018342
437.0 -0.77284694497 0.0164579679019
440.0 -0.77051947613 0.017092183068
443.0 -0.772222319818 0.016261443767
446.0 -0.771461142371 0.0176639657332
449.0 -0.769467172398 0.0179658815609
452.0 -0.768523403956 0.0175975589847
455.0 -0.766812860034 0.0176432854487
458.0 -0.763953625342 0.0176745043718
461.0 -0.763290744325 0.0184498122174
464.0 -0.760969115296 0.0181794472502
467.0 -0.759953565207 0.017793375525
470.0 -0.758943996996 0.0175945202366
473.0 -0.758343352772 0.0175675136539
476.0 -0.757327265942 0.017327604742
479.0 -0.757069682003 0.0174756632304
482.0 -0.755775208312 0.0170706212191
485.0 -0.75494285932 0.0168904078982
488.0 -0.753664149492 0.0169544820274
491.0 -0.75375451851 0.0163583222541
494.0 -0.752399365931 0.0158036443852
497.0 -0.753028563101 0.0170195602439
500.0 -0.752894028086 0.0181470754213
503.0 -0.751096539756 0.0176327829933
506.0 -0.751888295809 0.0178433058857
509.0 -0.75040547499 0.017893180879
512.0 -0.749277388933 0.0184625172074
515.0 -0.748451766014 0.0173728048349
518.0 -0.749225913386 0.0168581034036
521.0 -0.748837769058 0.0162576774996
524.0 -0.74788501986 0.0165757804384
527.0 -0.747355400116 0.0160751672967
530.0 -0.747850472465 0.0168470389657
533.0 -0.747314063529 0.0175235355401
536.0 -0.745439680202 0.0174512092405
539.0 -0.744395742026 0.0168904737372
542.0 -0.743915188606 0.0165190744361
545.0 -0.743314654624 0.0171296742362
548.0 -0.743035891584 0.0176915389285
551.0 -0.742159768103 0.017241111484
554.0 -0.741297892102 0.0174473361387
557.0 -0.740341007748 0.0179088666866
560.0 -0.74020689196 0.0181649090925
563.0 -0.741033982637 0.0181046528346
566.0 -0.740777779388 0.0179390135516
569.0 -0.739092898941 0.0180456665556
572.0 -0.73923560942 0.0185631701812
575.0 -0.738589795173 0.0188014543929
578.0 -0.738914824547 0.0186062788264
581.0 -0.738275771315 0.0181853477771
584.0 -0.738236372116 0.017072709547
587.0 -0.739064341718 0.0166968479653
590.0 -0.738805617022 0.0166682025253
593.0 -0.739012487271 0.0161864018617
596.0 -0.738129721548 0.0161588376259
599.0 -0.736800493925 0.0155991315338
602.0 -0.736225982252 0.0151660167032
605.0 -0.736265582941 0.0151478585171
608.0 -0.736170223456 0.0156135292481
611.0 -0.735532875238 0.0156851542577
614.0 -0.734396869184 0.0156410875895
617.0 -0.735951089505 0.0144207210217
620.0 -0.735235391843 0.0154153409513
623.0 -0.735132696975 0.0153310785103
626.0 -0.734442981756 0.0149574313932
629.0 -0.733657229711 0.0147063483354
632.0 -0.734021054714 0.0143929923011
635.0 -0.733639709717 0.0143447765765
638.0 -0.732887342886 0.0147120769385
641.0 -0.733609611739 0.0151342528623
644.0 -0.733458550589 0.0150800553998
647.0 -0.734248345141 0.0154296173165
650.0 -0.734498667464 0.0154209961301
653.0 -0.734776496223 0.0158566011561
656.0 -0.734204486193 0.015559891583
659.0 -0.734276254983 0.0156964874702
662.0 -0.733914937156 0.0158285650606
665.0 -0.734578724194 0.0146878655844
668.0 -0.73426678926 0.0155491194301
671.0 -0.733697651738 0.014814394629
674.0 -0.732967678376 0.0148212546045
677.0 -0.733189387335 0.0149833370957
680.0 -0.732794166776 0.0154305203614
683.0 -0.733284493342 0.0153344952503
686.0 -0.73319194255 0.0149098725034
689.0 -0.733748778003 0.0147143669495
692.0 -0.734030608051 0.0142348236084
695.0 -0.733533157421 0.0142735707084
698.0 -0.7328159662 0.0141711535428
701.0 -0.732392813965 0.0129939058857
704.0 -0.732373578058 0.012762195928
707.0 -0.732843125689 0.0128246002957
710.0 -0.732371445388 0.0129403158258
713.0 -0.73198278573 0.0135127495103
716.0 -0.732427245871 0.0134376184851
719.0 -0.732797444491 0.0129520921784
722.0 -0.732651093992 0.0134804854372
725.0 -0.733030732098 0.0129615731977
728.0 -0.733995403157 0.0130583404301
731.0 -0.733500085621 0.0131724542461
734.0 -0.732972899242 0.0130038987471
737.0 -0.732795385282 0.013029380388
740.0 -0.734087577209 0.0119164164333
743.0 -0.733761394651 0.0123873565267
746.0 -0.733363499693 0.0125229012647
749.0 -0.733099997388 0.01233351484
752.0 -0.731964564613 0.0119613132643
755.0 -0.731131833652 0.0120330015474
758.0 -0.730578061703 0.0120330730021
761.0 -0.730053215683 0.0123657368701
764.0 -0.730669260885 0.0124836024644
767.0 -0.731117702795 0.0124854699787
770.0 -0.730442745984 0.0125821315753
773.0 -0.729689528223 0.0120496437675
776.0 -0.729164721003 0.0123461251474
779.0 -0.729284717993 0.0117472511191
782.0 -0.728647843348 0.0115141358213
785.0 -0.728215257496 0.0116095473881
788.0 -0.728181558431 0.0113112781847
791.0 -0.728253849957 0.0114033907538
794.0 -0.728581056616 0.0115279381398
797.0 -0.729202925571 0.0116932440424
800.0 -0.729940471418 0.0113350993139
803.0 -0.729040546641 0.0111011669521
806.0 -0.729261803348 0.011205677072
809.0 -0.729846516292 0.0106968807698
812.0 -0.728979304577 0.0106471136068
815.0 -0.729188304348 0.0106368708632
818.0 -0.728348871803 0.0104040495112
821.0 -0.728239635531 0.0106583413661
824.0 -0.727619389727 0.0104750883743
827.0 -0.727507128557 0.0105221995106
830.0 -0.72714483554 0.0108222941903
833.0 -0.727292168896 0.0111268734844
836.0 -0.726632029534 0.0114958290967
839.0 -0.726707784548 0.0120536620157
842.0 -0.726878119584 0.0115956658138
845.0 -0.726396465153 0.0116665201679
848.0 -0.726457004578 0.0114987503754
851.0 -0.726152220778 0.0117301025516
854.0 -0.725434419704 0.0120739940721
857.0 -0.725644525162 0.0120373842679
860.0 -0.724879591829 0.0120795119794
863.0 -0.724836293975 0.0122333014707
866.0 -0.725226846389 0.0124049529358
869.0 -0.724554967957 0.0119368424699
872.0 -0.725234104327 0.0123928886587
875.0 -0.726199847138 0.0119007260529
878.0 -0.725323413616 0.0125141505423
881.0 -0.724886340801 0.0121391824662
884.0 -0.724829548406 0.0123487018371
887.0 -0.725281595644 0.0119164731143
890.0 -0.724911392104 0.0114208838953
893.0 -0.724065207035 0.0114327086333
896.0 -0.724821583675 0.0115371851266
899.0 -0.724511126373 0.0112011395923
902.0 -0.723628253245 0.0107522363853
905.0 -0.723885437338 0.0103266460423
908.0 -0.723708402954 0.0102794649156
911.0 -0.724083377777 0.0105951215792
914.0 -0.72446484272 0.0103743284088
917.0 -0.725469290047 0.0104175431073
920.0 -0.725362423785 0.0102575856894
923.0 -0.724659482784 0.0101874911461
926.0 -0.724277216641 0.0105573579046
929.0 -0.724781657667 0.0109081037887
932.0 -0.72443999802 0.0116474798288
935.0 -0.724118508479 0.0118414159964
938.0 -0.724473527787 0.0119547716228
941.0 -0.723767545136 0.0117744986734
944.0 -0.723242677167 0.0117651891647
947.0 -0.722805218364 0.0117071070248
950.0 -0.723133967435 0.0114557964498
953.0 -0.722595627177 0.011059253366
956.0 -0.721983640139 0.0114010403965
959.0 -0.72157455301 0.0111215386128
962.0 -0.721365522557 0.0110478456386
965.0 -0.72117098066 0.0111898907657
968.0 -0.72083621898 0.0109289900161
971.0 -0.720757706179 0.0112764095617
974.0 -0.721432533106 0.0109186985558
977.0 -0.722186960054 0.0113155910806
980.0 -0.722328595519 0.0111098637256
983.0 -0.722597915444 0.0105608607933
986.0 -0.722780864807 0.0107985229546
989.0 -0.722511376018 0.0110218773816
992.0 -0.722446871307 0.0109556167756
995.0 -0.721950686131 0.0105013594193
998.0 -0.72198538783 0.0103963130531
