2.0 -2.28154109871 0.616149191614
5.0 -2.41432684505 0.315429664781
8.0 -2.17002133497 0.198604083003
11.0 -1.9020708056 0.144632712104
14.0 -1.69097121739 0.12309487158
17.0 -1.53212602929 0.110436944847
20.0 -1.45684348853 0.102148819137
23.0 -1.376445326 0.103541399045
26.0 -1.30758974643 0.0954795142747
29.0 -1.25360710808 0.0844216499216
32.0 -1.19460416897 0.0824290419327
35.0 -1.14477835708 0.0780407069475
38.0 -1.09984394133 0.0766296068181
41.0 -1.06118351991 0.0714490494887
44.0 -1.03004704024 0.0629442334996
47.0 -1.01269394096 0.0594267466034
50.0 -1.00474508814 0.0602982918343
53.0 -0.980701198075 0.0507304926727
56.0 -0.969347075451 0.0428122923585
59.0 -0.958346376699 0.0367645548734
62.0 -0.943235774894 0.0369011373923
65.0 -0.932651466402 0.0321657630048
68.0 -0.930193580852 0.0318389738321
71.0 -0.913309601124 0.0323500048341
74.0 -0.900668057098 0.0352334613767
77.0 -0.889791969867 0.0332342711647
80.0 -0.882811134634 0.0326502291168
83.0 -0.872479516405 0.0359260694873
86.0 -0.86754101319 0.0323253177665
89.0 -0.86041143869 0.035540915517
92.0 -0.855031421421 0.0354399564319
95.0 -0.853147205241 0.0390994658084
98.0 -0.846705778736 0.0419901504872
101.0 -0.838387785308 0.0413384822893
104.0 -0.829588137655 0.0404869763407
107.0 -0.825992293524 0.0421267531797
110.0 -0.827307379733 0.0449301480035
113.0 -0.836312730963 0.043582391338
116.0 -0.830317965978 0.0428239014134
119.0 -0.828300018783 0.0429914308601
122.0 -0.831285189708 0.0389239564017
125.0 -0.822897981518 0.0374010297031
128.0 -0.82042807144 0.0389054801069
131.0 -0.81547656113 0.0392463861408
134.0 -0.81384452143 0.040679043907
137.0 -0.808113354073 0.0404066029141
140.0 -0.804790145836 0.040819227649
143.0 -0.800061554093 0.0429010267615
146.0 -0.794144971723 0.0438543816549
149.0 -0.790904163873 0.0418588159756
152.0 -0.789606414227 0.0417842569023
155.0 -0.789696143453 0.0424010591559
158.0 -0.792103863399 0.0432743827662
161.0 -0.790048850699 0.044841860198
164.0 -0.786150506978 0.0421938343332
167.0 -0.787081989432 0.0430972799376
170.0 -0.787112093362 0.0442504201394
173.0 -0.781765430682 0.0445163328531
176.0 -0.78169349927 0.0434762746982
179.0 -0.777993201924 0.0420082335111
182.0 -0.777481325968 0.0423730775673
185.0 -0.776374798323 0.0397881142551
188.0 -0.773763401638 0.0389735767312
191.0 -0.772657170199 0.0367915723744
194.0 -0.769563174596 0.0367375822981
197.0 -0.772369102717 0.0392752865852
200.0 -0.767833566176 0.0377944445615
203.0 -0.76379482561 0.0395671691704
206.0 -0.764194106614 0.0398131350805
209.0 -0.764097188164 0.0390081590381
212.0 -0.762975744248 0.0377696176892
215.0 -0.759010332172 0.0367271087911
218.0 -0.75803145771 0.0349888969077
221.0 -0.759997953759 0.0358372669776
224.0 -0.762666041229 0.0345230683697
227.0 -0.761052513251 0.0341123285085
230.0 -0.759044448019 0.0305055257127
233.0 -0.755947114119 0.0312516311594
236.0 -0.754771784857 0.0311170404215
239.0 -0.751577616389 0.0318307563924
242.0 -0.751595249244 0.0337516194769
245.0 -0.755258843966 0.0352108954629
248.0 -0.753131445926 0.0333113657524
251.0 -0.751848092897 0.0337010859781
254.0 -0.755161626517 0.0336459517719
257.0 -0.752412658114 0.0336636354413
260.0 -0.75315370087 0.0320794534408
263.0 -0.75374302955 0.0298227838838
266.0 -0.752801976927 0.0287128371654
269.0 -0.753641153933 0.0305252486441
272.0 -0.751695579708 0.0307789480465
275.0 -0.752096917186 0.0308587378726
278.0 -0.754391355294 0.0325810031034
281.0 -0.754079186182 0.0314151684667
284.0 -0.750822267762 0.0306183134657
287.0 -0.751009744849 0.0318142650923
290.0 -0.75120779451 0.0313353109922
293.0 -0.750658661026 0.0320875700219
296.0 -0.750212796219 0.032443740815
299.0 -0.749054990723 0.0318194195197
302.0 -0.749660404722 0.0316640672952
305.0 -0.750009497612 0.0319568476508
308.0 -0.748194174878 0.0331489285319
311.0 -0.745325888479 0.0341505336513
314.0 -0.745793243916 0.0340347209333
317.0 -0.74367073831 0.0340023683776
320.0 -0.745381808093 0.0327022016039
323.0 -0.748299547534 0.0324118159894
326.0 -0.744876824425 0.0322164723123
329.0 -0.744328099582 0.0316959639449
332.0 -0.742670698901 0.0308953707662
335.0 -0.744730364284 0.0304195412297
338.0 -0.744711267452 0.0314088524646
341.0 -0.743048651663 0.0305950456308
344.0 -0.743053777058 0.0312726777506
347.0 -0.742162822213 0.0317622909256
350.0 -0.741006361659 0.0321448684569
353.0 -0.740503345966 0.0327918794405
356.0 -0.739777730436 0.032215899068
359.0 -0.740210076573 0.0318873667291
362.0 -0.741837062378 0.0319271548115
365.0 -0.738703656883 0.0311801309703
368.0 -0.739619756024 0.0309550160822
371.0 -0.738705898649 0.0300256232885
374.0 -0.738400284975 0.0295518659969
377.0 -0.736599655748 0.0303051237043
380.0 -0.737085120428 0.0292913090377
383.0 -0.73813432314 0.0285219407179
386.0 -0.737458290953 0.0284939105664
389.0 -0.737765109462 0.0284267047523
392.0 -0.73573907778 0.0276872633747
395.0 -0.734949575003 0.0281665013639
398.0 -0.735377113611 0.0296691092953
401.0 -0.734518023892 0.0287174895409
404.0 -0.73304658042 0.0285138941941
407.0 -0.733070583736 0.0277094544298
410.0 -0.733119069487 0.0281179166945
413.0 -0.733877834776 0.0282602679456
416.0 -0.73353715109 0.0276017945851
419.0 -0.731496203816 0.027093280305
422.0 -0.729464886555 0.02710812356
425.0 -0.728681498051 0.0273595845768
428.0 -0.726366823149 0.0271109731092
431.0 -0.726695845473 0.0278527064427
434.0 -0.728490616545 0.0277628728444
437.0 -0.727026046055 0.0275345466514
440.0 -0.726769256898 0.0275915566314
443.0 -0.725959820108 0.0277200549658
446.0 -0.725550591803 0.0264678442704
449.0 -0.724613545938 0.0268024016927
452.0 -0.725449578316 0.0268161735879
455.0 -0.724944116561 0.026570248444
458.0 -0.72436587999 0.0272353949989
461.0 -0.72274803853 0.027272611372
464.0 -0.723139557874 0.0275015819524
467.0 -0.723320888337 0.027461160762
470.0 -0.723086731796 0.0257030362663
473.0 -0.723004517276 0.0252117627333
476.0 -0.722465909738 0.0258110150715
479.0 -0.72338954325 0.0251482988395
482.0 -0.722736609466 0.025159422773
485.0 -0.723448641685 0.0250845908338
488.0 -0.723287724178 0.025593208339
491.0 -0.723574079501 0.0253459455253
494.0 -0.724537854874 0.0243587453221
497.0 -0.723365411265 0.0245667920289
500.0 -0.722588855161 0.0238417518453
503.0 -0.723871912776 0.0232721195842
506.0 -0.722332607508 0.0232734506088
509.0 -0.721990229217 0.0232713715853
512.0 -0.722717204081 0.023684333488
515.0 -0.721903317456 0.0240172774269
518.0 -0.721467408457 0.0240798290481
521.0 -0.72245337522 0.0241271324744
524.0 -0.721700259089 0.0240703149979
527.0 -0.72383032489 0.0245904381122
530.0 -0.724371079483 0.0247304190455
533.0 -0.724122118947 0.0253764355802
536.0 -0.723395180358 0.0248981306007
539.0 -0.723099676739 0.0247235492502
542.0 -0.721411939515 0.0251893160852
545.0 -0.721065551858 0.0245800636178
548.0 -0.721497674749 0.025603016942
551.0 -0.721802835075 0.0257153313267
554.0 -0.721643581127 0.0253388762817
557.0 -0.721570912908 0.025341893887
560.0 -0.720987821979 0.025934153642
563.0 -0.720777165088 0.0257468171683
566.0 -0.719142785639 0.0257522759466
569.0 -0.718612075953 0.0254661500227
572.0 -0.71876525483 0.0249080185318
575.0 -0.720536074844 0.0255059193099
578.0 -0.72030523331 0.0257603944434
581.0 -0.719763835611 0.0256409879253
584.0 -0.720390209276 0.0260294757849
587.0 -0.71968510212 0.0263462635919
590.0 -0.720302127024 0.0259470674704
593.0 -0.7191446887 0.0262424490159
596.0 -0.71819566876 0.0260501795742
599.0 -0.718866367338 0.0258426606449
602.0 -0.718488446751 0.0256889164425
605.0 -0.717256272635 0.0258167934794
608.0 -0.717878363395 0.026244329517
611.0 -0.717628105102 0.0273138285009
614.0 -0.718259919216 0.0267936817158
617.0 -0.717602253483 0.0268916348324
620.0 -0.717402711787 0.0263329077767
623.0 -0.717385888573 0.0265468577343
626.0 -0.717011484808 0.02553035646
629.0 -0.716281411243 0.0249496462655
632.0 -0.716872149653 0.025001489462
635.0 -0.716278480227 0.0246860408677
638.0 -0.716062294726 0.0241057006518
641.0 -0.715595544517 0.0242349118214
644.0 -0.715851385571 0.0235763567285
647.0 -0.715389941743 0.0239873222501
650.0 -0.715229260893 0.0244994481109
653.0 -0.715667299929 0.023849925968
656.0 -0.71602734415 0.0241472613106
659.0 -0.715209451702 0.0240290430964
662.0 -0.715679540701 0.0239106966269
665.0 -0.715600466902 0.0235970628705
668.0 -0.716394585654 0.0241614286942
671.0 -0.71709131627 0.0250698415186
674.0 -0.716586323899 0.0238039977711
677.0 -0.715739224572 0.0243503510432
680.0 -0.714765909811 0.024485565354
683.0 -0.71446412956 0.0242805140435
686.0 -0.714297509328 0.0236668588911
689.0 -0.714138805303 0.024556219226
692.0 -0.713567788411 0.0242935730843
695.0 -0.713489470947 0.0239591196952
698.0 -0.71387952662 0.0241331345544
701.0 -0.713471275501 0.024197071844
704.0 -0.71449328582 0.0241804326711
707.0 -0.713518208228 0.0241293823178
710.0 -0.713640999409 0.0237019329471
713.0 -0.712641362411 0.0236156515255
716.0 -0.712405434915 0.023420071539
719.0 -0.712392869565 0.0236449254632
722.0 -0.711944624199 0.0238208035049
725.0 -0.711445041428 0.0236384017877
728.0 -0.71137597345 0.0233806185056
731.0 -0.710297076904 0.0232056567371
734.0 -0.710358904556 0.0236181456838
737.0 -0.710406783692 0.0236948046296
740.0 -0.711019020441 0.0233401883019
743.0 -0.710720032593 0.0235258110752
746.0 -0.710750039774 0.0236669220708
749.0 -0.71033279007 0.0234022835149
752.0 -0.709771742914 0.0236327389696
755.0 -0.708951457843 0.0239401602419
758.0 -0.709234931325 0.0239798982861
761.0 -0.708368158809 0.0236381854961
764.0 -0.707574947333 0.0239078034362
767.0 -0.707107959866 0.0240020251359
770.0 -0.708034905241 0.0243939243161
773.0 -0.70798596347 0.024149648601
776.0 -0.707733674717 0.0239296909032
779.0 -0.707539940178 0.0237438477786
782.0 -0.707419175469 0.0239405156816
785.0 -0.707881220311 0.024604386233
788.0 -0.707425511927 0.0243812453138
791.0 -0.706443436086 0.0242302443165
794.0 -0.70656910206 0.0243778989027
797.0 -0.706824858833 0.0241010065242
800.0 -0.706973129249 0.0243169126345
803.0 -0.706631216731 0.0246117724915
806.0 -0.7067413859 0.0249137242633
809.0 -0.706383652926 0.0245779894082
812.0 -0.705633467016 0.0240880373055
815.0 -0.706071748733 0.0235715058041
818.0 -0.706577264657 0.0232516398849
821.0 -0.70633398598 0.0223925087848
824.0 -0.706361565246 0.0227765656458
827.0 -0.70677588517 0.0224114632258
830.0 -0.707357592266 0.0227753196334
833.0 -0.706295407332 0.0229532149781
836.0 -0.706274991017 0.0227988963616
839.0 -0.706733645832 0.0226207914215
842.0 -0.706321519908 0.0228377549585
845.0 -0.706555988961 0.0223342692072
848.0 -0.706137212413 0.021886855824
851.0 -0.706135660441 0.0222476710305
854.0 -0.705965075302 0.0221084938434
857.0 -0.705987166372 0.021900858484
860.0 -0.70649123133 0.0214069699481
863.0 -0.706756246538 0.0219066565221
866.0 -0.706060996052 0.0218692310878
869.0 -0.7062304685 0.021758579217
872.0 -0.706900766095 0.0221950652114
875.0 -0.706088534897 0.022060470608
878.0 -0.705562450651 0.0221411947506
881.0 -0.705339195995 0.0217286397504
884.0 -0.704961666844 0.0216723434912
887.0 -0.70580935107 0.0209321875427
890.0 -0.705976694422 0.020465244681
893.0 -0.706768893249 0.0206030301691
896.0 -0.706705147969 0.0207933092824
899.0 -0.706401156678 0.0208907101079
902.0 -0.706007965973 0.0213503313974
905.0 -0.705406432786 0.0214766139722
908.0 -0.705078757348 0.0211591708462
911.0 -0.706181481727 0.0212113234455
914.0 -0.706506636999 0.0212740948374
917.0 -0.706318799285 0.0209929089849
920.0 -0.706102542331 0.0206711810628
923.0 -0.706348204313 0.0204493295587
926.0 -0.705886836677 0.0203270430151
929.0 -0.705908446853 0.0199412721803
932.0 -0.706410302223 0.0203594495687
935.0 -0.707068295419 0.0201305325142
938.0 -0.707432197944 0.0201082341282
941.0 -0.707130269383 0.0203413185314
944.0 -0.706915968643 0.0200335355477
947.0 -0.706904619217 0.0200594521673
950.0 -0.70712769554 0.0200660007067
953.0 -0.706534810492 0.0203457552541
956.0 -0.707126418637 0.0202339754787
959.0 -0.707313159388 0.0201705326646
962.0 -0.706856597844 0.020222350149
965.0 -0.706931372434 0.0200554997438
968.0 -0.707019676783 0.0198843831241
971.0 -0.707492137289 0.0204587682334
974.0 -0.706610371326 0.0201858172437
977.0 -0.706811344411 0.0202887993076
980.0 -0.706262664043 0.0200546762806
983.0 -0.706284242892 0.0198191249679
986.0 -0.706751753493 0.01965876181
989.0 -0.70661132626 0.0196829992709
992.0 -0.705786713562 0.01920034353
995.0 -0.706072153347 0.0193382061303
998.0 -0.705493597958 0.0190683731676
