2.0 -6.77887639576 1.14901655997
5.0 -8.12222855883 0.401629341183
8.0 -7.82017391164 0.440035321611
11.0 -7.45705156199 0.308581923795
14.0 -7.38242972299 0.454027974265
17.0 -6.98929183785 0.655186990544
20.0 -7.01246316543 0.225508430468
23.0 -6.60253854819 0.0743058533761
26.0 -6.05318794647 0.0208618271484
29.0 -5.67801333132 0.0167681851552
32.0 -5.51755672385 0.0036279328996
35.0 -5.26063607766 0.148263295368
38.0 -5.14069659929 0.239723156671
41.0 -4.96298579982 0.109416908917
44.0 -4.83250942755 0.0341438687642
47.0 -4.70142478324 0.0643288706171
50.0 -4.63941357524 0.061317713776
53.0 -4.63547950251 0.100774116637
56.0 -4.59556904343 0.0746642056289
59.0 -4.52207109038 0.0909519501559
62.0 -4.48973144891 0.0586307325734
65.0 -4.39879768973 0.00289200816031
68.0 -4.37874724436 0.0579646132881
71.0 -4.32534190333 0.0794750281598
74.0 -4.31379338968 0.0966132640791
77.0 -4.32214568435 0.163558068881
80.0 -4.23378459619 0.176438724966
83.0 -4.23068638354 0.160176463999
86.0 -4.17347982366 0.10523862992
89.0 -4.09992994195 0.11998085535
92.0 -4.08403142722 0.0998706522347
95.0 -4.0287756453 0.1170359515
98.0 -3.99652394572 0.150034120161
101.0 -3.95846229387 0.110787474032
104.0 -3.92740672577 0.0768532650407
107.0 -3.88656630355 0.0769431231869
110.0 -3.86443781801 0.0580816643025
113.0 -3.85635286664 0.0708235014205
116.0 -3.84044742029 0.0890045206696
119.0 -3.82125616252 0.0245967424247
122.0 -3.80969924318 0.00742327400692
125.0 -3.78192777294 0.0242938634955
128.0 -3.80914007673 0.0662371771628
131.0 -3.78912228872 0.0908105728394
134.0 -3.76024488673 0.0701833454624
137.0 -3.73343331987 0.0797495984368
140.0 -3.71922531623 0.0343722298372
143.0 -3.68842023967 0.0234500160958
146.0 -3.67386641499 0.0207345200564
149.0 -3.65001114456 0.00145200068436
152.0 -3.61221487197 0.00511611490351
155.0 -3.58005942284 0.0224757787222
158.0 -3.54246335784 0.0220490234303
161.0 -3.52425189776 0.0156102835171
164.0 -3.51381476244 0.0166427609797
167.0 -3.49181747662 0.00156455465615
170.0 -3.48162571124 0.0197403297497
173.0 -3.48436607532 0.0108037115343
176.0 -3.47702286128 0.0116818205474
179.0 -3.45008951723 0.0114860358394
182.0 -3.43518363263 0.00544408324135
185.0 -3.43277131291 0.00411304677735
188.0 -3.42796889276 0.00266010837323
191.0 -3.41709006198 0.00499871455181
194.0 -3.41870187813 0.0293177889881
197.0 -3.41052676222 0.0342715796745
200.0 -3.38111886079 0.0306391650815
203.0 -3.40103747112 0.0254014679856
206.0 -3.38156991087 0.00960604976083
209.0 -3.35599713703 0.00350004732064
212.0 -3.33559526716 0.00271291186344
215.0 -3.32954654483 0.00989942644003
218.0 -3.33963523664 0.00731332133433
221.0 -3.33846353184 0.00887359264434
224.0 -3.329870087 0.00563103262243
227.0 -3.32513469323 0.00068666039277
230.0 -3.31702928584 0.0143937370434
233.0 -3.30189371563 0.0136998393348
236.0 -3.2925278845 0.0176379348387
239.0 -3.29617891294 0.034071925736
242.0 -3.28553832931 0.0480444008538
245.0 -3.26969296201 0.0591912462018
248.0 -3.26131681731 0.0506916932756
251.0 -3.24938474379 0.0525705502514
254.0 -3.23737493954 0.0366844240148
257.0 -3.2282510881 0.0267795995534
260.0 -3.22086171209 0.0374701679228
263.0 -3.21410872678 0.0404551413372
266.0 -3.20048907949 0.0336449676757
269.0 -3.1931877052 0.0181873434385
272.0 -3.18009923786 0.0242005005698
275.0 -3.18632385253 0.0332435840647
278.0 -3.17430255197 0.0334928046625
281.0 -3.16616390202 0.0411546167113
284.0 -3.16360640992 0.0517593189306
287.0 -3.16925786643 0.0473571317263
290.0 -3.16468552644 0.0454153738506
293.0 -3.15495425824 0.0362337025476
296.0 -3.1553286389 0.0426961434524
299.0 -3.1477300238 0.0390972669692
302.0 -3.13696712622 0.0323171107206
305.0 -3.13742564587 0.0104116853575
308.0 -3.12879016879 0.0154514855407
311.0 -3.12497616057 0.00386088400414
314.0 -3.11917277035 0.00832567729335
317.0 -3.11975367141 0.0115856369299
320.0 -3.12418566061 0.0172953154058
323.0 -3.1203862427 0.0156747536146
326.0 -3.10625692145 0.0153391981593
329.0 -3.09869074891 0.0203365330393
332.0 -3.09833259139 0.0248622735947
335.0 -3.10448810353 0.0325952507981
338.0 -3.09100152273 0.0288001167832
341.0 -3.0834492042 0.0362594355541
344.0 -3.0741816094 0.0334320486268
347.0 -3.06868008396 0.0231039480481
350.0 -3.05828996895 0.025952978749
353.0 -3.05874793239 0.0209444809916
356.0 -3.0506757588 0.0301212533949
359.0 -3.04797316193 0.0227553834081
362.0 -3.05191249747 0.0291172673124
365.0 -3.05291269749 0.0307908315925
368.0 -3.05078854506 0.0293043462709
371.0 -3.0377228695 0.0275544422267
374.0 -3.03510997755 0.0179730323622
377.0 -3.0356540547 0.0257759332533
380.0 -3.03157915427 0.0300201779182
383.0 -3.02119994418 0.0341979331036
386.0 -3.0153071985 0.0323164253855
389.0 -3.00845264427 0.0409011616353
392.0 -3.00045173118 0.0421791327931
395.0 -2.99948832689 0.0382265256809
398.0 -2.99669457065 0.0433273178819
401.0 -2.9870422422 0.0441074237533
404.0 -2.98554484795 0.0429594903077
407.0 -2.97422633556 0.04417518984
410.0 -2.9702450331 0.0448499779467
413.0 -2.97260434905 0.0459570958093
416.0 -2.96661080807 0.045340825996
419.0 -2.96772062329 0.0493686199109
422.0 -2.97261472893 0.04923393357
425.0 -2.97514005508 0.0401758904166
428.0 -2.9666526131 0.0353842010346
431.0 -2.95713994991 0.0322438554045
434.0 -2.94925084886 0.0270790479404
437.0 -2.94379832588 0.0321736363268
440.0 -2.94201210763 0.0424604303017
443.0 -2.93924227395 0.0430457417739
446.0 -2.94086545136 0.0499116435413
449.0 -2.9375044695 0.057336632012
452.0 -2.93273895311 0.0606953286468
455.0 -2.93522681179 0.0578412755322
458.0 -2.92726681083 0.0536495839755
461.0 -2.92391041077 0.0557491298663
464.0 -2.91806616242 0.0540445704487
467.0 -2.91124667958 0.0487427660293
470.0 -2.90355680715 0.0474895049582
473.0 -2.89700147857 0.0421778609743
476.0 -2.89678255118 0.0434778867299
479.0 -2.89965257696 0.0430884007259
482.0 -2.89324395096 0.0379033295897
485.0 -2.88338883374 0.0402407035454
488.0 -2.87983316467 0.0411435298868
491.0 -2.87467125125 0.0397489637892
494.0 -2.87317840964 0.0394835860832
497.0 -2.87048216169 0.0370994344776
500.0 -2.87258379663 0.0485831282975
503.0 -2.86570953939 0.0517650796288
506.0 -2.86052647888 0.0571402082381
509.0 -2.86152168628 0.0533099069813
512.0 -2.85316316077 0.0519012525175
515.0 -2.84972531711 0.0503879089465
518.0 -2.84954556721 0.0515969722475
521.0 -2.84865186048 0.0512093830125
524.0 -2.84382179258 0.0453222291949
527.0 -2.84592149576 0.0381137821002
530.0 -2.84661523638 0.0316340433634
533.0 -2.8427224677 0.027126586701
536.0 -2.84215181023 0.0274228457597
539.0 -2.83431979644 0.0262288385223
542.0 -2.83444609472 0.0380287678046
545.0 -2.83121795107 0.038849345888
548.0 -2.82706356448 0.0366689255903
551.0 -2.82760958864 0.0401467679607
554.0 -2.82405266848 0.0487159957864
557.0 -2.81818703471 0.0494613339861
560.0 -2.8115806756 0.0513123795951
563.0 -2.81023657876 0.0477427207258
566.0 -2.80805157922 0.0458147988248
569.0 -2.80168223873 0.0477653998163
572.0 -2.79728355566 0.0464245530033
575.0 -2.79993104632 0.0471441916667
578.0 -2.79841245958 0.0462208008996
581.0 -2.79454422829 0.0406202030904
584.0 -2.787637323 0.0393436126923
587.0 -2.78003440654 0.03914253801
590.0 -2.77779213659 0.0405365374496
593.0 -2.77031595377 0.0382280282154
596.0 -2.77644147423 0.0474921497478
599.0 -2.77645353697 0.0482756923774
602.0 -2.77511248944 0.0486867558452
605.0 -2.77385912172 0.0527223575243
608.0 -2.76732692211 0.0514364442779
611.0 -2.76292106161 0.0511838921763
614.0 -2.76040516065 0.0445142918815
617.0 -2.75476299618 0.0442978528632
620.0 -2.75625711219 0.0356972035189
623.0 -2.75262909319 0.0308346914731
626.0 -2.75497966463 0.0313405774511
629.0 -2.75491186814 0.0325940057139
632.0 -2.76056157417 0.0268697817576
635.0 -2.75609836988 0.0281561583965
638.0 -2.75059163773 0.0298810816958
641.0 -2.74882139606 0.031423482695
644.0 -2.74758899049 0.0290544589511
647.0 -2.74708574007 0.0323003017197
650.0 -2.74228303665 0.0347514399724
653.0 -2.73932308396 0.0364064403187
656.0 -2.74072268541 0.0287903497584
659.0 -2.73651233934 0.0254046655116
662.0 -2.73885352632 0.0201825298723
665.0 -2.73650180206 0.0241401949542
668.0 -2.7343207311 0.0245350101682
671.0 -2.72965834333 0.0287101298219
674.0 -2.7238957691 0.0277495485847
677.0 -2.72290035949 0.0296487588885
680.0 -2.71901182849 0.0296922157755
683.0 -2.71688959499 0.0317889215507
686.0 -2.7124709816 0.0291861408883
689.0 -2.71287971001 0.0248750690136
692.0 -2.71098789046 0.0272096290686
695.0 -2.70993341036 0.0278998053007
698.0 -2.71186179184 0.0288695333316
701.0 -2.70884312511 0.0263349407854
704.0 -2.70659677656 0.019243658476
707.0 -2.70361053211 0.0232953167696
710.0 -2.70565346014 0.0188218184239
713.0 -2.70471115946 0.023884169215
716.0 -2.70587528868 0.0200046318638
719.0 -2.70854279861 0.0209244016619
722.0 -2.706364359 0.0173000848043
725.0 -2.70463857207 0.0229020101813
728.0 -2.70444370158 0.018482220795
731.0 -2.70375179857 0.0163254856961
734.0 -2.70545968631 0.0202727532663
737.0 -2.70367023033 0.0181262879243
740.0 -2.70579612923 0.0181055148815
743.0 -2.70242144768 0.0148427213037
746.0 -2.69985513489 0.01219547793
749.0 -2.70152521973 0.0120451028764
752.0 -2.70019289033 0.0162408397182
755.0 -2.70001132918 0.0191583491368
758.0 -2.69828173289 0.0182597432967
761.0 -2.69566695602 0.0189253440019
764.0 -2.69481558054 0.0168600262959
767.0 -2.6905333814 0.0167940809529
770.0 -2.68733649809 0.0198064924411
773.0 -2.68352988814 0.0175431544746
776.0 -2.68892843463 0.0190093992898
779.0 -2.69410267797 0.0141605090718
782.0 -2.69130886974 0.0160513596718
785.0 -2.68754526896 0.018143062464
788.0 -2.68700829459 0.017211301668
791.0 -2.68716097488 0.0203748284276
794.0 -2.68242988808 0.0180199641828
797.0 -2.6818424068 0.0131195245743
800.0 -2.67936049777 0.0122907411242
803.0 -2.67775958682 0.0118261964536
806.0 -2.67449565536 0.0129730286328
809.0 -2.67352595577 0.0155614416088
812.0 -2.67900985229 0.00933962219952
815.0 -2.67592699394 0.0106903222491
818.0 -2.67431301963 0.0072666865253
821.0 -2.67804313993 0.00634656050868
824.0 -2.67603509451 0.0076177169483
827.0 -2.67413716248 0.00481065725885
830.0 -2.66917040166 0.00479326934146
833.0 -2.66815004007 0.00369862550082
836.0 -2.66728287486 0.00240966800522
839.0 -2.66540284074 0.00374650996764
842.0 -2.66368857289 0.00395174149541
845.0 -2.66082281465 0.00519980938555
848.0 -2.65831111837 0.00557782556346
851.0 -2.65869321783 0.00847349953446
854.0 -2.65791738159 0.00567915230916
857.0 -2.65944082716 0.00792550893444
860.0 -2.65896260335 0.00842652937213
863.0 -2.66030649226 0.0114447778817
866.0 -2.65554215107 0.0127734559514
869.0 -2.65231243133 0.0134470437671
872.0 -2.65054245221 0.014677863192
875.0 -2.65032746723 0.0166130063529
878.0 -2.64802509547 0.0184812315741
881.0 -2.6467985804 0.0218060630405
884.0 -2.64268614177 0.021097104265
887.0 -2.63938229912 0.0227406616306
890.0 -2.64123347403 0.0165041086427
893.0 -2.64078369752 0.0156308412627
896.0 -2.64132534133 0.0126432066908
899.0 -2.64218471171 0.0102152595325
902.0 -2.63772068274 0.0101812841689
905.0 -2.63716226612 0.011660256735
908.0 -2.63368595906 0.0103166991136
911.0 -2.63290982529 0.00898199040128
914.0 -2.63528493636 0.00219029466285
917.0 -2.63317876972 0.00273402459054
920.0 -2.63029883894 0.00204720909149
923.0 -2.63023406244 0.00672704993285
926.0 -2.63065566677 0.00635786403018
929.0 -2.62898401231 0.00633733271428
932.0 -2.62644919252 0.00644407622602
935.0 -2.62450336623 0.0045557306308
938.0 -2.62447969929 0.00493377181088
941.0 -2.62289209132 0.00245915941547
944.0 -2.62174836645 0.00537148556251
947.0 -2.62220755853 0.00594718451327
950.0 -2.62226075988 0.00138085779472
953.0 -2.62100185927 0.00185358763198
956.0 -2.62170270647 0.00595484119051
959.0 -2.62167949917 0.00916309030841
962.0 -2.62619361819 0.0085510418348
965.0 -2.62699928569 0.00519671997592
968.0 -2.62549463915 0.0050582002308
971.0 -2.62357755994 0.00690522713685
974.0 -2.62352269579 0.0089874619046
977.0 -2.62498835333 0.0082158101326
980.0 -2.62534277163 0.0108540410229
983.0 -2.62340835828 0.00916499109657
986.0 -2.62424641602 0.00936544671893
989.0 -2.62360107805 0.008195643129
992.0 -2.62005188124 0.00879955567794
995.0 -2.62440495881 0.0147574082849
998.0 -2.6235327946 0.0155223786581
