2.0 -8.60315474774 0.977769891464
5.0 -8.48386679701 0.642042990231
8.0 -8.4416566167 0.578953235505
11.0 -8.11440431951 0.484714146759
14.0 -7.83794428414 0.28167747044
17.0 -7.41164795796 0.250410771606
20.0 -7.01087539789 0.275231157399
23.0 -6.71526447081 0.246517745412
26.0 -6.41573553623 0.218307703584
29.0 -6.09139190298 0.210442885419
32.0 -5.84351360924 0.176750877453
35.0 -5.65672590123 0.152709215431
38.0 -5.49578201965 0.15354377578
41.0 -5.34378103525 0.148931003817
44.0 -5.17669968458 0.150798577537
47.0 -5.01613647451 0.138453452927
50.0 -4.92487321442 0.128241516173
53.0 -4.81859991551 0.118947619361
56.0 -4.70669997575 0.114010830555
59.0 -4.62060778892 0.127393675801
62.0 -4.56740579733 0.13802478385
65.0 -4.48771136069 0.134361556479
68.0 -4.42935820795 0.136363945155
71.0 -4.36206869745 0.141505268581
74.0 -4.27826233116 0.134556539542
77.0 -4.2332468907 0.124383392902
80.0 -4.16472617886 0.122602647513
83.0 -4.1126082065 0.127300989869
86.0 -4.04566554285 0.123960650887
89.0 -3.98374684621 0.118174208226
92.0 -3.93764887002 0.107193679865
95.0 -3.89290511599 0.096607733499
98.0 -3.84186335464 0.0977673494308
101.0 -3.81667108045 0.0875362002143
104.0 -3.7795027179 0.0907638689164
107.0 -3.73676498592 0.0860114357403
110.0 -3.70818770488 0.0818735348114
113.0 -3.6769524585 0.0811873288184
116.0 -3.64432852719 0.0830043471441
119.0 -3.61456802872 0.0820639238142
122.0 -3.58802352289 0.0798624479649
125.0 -3.56429119009 0.0801515657921
128.0 -3.54334935948 0.0790048608027
131.0 -3.5225412763 0.0749776512952
134.0 -3.50821641115 0.0809403423834
137.0 -3.48777822781 0.0771227645189
140.0 -3.47968773807 0.0695670277136
143.0 -3.4623814248 0.0678111642098
146.0 -3.43984020226 0.0722370522484
149.0 -3.41727058363 0.0755567739679
152.0 -3.39862162231 0.0721601738848
155.0 -3.38290387879 0.0671659078425
158.0 -3.37171474654 0.0646673872762
161.0 -3.35712932523 0.0641889901559
164.0 -3.3435249813 0.0659805239039
167.0 -3.3292981726 0.0638723003402
170.0 -3.31317011108 0.0614652330162
173.0 -3.29510791204 0.0595637386517
176.0 -3.28793643401 0.0575054808658
179.0 -3.272473521 0.0531265895224
182.0 -3.25870068701 0.0525405093958
185.0 -3.25315785033 0.0474847097384
188.0 -3.24184773619 0.0482120308926
191.0 -3.23048146237 0.0436967634117
194.0 -3.2183531167 0.045487974352
197.0 -3.20035230173 0.0433275773821
200.0 -3.18773704902 0.0438945471983
203.0 -3.17535032229 0.0406657310924
206.0 -3.16879144002 0.0398421572451
209.0 -3.16404362505 0.0421659542241
212.0 -3.15464169515 0.0418387995054
215.0 -3.1419153641 0.0395387216883
218.0 -3.14302627877 0.0418736715016
221.0 -3.13659631164 0.0419264080198
224.0 -3.13041165944 0.0412583757983
227.0 -3.12520373804 0.0410247322564
230.0 -3.11512903628 0.04290274817
233.0 -3.10508756614 0.0410908165454
236.0 -3.09780603261 0.0400645462387
239.0 -3.09021825078 0.0380075573559
242.0 -3.07842594705 0.0387829503306
245.0 -3.06727268607 0.037632919155
248.0 -3.05987161364 0.0378090340054
251.0 -3.05553149684 0.0375723099888
254.0 -3.04731367633 0.0379419255234
257.0 -3.03619465924 0.038088976161
260.0 -3.02830702772 0.0369839011786
263.0 -3.02236535164 0.037140750378
266.0 -3.01847477063 0.0394930082655
269.0 -3.01059926348 0.035290416257
272.0 -3.00444830763 0.03811851555
275.0 -3.00156575465 0.0397686154667
278.0 -2.99601064256 0.0395222256217
281.0 -2.99607553111 0.0401359060956
284.0 -2.99070813737 0.0392931159812
287.0 -2.99002310606 0.0396216432937
290.0 -2.99088070792 0.0372490231906
293.0 -2.98199015293 0.0356675055414
296.0 -2.98085068958 0.0357492533741
299.0 -2.97404773709 0.0361516951799
302.0 -2.96821376683 0.0327427224074
305.0 -2.96232399405 0.0339423351125
308.0 -2.95782340962 0.035570794506
311.0 -2.95684186693 0.0342438627978
314.0 -2.9522441912 0.0355015686906
317.0 -2.94768776215 0.0357392531219
320.0 -2.94185984466 0.035471199001
323.0 -2.93409812925 0.0337457436406
326.0 -2.92881636245 0.0325997115313
329.0 -2.92731482396 0.035512455586
332.0 -2.9204945443 0.0334804513291
335.0 -2.91623649574 0.0326303510385
338.0 -2.9152012358 0.0313425230042
341.0 -2.90874128358 0.0288689708434
344.0 -2.90658223607 0.0276135226765
347.0 -2.9006069401 0.0276152257555
350.0 -2.89824198378 0.0260959702566
353.0 -2.90108078912 0.0266831312078
356.0 -2.90029182295 0.0252220419074
359.0 -2.89441109308 0.0252802709217
362.0 -2.88825898959 0.0260360650725
365.0 -2.87993795431 0.0258250430266
368.0 -2.87403371456 0.0266935673607
371.0 -2.87149722555 0.0274025602738
374.0 -2.87226211898 0.0272877987998
377.0 -2.86672529619 0.0280342753924
380.0 -2.86262721031 0.0264097713265
383.0 -2.85709082453 0.0270296586026
386.0 -2.85335931341 0.0260202095853
389.0 -2.84947553743 0.0260628165929
392.0 -2.84821234582 0.026712028259
395.0 -2.84576443592 0.0275040168215
398.0 -2.84443720071 0.0285744429614
401.0 -2.84319903883 0.0286117198749
404.0 -2.83971950403 0.0276210258394
407.0 -2.83669347931 0.0265082656731
410.0 -2.83367189366 0.0263737935433
413.0 -2.83010237673 0.0262431252091
416.0 -2.82646521775 0.0259427111419
419.0 -2.82283961211 0.0268081408928
422.0 -2.81984569341 0.0272268347992
425.0 -2.82038584928 0.0279206327733
428.0 -2.82074662215 0.0269359321116
431.0 -2.81982660517 0.0269868106467
434.0 -2.81641633557 0.0262519798693
437.0 -2.81305581061 0.0265058141276
440.0 -2.81318871257 0.0278430418187
443.0 -2.8114454846 0.0287891481451
446.0 -2.81328450473 0.0293333885044
449.0 -2.81539751425 0.0322009588171
452.0 -2.81483400773 0.0321114122122
455.0 -2.81335212428 0.0323127894486
458.0 -2.81050451406 0.03113060975
461.0 -2.80931527175 0.0307011274954
464.0 -2.80450962442 0.031579859816
467.0 -2.79946147206 0.0307343002016
470.0 -2.79731073771 0.03037911716
473.0 -2.79530065634 0.0299287804903
476.0 -2.79423612519 0.030917557949
479.0 -2.79092282056 0.0304328863488
482.0 -2.79071328011 0.0296479956772
485.0 -2.78993663731 0.0313360351501
488.0 -2.78936329165 0.0317061729087
491.0 -2.78788645485 0.032301513128
494.0 -2.78495025095 0.0322872746312
497.0 -2.7833327493 0.0314139030329
500.0 -2.78003643442 0.0316634100396
503.0 -2.77886680194 0.0314472365803
506.0 -2.77674044666 0.0321226003957
509.0 -2.77648916861 0.0324587410239
512.0 -2.77663220828 0.0318808247218
515.0 -2.77552923312 0.0326842938525
518.0 -2.77452724682 0.0318791676821
521.0 -2.77536247022 0.0309430510895
524.0 -2.77480814345 0.0288900992334
527.0 -2.77275647901 0.0289264111644
530.0 -2.77105081604 0.0304505260551
533.0 -2.76915088395 0.03123872814
536.0 -2.7668587116 0.0319382169122
539.0 -2.76582296312 0.0328912694334
542.0 -2.766490623 0.0325852623983
545.0 -2.76471877118 0.0334922492108
548.0 -2.7614966941 0.0342073045796
551.0 -2.75963668736 0.0335754278359
554.0 -2.75731950577 0.0318031399889
557.0 -2.75554502452 0.0313021265919
560.0 -2.75385044822 0.0299940072584
563.0 -2.75173534507 0.0298426593327
566.0 -2.74952765693 0.0291882333603
569.0 -2.74832579854 0.0288188360642
572.0 -2.74600603341 0.0288050142086
575.0 -2.74350725758 0.028330927258
578.0 -2.74299056383 0.0299335479552
581.0 -2.74114996893 0.0305039539939
584.0 -2.74111635152 0.0302529019219
587.0 -2.74162641633 0.0298495030489
590.0 -2.73923340138 0.0315897963964
593.0 -2.73712945405 0.0308135217898
596.0 -2.73830154955 0.0308623634795
599.0 -2.73496746821 0.0318814976188
602.0 -2.73227213214 0.0311254072074
605.0 -2.73082632726 0.0316589746233
608.0 -2.73186735828 0.0324927531266
611.0 -2.73144682182 0.0322976487389
614.0 -2.73117326968 0.0304413975081
617.0 -2.73033157551 0.0291093002097
620.0 -2.72959314397 0.0299547685525
623.0 -2.72882188688 0.0299329290005
626.0 -2.72723359235 0.0294391736072
629.0 -2.72472976511 0.0287872491519
632.0 -2.72374657939 0.0281557114978
635.0 -2.72280093499 0.0286054511448
638.0 -2.72056769148 0.027162796362
641.0 -2.72044362462 0.0280668956455
644.0 -2.71944358579 0.0285720660146
647.0 -2.71730392662 0.0271813996154
650.0 -2.71666387058 0.0274418741363
653.0 -2.71268651063 0.0281408490723
656.0 -2.71218161694 0.0268437978916
659.0 -2.7126606227 0.0271816796364
662.0 -2.71227616795 0.0274964276397
665.0 -2.71029573322 0.0273951609456
668.0 -2.7089906092 0.026987924635
671.0 -2.71024865694 0.0272701255934
674.0 -2.70902651887 0.0266427022001
677.0 -2.70741395724 0.0257357303929
680.0 -2.70656763039 0.0258352973284
683.0 -2.70492897244 0.0269533600478
686.0 -2.70263599138 0.027973730681
689.0 -2.70078826093 0.0272078015458
692.0 -2.70096196969 0.0267466151527
695.0 -2.69998174139 0.0279855991635
698.0 -2.70078071065 0.029002992232
701.0 -2.69821182978 0.0291442436843
704.0 -2.69619879138 0.028467815216
707.0 -2.69523508862 0.0276372843463
710.0 -2.69448319297 0.0281604708676
713.0 -2.69479986935 0.0281683179123
716.0 -2.69352305653 0.0271217980602
719.0 -2.69116058334 0.0266540357783
722.0 -2.69078278761 0.026254592292
725.0 -2.69019053065 0.0248751443047
728.0 -2.69138726824 0.0238757672453
731.0 -2.69067736162 0.0239678847944
734.0 -2.68970284492 0.0239739748132
737.0 -2.68954002417 0.0239838071899
740.0 -2.6890188562 0.0239100620599
743.0 -2.68781130729 0.0234109536637
746.0 -2.68629324182 0.0231683565672
749.0 -2.68540870402 0.0226683160058
752.0 -2.68465814264 0.0234966224725
755.0 -2.68383735157 0.0240144711874
758.0 -2.68422936397 0.0241070644459
761.0 -2.68394421835 0.0251440321158
764.0 -2.68507469019 0.0263986324266
767.0 -2.6846200721 0.026054285127
770.0 -2.68472362102 0.0269354274311
773.0 -2.68412590645 0.0268109558501
776.0 -2.68382135702 0.027327890941
779.0 -2.68163309797 0.0268700257102
782.0 -2.68053173815 0.0265926128423
785.0 -2.67931056488 0.0272181635224
788.0 -2.67930536128 0.0279676507836
791.0 -2.67725272836 0.0285928928753
794.0 -2.67657006625 0.0288172355961
797.0 -2.67630460323 0.0284492585209
800.0 -2.67659473345 0.0283198701889
803.0 -2.6775865656 0.0299394879513
806.0 -2.67594276043 0.0303511873758
809.0 -2.67441252645 0.0304150078663
812.0 -2.6755781781 0.0289240083393
815.0 -2.6761709346 0.0295374013297
818.0 -2.67472031706 0.0298544047266
821.0 -2.67332046281 0.0302568794277
824.0 -2.67326421604 0.0312433144071
827.0 -2.67318344604 0.031401609619
830.0 -2.67286714844 0.0307647338928
833.0 -2.67189396053 0.0308502816425
836.0 -2.67116576907 0.030462835283
839.0 -2.67086628511 0.0303383589715
842.0 -2.66979966858 0.0299199966026
845.0 -2.67020831776 0.0300158485478
848.0 -2.66832990005 0.0294338485171
851.0 -2.66812584476 0.031124474626
854.0 -2.66669522278 0.0310973287779
857.0 -2.6649489515 0.0306029486537
860.0 -2.66423264024 0.0299795275819
863.0 -2.66438304609 0.0297926672184
866.0 -2.66316135159 0.0298180630705
869.0 -2.66267076591 0.0299429789661
872.0 -2.66279198263 0.029603221254
875.0 -2.6631382846 0.0301098453278
878.0 -2.6638113629 0.0298091404809
881.0 -2.66442989027 0.0301827353682
884.0 -2.66268465756 0.030911370917
887.0 -2.66166276838 0.0316879338697
890.0 -2.66154080636 0.0309626392663
893.0 -2.66081501148 0.0299127763391
896.0 -2.65845164852 0.0301932177472
899.0 -2.65811210981 0.0301923058754
902.0 -2.65727946817 0.0300097239403
905.0 -2.65653526781 0.030383414865
908.0 -2.65549500267 0.02998875783
911.0 -2.65526763186 0.030590330884
914.0 -2.65324428036 0.0309598562194
917.0 -2.65344783776 0.0300520744384
920.0 -2.65298381032 0.030150868782
923.0 -2.65358574659 0.0302909915225
926.0 -2.6527357138 0.0300411595695
929.0 -2.65258254736 0.0301314262155
932.0 -2.65201162727 0.0301227282406
935.0 -2.65151758181 0.0302331327944
938.0 -2.65154449862 0.0304308700036
941.0 -2.65059215223 0.0299145779623
944.0 -2.65008749419 0.0297132968814
947.0 -2.65052796072 0.0288822907289
950.0 -2.65067688338 0.0289689057779
953.0 -2.64904267261 0.0286367099122
956.0 -2.64858505496 0.0288921415764
959.0 -2.6484846094 0.0288606137714
962.0 -2.64795506166 0.0289891832231
965.0 -2.64827111391 0.0291310567209
968.0 -2.64696916455 0.028771278674
971.0 -2.64620012678 0.0294303043832
974.0 -2.64475063694 0.0288115049405
977.0 -2.64457254196 0.0283058269743
980.0 -2.64506931961 0.0282467839673
983.0 -2.64364193178 0.0276757242013
986.0 -2.64304383425 0.0276573367684
989.0 -2.64424339366 0.0274627994656
992.0 -2.64383549857 0.0281624141131
995.0 -2.64367394702 0.0278963617188
998.0 -2.64408286656 0.0273408026676
