2.0 -9.97753657009 0.0306165040496
5.0 -7.58908134039 0.722667059914
8.0 -8.17420634612 0.891420504648
11.0 -8.31935630012 0.839695274727
14.0 -8.08550845805 1.33682808115
17.0 -7.98710364369 0.931651185804
20.0 -8.01442600736 0.654087120711
23.0 -7.99510292771 0.246785771546
26.0 -8.03325267397 0.130566818481
29.0 -7.91668511053 0.204892867737
32.0 -7.77969496446 0.0786108522473
35.0 -7.65428917545 0.110105802347
38.0 -7.51670722262 0.313766580323
41.0 -7.36208044195 0.138036212328
44.0 -7.24651737655 0.324262385401
47.0 -7.17429324883 0.168134833996
50.0 -6.99465709598 0.211509003772
53.0 -6.84760090364 0.265154091446
56.0 -6.62646438736 0.165587107552
59.0 -6.4339667236 0.166681006539
62.0 -6.24648471278 0.0942815065117
65.0 -6.10974682387 0.0880196592886
68.0 -5.93341975811 0.102479620822
71.0 -5.82826201959 0.125614883076
74.0 -5.80591548272 0.017158070778
77.0 -5.70525663924 0.0272124748458
80.0 -5.66265363533 0.0678848410924
83.0 -5.51966013045 0.0450680303252
86.0 -5.45519410633 0.0912927606185
89.0 -5.35859090673 0.0546121796055
92.0 -5.25715859456 0.0956746400989
95.0 -5.20994344968 0.114888645149
98.0 -5.15293506805 0.0486794320196
101.0 -5.06435575909 0.0830796088646
104.0 -5.00332232374 0.0375648225
107.0 -4.953029277 0.0382379668252
110.0 -4.88852407398 0.0214016236494
113.0 -4.82598803662 0.0263526264004
116.0 -4.80635822969 0.0247151435074
119.0 -4.77344915667 0.0287192712937
122.0 -4.70802827577 0.0280130597003
125.0 -4.66877172115 0.0592505541285
128.0 -4.63040258315 0.0253795250591
131.0 -4.58136408086 0.0129408992231
134.0 -4.52099772085 0.0214942338977
137.0 -4.51300231747 0.00734337293115
140.0 -4.48858054602 0.0142605013962
143.0 -4.45413800974 0.022290499476
146.0 -4.42367520817 0.0344506497634
149.0 -4.37742335835 0.040914546677
152.0 -4.34563276575 0.02378496994
155.0 -4.3184015864 0.0323641427716
158.0 -4.31671790098 0.0544121430188
161.0 -4.27480802674 0.0258288995001
164.0 -4.2332871482 0.0219338503501
167.0 -4.19571013355 0.0147803116742
170.0 -4.16994673307 0.000712306792554
173.0 -4.13921933307 0.0133896193738
176.0 -4.12661317654 0.0295558554607
179.0 -4.10843874948 0.0385956768869
182.0 -4.07449632504 0.0550764345821
185.0 -4.05055970328 0.025002270193
188.0 -4.03658903012 0.010304616977
191.0 -4.0044672129 0.00749788882268
194.0 -3.97333885393 0.0222020983434
197.0 -3.94338699321 0.0241117334341
200.0 -3.93444430902 0.003597959587
203.0 -3.91702540297 0.00205443587426
206.0 -3.90298619808 0.00202451691087
209.0 -3.87186677896 0.00128700725055
212.0 -3.84757149435 0.00432068409127
215.0 -3.83113328746 0.0191414083549
218.0 -3.84085879542 0.0295607438134
221.0 -3.82728902806 0.00981504322735
224.0 -3.80466245849 0.000856372659422
227.0 -3.80854246036 0.0227613458423
230.0 -3.78875495 0.0295417367703
233.0 -3.77299992919 0.0167573336476
236.0 -3.79080629099 0.00655280434693
239.0 -3.75954094006 0.00125157098581
242.0 -3.7339040689 0.0131166767737
245.0 -3.72192685582 0.022896826092
248.0 -3.73189698154 0.033847953111
251.0 -3.72475575291 0.0234069898517
254.0 -3.70428422827 0.016230893167
257.0 -3.68523441237 0.0013072255266
260.0 -3.67975311338 0.0114560912225
263.0 -3.66649609668 0.0258311076597
266.0 -3.65938280356 0.0432929725444
269.0 -3.64109972397 0.0451286203681
272.0 -3.62708961672 0.0394466364738
275.0 -3.61510532999 0.0344805409389
278.0 -3.59289016456 0.0302722164359
281.0 -3.58247251334 0.0449984938316
284.0 -3.57382509242 0.0349946497533
287.0 -3.55587395904 0.0265667999232
290.0 -3.54978525449 0.0385402288634
293.0 -3.53982770922 0.0315575118906
296.0 -3.53525535237 0.0286111231911
299.0 -3.53279363964 0.0337222911448
302.0 -3.52736802401 0.0355637382371
305.0 -3.52839116744 0.016090047888
308.0 -3.51223800672 0.0159333266434
311.0 -3.5034546819 0.0219521391285
314.0 -3.49676901773 0.0204445994898
317.0 -3.49176945927 0.00230203458135
320.0 -3.47248724559 0.00793244590554
323.0 -3.46947108547 0.0211784601508
326.0 -3.46185954174 0.0215020144355
329.0 -3.4511541827 0.0299986117913
332.0 -3.44642101237 0.0266674331776
335.0 -3.44253304809 0.027499281742
338.0 -3.44714312147 0.0142131024135
341.0 -3.44556826351 0.000698590257289
344.0 -3.44129135294 0.0156866382909
347.0 -3.44084474989 0.0161274089521
350.0 -3.43330150219 0.010669591103
353.0 -3.42840492585 0.00526141394947
356.0 -3.41527230006 0.00171332236436
359.0 -3.40979957276 0.0120108894171
362.0 -3.39480123376 0.0119113516566
365.0 -3.39195779897 0.0104140412572
368.0 -3.3886860291 0.0155500004091
371.0 -3.37847967307 0.0189376459537
374.0 -3.38516945724 0.0186938485181
377.0 -3.38749119617 0.0198321817562
380.0 -3.37958350252 0.0110771971623
383.0 -3.38280972831 0.000934058604404
386.0 -3.38208440757 0.0123548466391
389.0 -3.37231910365 0.0177731765492
392.0 -3.36393273296 0.0159029779518
395.0 -3.35931373752 0.0150162681664
398.0 -3.3532947836 0.0195811053921
401.0 -3.3519613876 0.00310348423504
404.0 -3.35082800359 0.00673015648643
407.0 -3.34518101044 0.00926531611337
410.0 -3.34492405806 0.000203786751922
413.0 -3.33706504553 0.00171239890582
416.0 -3.32902623511 0.00579137311741
419.0 -3.32293905442 0.000857402959257
422.0 -3.31581459432 0.00119571317076
425.0 -3.30835711601 0.00555381590459
428.0 -3.30112447268 0.00156596025178
431.0 -3.29524030001 0.00374715990611
434.0 -3.29237380934 0.000699242087554
437.0 -3.28589937815 0.00525435531458
440.0 -3.28236213353 0.0162470955674
443.0 -3.27755723308 0.0199179211699
446.0 -3.27847257244 0.0188047262084
449.0 -3.26987364657 0.0225822171008
452.0 -3.26167758254 0.0236741523089
455.0 -3.2589639831 0.0264567012221
458.0 -3.26051651666 0.015713870568
461.0 -3.2598280313 0.00818874879602
464.0 -3.25725758066 0.00870691767638
467.0 -3.24747862404 0.00744905447457
470.0 -3.24452682431 0.00967059793462
473.0 -3.23632168589 0.00626149580686
476.0 -3.23555235583 0.000613463687581
479.0 -3.22895202792 0.000692399719995
482.0 -3.22311726426 0.00268903420741
485.0 -3.22316580696 0.00549511033055
488.0 -3.21609111963 0.00511498859342
491.0 -3.21432986435 0.0101317846232
494.0 -3.20921662631 0.00356971414015
497.0 -3.20750217082 0.00141682193914
500.0 -3.2031302578 0.00445057439616
503.0 -3.19978564393 0.00699185685775
506.0 -3.19485819051 0.00418137806689
509.0 -3.1892774939 0.00106902452884
512.0 -3.18456991093 0.000623025927514
515.0 -3.18346387262 0.00473325065485
518.0 -3.17734246022 0.00917265065655
521.0 -3.1794675784 0.0160101466805
524.0 -3.17771644818 0.0131804275045
527.0 -3.17260676252 0.00537273955827
530.0 -3.16592125254 0.00864894591725
533.0 -3.16266953817 0.00255314104776
536.0 -3.16171506884 0.00473828451635
539.0 -3.15612017978 0.00669052521468
542.0 -3.14809645185 0.00977183369406
545.0 -3.14114362735 0.0118922998272
548.0 -3.13685278631 0.0120218077819
551.0 -3.13424206334 0.0101125139694
554.0 -3.13282847816 0.0175868014349
557.0 -3.12965887325 0.022951235798
560.0 -3.13172082052 0.0338379245821
563.0 -3.12679522112 0.0383644828912
566.0 -3.12547262277 0.0347506863664
569.0 -3.11791213443 0.0295145486212
572.0 -3.11328593442 0.0320190644437
575.0 -3.10813748606 0.033706743395
578.0 -3.10327223095 0.0361053433065
581.0 -3.09760903526 0.0351567711189
584.0 -3.09671748876 0.038614624737
587.0 -3.09329218643 0.0366004569967
590.0 -3.08859748041 0.0383170694602
593.0 -3.0852662031 0.0395366250428
596.0 -3.08360763999 0.0417287966697
599.0 -3.08002139797 0.0380661704813
602.0 -3.07771248735 0.0430336483835
605.0 -3.07834381386 0.041696624809
608.0 -3.0735206536 0.0469674711021
611.0 -3.07172516021 0.0449142500157
614.0 -3.07032212258 0.0477614734093
617.0 -3.06705313333 0.0529067413355
620.0 -3.0619867472 0.0536566573913
623.0 -3.06103872915 0.0487592084449
626.0 -3.0619307656 0.0560585530981
629.0 -3.05638545988 0.0579676761018
632.0 -3.05048331371 0.0630410598186
635.0 -3.04791732955 0.0669164030013
638.0 -3.04378919163 0.0648421836724
641.0 -3.04559721492 0.0684407615987
644.0 -3.04775120779 0.0666409566298
647.0 -3.04473845104 0.0645004737694
650.0 -3.04368873135 0.0706268761602
653.0 -3.03836550593 0.0684877487872
656.0 -3.0337083466 0.0691252563106
659.0 -3.03092745201 0.0653225841086
662.0 -3.03106667436 0.0621377821494
665.0 -3.02558449388 0.0650827167803
668.0 -3.02513361366 0.0730387115717
671.0 -3.02160477485 0.0733060853971
674.0 -3.02144903402 0.075169205617
677.0 -3.01742341053 0.0748361072134
680.0 -3.02198113732 0.0731590805355
683.0 -3.01752075165 0.0721894148644
686.0 -3.01368975712 0.0704100066793
689.0 -3.01242492507 0.0680504864258
692.0 -3.00969427359 0.0648561058865
695.0 -3.00940566094 0.0627148244675
698.0 -3.00556516382 0.063731033698
701.0 -3.00378371171 0.060971333028
704.0 -3.01308771022 0.069744200025
707.0 -3.00816444624 0.0726994370999
710.0 -3.00284825844 0.0715138504987
713.0 -3.00577919125 0.0692252302369
716.0 -3.00369080079 0.0726362503661
719.0 -3.00229014376 0.0706850983498
722.0 -2.99968930811 0.0765898121549
725.0 -2.99861183173 0.0810861687502
728.0 -2.99816740798 0.0781775921656
731.0 -2.99359900548 0.0777714367654
734.0 -2.99471154027 0.0821313598272
737.0 -2.99099855429 0.0845193731169
740.0 -2.99125219874 0.0891411492449
743.0 -2.99300604193 0.0906116072227
746.0 -2.99107785409 0.0918356484071
749.0 -2.99045917777 0.0874509426427
752.0 -2.98838592973 0.0890801423075
755.0 -2.98269631675 0.0873136350036
758.0 -2.98109170732 0.0844214763037
761.0 -2.97665836288 0.0826872620878
764.0 -2.974703618 0.0847960226482
767.0 -2.96873997934 0.0869037364301
770.0 -2.96568358332 0.0832482886694
773.0 -2.96575060757 0.0794222617987
776.0 -2.96624299569 0.0766124269175
779.0 -2.96248917157 0.0769658722876
782.0 -2.96130762743 0.0752270781436
785.0 -2.96050812121 0.0777127167569
788.0 -2.9594653809 0.079833886949
791.0 -2.95681003243 0.0845737406976
794.0 -2.95511182072 0.0851739853015
797.0 -2.95204100778 0.0818834618426
800.0 -2.94950772901 0.0824261467588
803.0 -2.94536822317 0.0807124258982
806.0 -2.94272733648 0.0785247534828
809.0 -2.93986184574 0.0782335615618
812.0 -2.94269816073 0.0771156224326
815.0 -2.94070362762 0.0793868876928
818.0 -2.94103731297 0.0729013022054
821.0 -2.94053542937 0.0750252049512
824.0 -2.94133048366 0.0653722553085
827.0 -2.94072367895 0.0696802972577
830.0 -2.93680479819 0.0722161623989
833.0 -2.93569571728 0.0693812964151
836.0 -2.9332919647 0.0673127909331
839.0 -2.9314798361 0.0683432250439
842.0 -2.93304494827 0.0732305636915
845.0 -2.9328965544 0.0666170439028
848.0 -2.9303658637 0.0708801883192
851.0 -2.92806081364 0.0673250954143
854.0 -2.92477078737 0.0664970550025
857.0 -2.92150379511 0.0656748118428
860.0 -2.92137547699 0.0592345622854
863.0 -2.91923546375 0.0554838572068
866.0 -2.91883518558 0.0575577330608
869.0 -2.91661768782 0.0568494734451
872.0 -2.91371309715 0.0568477138693
875.0 -2.91278270939 0.0529827874628
878.0 -2.91303498372 0.0500853867209
881.0 -2.91128117561 0.0499856258328
884.0 -2.91003589504 0.0529876615405
887.0 -2.91473831197 0.0525119391146
890.0 -2.91025604799 0.053666359028
893.0 -2.91171718726 0.0544195388503
896.0 -2.91153678986 0.0574291682656
899.0 -2.9097825514 0.0574879632667
902.0 -2.91068312379 0.0608348208361
905.0 -2.9085808593 0.0598820000823
908.0 -2.90979552364 0.0590819172529
911.0 -2.91019752279 0.0584041700485
914.0 -2.90931837338 0.0604976626437
917.0 -2.90782498229 0.0577931062569
920.0 -2.90625544431 0.0564454411361
923.0 -2.90499206145 0.060395236669
926.0 -2.90229451697 0.0600170511582
929.0 -2.899445342 0.0617029712335
932.0 -2.89866606515 0.0581257077633
935.0 -2.89847372523 0.0622469437682
938.0 -2.89523233805 0.0607845659659
941.0 -2.89618920393 0.0583268864596
944.0 -2.89512710584 0.0611893177316
947.0 -2.89819001131 0.0654618459565
950.0 -2.8984108879 0.0725559121543
953.0 -2.89594742236 0.0713857901749
956.0 -2.89523426675 0.0745049181561
959.0 -2.89418806733 0.0688055956141
962.0 -2.89550563624 0.07157619799
965.0 -2.89311494515 0.0712955153629
968.0 -2.89129464573 0.0766831262543
971.0 -2.88851464168 0.0759259474647
974.0 -2.88679960684 0.0788155527424
977.0 -2.88534014029 0.0774181258581
980.0 -2.88582034097 0.0710623710321
983.0 -2.88638252711 0.0719938586199
986.0 -2.88720955796 0.0717178832531
989.0 -2.88956299295 0.0649838401705
992.0 -2.886071371 0.0666105399723
995.0 -2.88214854274 0.0652187800073
998.0 -2.87865511025 0.0632729611232
