2.0 -9.59504980754 0.53474538166
5.0 -9.73605539413 0.258125316823
8.0 -9.76090412926 0.210095026451
11.0 -9.82171736255 0.15146412661
14.0 -9.8275006378 0.116373659938
17.0 -9.79135730933 0.0837979444368
20.0 -9.75920243701 0.0797679027185
23.0 -9.71761646376 0.103041481455
26.0 -9.70343352658 0.126642037796
29.0 -9.6688481147 0.122934758464
32.0 -9.63954676643 0.114525690637
35.0 -9.50908800832 0.127853976561
38.0 -9.40018924532 0.101994194683
41.0 -9.26729539539 0.0780009316705
44.0 -9.13000847267 0.0896173825155
47.0 -9.06602415781 0.0813414773009
50.0 -8.99001037466 0.0828631470481
53.0 -8.93593909951 0.088665042746
56.0 -8.89380875052 0.105630265318
59.0 -8.84478209131 0.13912594102
62.0 -8.74936559388 0.140612733612
65.0 -8.68239272169 0.144135323905
68.0 -8.61679761265 0.144268460537
71.0 -8.544605041 0.156476049933
74.0 -8.45736955732 0.13180864706
77.0 -8.35355036573 0.149274699215
80.0 -8.26664791247 0.144683303111
83.0 -8.20004703437 0.152357326888
86.0 -8.1297129716 0.151315598761
89.0 -8.09311605018 0.160480828272
92.0 -8.05776907908 0.140844367232
95.0 -7.99233039147 0.128467814309
98.0 -7.95709996691 0.136678113142
101.0 -7.90218702372 0.140952078543
104.0 -7.85729093408 0.160298433462
107.0 -7.79986944955 0.159492625615
110.0 -7.77055755612 0.158152135283
113.0 -7.7160134427 0.147093654687
116.0 -7.66742967303 0.155632228084
119.0 -7.62330392985 0.150537236817
122.0 -7.58748829723 0.155721806864
125.0 -7.54966121887 0.150474900131
128.0 -7.50450906024 0.154087228187
131.0 -7.45118041879 0.152247201112
134.0 -7.42218983605 0.14971973586
137.0 -7.38367330174 0.145857628926
140.0 -7.32654721874 0.138423976271
143.0 -7.29031719365 0.127266604908
146.0 -7.23726810679 0.122194272729
149.0 -7.19581809094 0.113515646188
152.0 -7.15887939039 0.126465200875
155.0 -7.11910187845 0.123531150426
158.0 -7.07771833601 0.116859766019
161.0 -7.04415788673 0.113927750855
164.0 -7.01667437243 0.109923892649
167.0 -6.99265808331 0.110151094236
170.0 -6.95227024925 0.111905870362
173.0 -6.91162238964 0.115883108677
176.0 -6.87227567801 0.112116278499
179.0 -6.83561531357 0.108554410616
182.0 -6.80101302346 0.101395920473
185.0 -6.77150008483 0.0988019351444
188.0 -6.73998649295 0.105289723046
191.0 -6.71925497906 0.101592905095
194.0 -6.68896008695 0.0913846321476
197.0 -6.66263292919 0.0939081436013
200.0 -6.63499442765 0.0940428671297
203.0 -6.59785255095 0.101081197546
206.0 -6.57771057405 0.105578229471
209.0 -6.55965639006 0.109711584507
212.0 -6.53068298072 0.10718277997
215.0 -6.51125391902 0.108440136521
218.0 -6.47891004525 0.111319959221
221.0 -6.45653353024 0.109722193867
224.0 -6.44536427872 0.111465445044
227.0 -6.42999840177 0.109147658109
230.0 -6.40294835474 0.112795199955
233.0 -6.37824839122 0.106900093607
236.0 -6.35943970565 0.110748365257
239.0 -6.33827809944 0.105982093751
242.0 -6.32882727184 0.102803575289
245.0 -6.300918358 0.0999786896031
248.0 -6.27848050693 0.102960913299
251.0 -6.26846482364 0.106639320374
254.0 -6.24417812274 0.10777363066
257.0 -6.23091766754 0.109476955747
260.0 -6.21153459995 0.106627482193
263.0 -6.19747575117 0.107042670516
266.0 -6.17435675302 0.1017557585
269.0 -6.15269824756 0.103106070947
272.0 -6.13704694101 0.0970858095827
275.0 -6.12590998004 0.0932811505008
278.0 -6.10793758254 0.0973506627275
281.0 -6.09226566098 0.0970544926501
284.0 -6.07700592398 0.098169263409
287.0 -6.05952886959 0.0963695633661
290.0 -6.04329603808 0.0963478276118
293.0 -6.025843054 0.0981409744377
296.0 -6.01048925768 0.0951232712873
299.0 -5.99814830205 0.0967549030687
302.0 -5.98902534729 0.0968433934578
305.0 -5.97235345246 0.10134669859
308.0 -5.95864746868 0.0991096210022
311.0 -5.94467903292 0.0981266021343
314.0 -5.9303096157 0.101161306948
317.0 -5.91912575964 0.0983322852684
320.0 -5.90164788542 0.095669816438
323.0 -5.8869598515 0.0925811964823
326.0 -5.86941225527 0.0921857273438
329.0 -5.85958759207 0.0922665722822
332.0 -5.84689760046 0.0904832712892
335.0 -5.83231669262 0.092489713154
338.0 -5.82439942034 0.091196122609
341.0 -5.81122972349 0.0896951504379
344.0 -5.7966149731 0.0917322993837
347.0 -5.7826482596 0.0886986094971
350.0 -5.77189816259 0.0905493953334
353.0 -5.761964304 0.0901311680285
356.0 -5.75591943446 0.0901090244868
359.0 -5.74009448962 0.0916385076302
362.0 -5.72684515118 0.0934966323785
365.0 -5.71493393626 0.0927928199938
368.0 -5.70646876557 0.0946208518033
371.0 -5.69635411898 0.0910194779902
374.0 -5.68520029957 0.089308120722
377.0 -5.6790236362 0.0918111166423
380.0 -5.66900282666 0.0924531350264
383.0 -5.66033985478 0.0922207730085
386.0 -5.65090848579 0.0905832788794
389.0 -5.63665073751 0.0887671139297
392.0 -5.62668115831 0.0892071915202
395.0 -5.61949332363 0.088722709771
398.0 -5.60886648741 0.0879865563327
401.0 -5.59695050616 0.0866976150779
404.0 -5.58283290568 0.0863085483593
407.0 -5.57468961462 0.0850252628113
410.0 -5.56250801824 0.086488720489
413.0 -5.55521527784 0.0850207939412
416.0 -5.54837828875 0.0840259890215
419.0 -5.53684068543 0.0839577400907
422.0 -5.53065212537 0.0835211236349
425.0 -5.5210425193 0.0826588398144
428.0 -5.51047549821 0.0819681399682
431.0 -5.50250606846 0.0823373750948
434.0 -5.49212717841 0.0839363012232
437.0 -5.48302266578 0.0842617004047
440.0 -5.47564372997 0.084736218537
443.0 -5.46765455329 0.0846581458503
446.0 -5.45618412767 0.082842446254
449.0 -5.45057775493 0.0810353092141
452.0 -5.44141138977 0.0815050648373
455.0 -5.4386657401 0.0820370288035
458.0 -5.42911046444 0.0826621210117
461.0 -5.42287734836 0.0819741808826
464.0 -5.41558351003 0.0805210324878
467.0 -5.40854820539 0.0805670189711
470.0 -5.40577652806 0.0803465507348
473.0 -5.39659227248 0.0798785696026
476.0 -5.38596794832 0.0788330775727
479.0 -5.38023925095 0.0782120731405
482.0 -5.37524421068 0.0765827516995
485.0 -5.37234185828 0.0784187254648
488.0 -5.36517066607 0.0780954594494
491.0 -5.36031193061 0.0792205249869
494.0 -5.35695249344 0.0781289125337
497.0 -5.35294691082 0.078643510639
500.0 -5.34455291055 0.0781904756024
503.0 -5.34084686944 0.0792812105423
506.0 -5.33305620668 0.0789264385372
509.0 -5.32591454809 0.0790297862413
512.0 -5.31907508913 0.0776948886002
515.0 -5.31640508351 0.07658618352
518.0 -5.30935179124 0.0773432781935
521.0 -5.30264176414 0.0764983702382
524.0 -5.29641577199 0.0762200561661
527.0 -5.29347850332 0.0744944977329
530.0 -5.28777777765 0.0761399673894
533.0 -5.28276428201 0.0780215311257
536.0 -5.28035026074 0.0767759359389
539.0 -5.2745050171 0.0762245209312
542.0 -5.26954775449 0.075428112936
545.0 -5.26544554708 0.0752568508493
548.0 -5.2584170688 0.0745196636835
551.0 -5.25143767275 0.0754308715665
554.0 -5.24814547235 0.0771694669843
557.0 -5.24179709041 0.075729409659
560.0 -5.23996748283 0.0754697636328
563.0 -5.23435436684 0.0748598838279
566.0 -5.22786896096 0.0728083477145
569.0 -5.22750770793 0.0730618982642
572.0 -5.22358600284 0.0731539023743
575.0 -5.21778581193 0.072591401356
578.0 -5.21122975233 0.0712115279353
581.0 -5.20597995528 0.0712355153566
584.0 -5.19923702586 0.0708975307285
587.0 -5.19250035522 0.0700017246397
590.0 -5.18838202368 0.0686113031931
593.0 -5.18275187882 0.0678327863835
596.0 -5.17903150992 0.0683737028574
599.0 -5.17350276196 0.0679250288145
602.0 -5.17055022276 0.0670243842073
605.0 -5.16539010931 0.0659871715533
608.0 -5.15679769457 0.0657277682412
611.0 -5.15097734149 0.0673144340741
614.0 -5.14376285915 0.0664784809462
617.0 -5.13806888234 0.0665353263799
620.0 -5.1342663247 0.0660689072302
623.0 -5.12793307108 0.0656542275087
626.0 -5.1233077976 0.0652098689318
629.0 -5.11822016316 0.0652567938431
632.0 -5.1122158641 0.0673689258052
635.0 -5.10784652395 0.0674014970727
638.0 -5.10246730656 0.0666821275492
641.0 -5.0979356152 0.0651390647804
644.0 -5.09487966501 0.0643698297395
647.0 -5.08848608791 0.0630819926101
650.0 -5.08479935689 0.0625715101573
653.0 -5.08099586486 0.0630884449823
656.0 -5.07683880445 0.0636769396507
659.0 -5.07352774377 0.0647061871719
662.0 -5.06768586474 0.0642038087925
665.0 -5.06307463561 0.0638603865098
668.0 -5.06157574253 0.062401568776
671.0 -5.05507668081 0.0629464017676
674.0 -5.05273323009 0.0615182393927
677.0 -5.04979304024 0.0630353418067
680.0 -5.04519081314 0.0623273478016
683.0 -5.04255799321 0.0615789330144
686.0 -5.04072417241 0.0599159064465
689.0 -5.03746721874 0.060578671556
692.0 -5.0337120589 0.0600659212251
695.0 -5.02851636761 0.0587326798139
698.0 -5.02342851994 0.0589511527331
701.0 -5.02163303518 0.0589248219569
704.0 -5.01766172902 0.0588446496256
707.0 -5.01450701947 0.060321647131
710.0 -5.00883782901 0.0597230986855
713.0 -5.00341712826 0.0606793660156
716.0 -5.00179124289 0.0607429567591
719.0 -4.99761320247 0.0609243218579
722.0 -4.99427024742 0.0606174370872
725.0 -4.99272494602 0.0617191061696
728.0 -4.99106022643 0.0617958274909
731.0 -4.98830848012 0.0612974670412
734.0 -4.98476645674 0.0607445379744
737.0 -4.98406846209 0.059785616333
740.0 -4.98041868667 0.0585833478681
743.0 -4.97756344587 0.0587588634225
746.0 -4.97436724193 0.0589529105711
749.0 -4.96987580593 0.0597796135315
752.0 -4.96543409414 0.0588099094961
755.0 -4.96076059063 0.0582580767751
758.0 -4.95796998457 0.0569905607082
761.0 -4.95518816706 0.0579873431892
764.0 -4.95062301131 0.0580304308942
767.0 -4.94760357939 0.0576842044684
770.0 -4.94332477134 0.0591498003173
773.0 -4.94079166081 0.0596496041724
776.0 -4.93721421866 0.0589301660628
779.0 -4.93402466873 0.0584168989535
782.0 -4.93156932375 0.0581530836923
785.0 -4.92995365703 0.0578845782566
788.0 -4.92855496114 0.0587093961083
791.0 -4.92586310291 0.0586527962242
794.0 -4.92291324628 0.0595773722832
797.0 -4.91946709682 0.0583838430132
800.0 -4.91431836092 0.0573057697579
803.0 -4.91055828114 0.057096182893
806.0 -4.9079486387 0.0575838578644
809.0 -4.90562935632 0.0567548683695
812.0 -4.9026064655 0.0566714302448
815.0 -4.90165992012 0.0567741460913
818.0 -4.89818775784 0.0566204374634
821.0 -4.89479027975 0.0566853408701
824.0 -4.89176430485 0.0562908260078
827.0 -4.8890957266 0.0565573494239
830.0 -4.88734222323 0.055978411311
833.0 -4.88416998595 0.0558869992398
836.0 -4.88181131453 0.0569540520735
839.0 -4.88109764691 0.0575882756778
842.0 -4.87801516656 0.0571466876298
845.0 -4.87371396621 0.0553911971283
848.0 -4.87157914723 0.0554542140162
851.0 -4.86950254303 0.0547683775089
854.0 -4.86738537494 0.0542171005871
857.0 -4.86551973039 0.0549969666188
860.0 -4.86108722722 0.0552957937228
863.0 -4.85831936834 0.0550456531987
866.0 -4.85534414941 0.0542403748974
869.0 -4.85167561529 0.0545350712386
872.0 -4.84948027408 0.0545893998137
875.0 -4.84724829675 0.0543137595863
878.0 -4.84379637702 0.0537028914493
881.0 -4.84102895639 0.0541127992242
884.0 -4.83800999059 0.0533709562131
887.0 -4.83472726239 0.0531206823974
890.0 -4.83350989597 0.0530327704928
893.0 -4.83008217032 0.0527243701752
896.0 -4.82683020695 0.0527414950544
899.0 -4.82699616237 0.053144070014
902.0 -4.82461493348 0.0528802427263
905.0 -4.82376419414 0.0536505735169
908.0 -4.82248665231 0.0532355725873
911.0 -4.81939006023 0.0534297356275
914.0 -4.81683382923 0.052780783265
917.0 -4.81540921032 0.0518188874731
920.0 -4.8136039696 0.0510462450032
923.0 -4.81169717375 0.0506829072888
926.0 -4.81111779972 0.050460352566
929.0 -4.80788507617 0.0502512041443
932.0 -4.80527209206 0.0492083500526
935.0 -4.8015717033 0.0493256301861
938.0 -4.79862868395 0.0484662843248
941.0 -4.79656897803 0.0482958166921
944.0 -4.79579288814 0.0489383948687
947.0 -4.79231582382 0.0486257930112
950.0 -4.78906891927 0.0490533126352
953.0 -4.787479914 0.0485973692377
956.0 -4.78495959586 0.0487366213568
959.0 -4.78176576218 0.0474922024456
962.0 -4.77937032554 0.0478652733317
965.0 -4.7773259577 0.0489318438037
968.0 -4.77427688682 0.0481823131199
971.0 -4.77249726098 0.047258656212
974.0 -4.76998042707 0.0478895576389
977.0 -4.76721347627 0.0474432193326
980.0 -4.76589304435 0.0472965076742
983.0 -4.76345071955 0.0468508568776
986.0 -4.76107563564 0.0470892504875
989.0 -4.75891452918 0.0475274446406
992.0 -4.75578017408 0.0476466626419
995.0 -4.75414794656 0.0474265396139
998.0 -4.75136149979 0.0469762907089
