2.0 -9.60611506355 0.683983160461
5.0 -9.65478972385 0.468463936427
8.0 -9.55451756135 0.337217852745
11.0 -9.5490825878 0.282975726023
14.0 -9.44222751306 0.216240315914
17.0 -9.5088572867 0.168081857626
20.0 -9.39896545551 0.203617543786
23.0 -9.36274166125 0.177856179534
26.0 -9.32543761192 0.13571198353
29.0 -9.29791819697 0.126593979631
32.0 -9.22927752687 0.142242067733
35.0 -9.20864787966 0.13419344858
38.0 -9.15491357361 0.109509994754
41.0 -9.1218496236 0.109425015859
44.0 -9.04403825134 0.0915973666718
47.0 -8.9677966028 0.117572100793
50.0 -8.84538799698 0.131131339108
53.0 -8.7661167205 0.10764481213
56.0 -8.66096672768 0.133818662436
59.0 -8.59672037921 0.149588824179
62.0 -8.52995081492 0.147105837017
65.0 -8.45574124125 0.136061548372
68.0 -8.41187782174 0.149844649426
71.0 -8.31623349846 0.148224267737
74.0 -8.27888452371 0.143755448281
77.0 -8.22773559829 0.153813214671
80.0 -8.18402153626 0.137693457404
83.0 -8.14107498298 0.146660288075
86.0 -8.08266114825 0.137925934622
89.0 -8.00461534493 0.128658406723
92.0 -7.97769024468 0.12241303677
95.0 -7.9432024868 0.126488830756
98.0 -7.87651395734 0.115446965197
101.0 -7.82572618904 0.109935007269
104.0 -7.78212499506 0.116920251822
107.0 -7.7134486604 0.124070081756
110.0 -7.65874254136 0.117615344858
113.0 -7.62396201732 0.114253805812
116.0 -7.59076366989 0.112106845322
119.0 -7.55063144581 0.120830355277
122.0 -7.52106903002 0.115750609514
125.0 -7.47455954148 0.115734364003
128.0 -7.44139029588 0.106071047575
131.0 -7.41656810677 0.0971298719455
134.0 -7.37475512324 0.0997810604427
137.0 -7.33772934518 0.0856839977312
140.0 -7.31072544153 0.09109024257
143.0 -7.27535443294 0.092406666082
146.0 -7.27329935432 0.097403034457
149.0 -7.25233163716 0.0958360799605
152.0 -7.22482850849 0.10428945573
155.0 -7.20148997843 0.0926908221814
158.0 -7.16933252145 0.0862414856794
161.0 -7.13148154382 0.0836074957251
164.0 -7.11725190015 0.0742705299807
167.0 -7.09323660212 0.0738594241282
170.0 -7.06522139644 0.0840435878242
173.0 -7.05745569726 0.0841259909762
176.0 -7.02564688117 0.0900761820626
179.0 -7.00645653512 0.0828569935483
182.0 -6.99054038998 0.0850000817139
185.0 -6.97058984151 0.075188956402
188.0 -6.942542343 0.079902566681
191.0 -6.91911064799 0.0760507662671
194.0 -6.8872420305 0.0767548333105
197.0 -6.86991134457 0.0763876339849
200.0 -6.83986899145 0.0742711547841
203.0 -6.81301668076 0.0683194033447
206.0 -6.80061346749 0.070694200986
209.0 -6.77457490252 0.0705948373544
212.0 -6.74854531574 0.0697133454755
215.0 -6.7319115877 0.074560244204
218.0 -6.71734822535 0.0677064414704
221.0 -6.68911058336 0.0673061959202
224.0 -6.65749111127 0.0721974492679
227.0 -6.64229034718 0.0709402886722
230.0 -6.62944621047 0.0733084744395
233.0 -6.60900625493 0.07368819149
236.0 -6.58997793334 0.0748366870273
239.0 -6.56864655078 0.0705635698636
242.0 -6.55642403573 0.0701742058784
245.0 -6.53233339947 0.0721827956079
248.0 -6.50567731728 0.0783170399312
251.0 -6.49082593199 0.0805955021438
254.0 -6.47828111666 0.0836349624633
257.0 -6.45884439077 0.0820249377194
260.0 -6.44119125478 0.0823228547551
263.0 -6.42504353045 0.0755167924645
266.0 -6.41118732516 0.0769034074114
269.0 -6.39451717186 0.0762446027788
272.0 -6.38045244789 0.0813792330676
275.0 -6.36689345191 0.0819297486878
278.0 -6.35959762551 0.0837101690444
281.0 -6.34779089645 0.0813569846402
284.0 -6.33479175475 0.0765267422917
287.0 -6.31594346826 0.0749783612008
290.0 -6.30095745902 0.0738323142178
293.0 -6.28842805643 0.0697868332909
296.0 -6.27476956847 0.0672918318949
299.0 -6.25211816857 0.0674139508302
302.0 -6.2334880636 0.0700502164968
305.0 -6.22332622173 0.0672296361008
308.0 -6.21038458457 0.0668699865862
311.0 -6.19534835017 0.0648809128231
314.0 -6.17721685831 0.0648468736644
317.0 -6.17341334778 0.0627170750091
320.0 -6.16110792765 0.0633200858731
323.0 -6.15006231618 0.0636768542907
326.0 -6.14595426495 0.0621872555868
329.0 -6.13617762765 0.0625265769359
332.0 -6.12517673614 0.0647330524344
335.0 -6.11023082105 0.0664932495532
338.0 -6.09412189343 0.0661256005042
341.0 -6.0830231582 0.0670385373841
344.0 -6.06751231214 0.0687975553733
347.0 -6.05844721281 0.0674322041422
350.0 -6.04803385322 0.0677669679309
353.0 -6.04030758702 0.0715149653287
356.0 -6.0304860254 0.0722530547892
359.0 -6.01644109259 0.0702360086358
362.0 -6.00248732651 0.0727495071069
365.0 -5.98956463766 0.0730778563501
368.0 -5.97703701685 0.0742994344641
371.0 -5.96319239374 0.0724696605112
374.0 -5.95683944121 0.0734159464719
377.0 -5.94473021399 0.0744254548384
380.0 -5.93277900923 0.0737145974444
383.0 -5.91883359904 0.070861988558
386.0 -5.90937274934 0.0709497798527
389.0 -5.90424231102 0.0710082340234
392.0 -5.89439224465 0.0700074804809
395.0 -5.89011153376 0.071882905067
398.0 -5.8855117238 0.0706250746024
401.0 -5.87587687434 0.0705851135314
404.0 -5.86714464065 0.0707693071326
407.0 -5.85741954373 0.070516873406
410.0 -5.85388013096 0.0677038703961
413.0 -5.84396105014 0.0658699290519
416.0 -5.83583744633 0.0642504144578
419.0 -5.82547771574 0.0637247082379
422.0 -5.81464819716 0.0654572829108
425.0 -5.80996755089 0.0687132468988
428.0 -5.80509075797 0.0663987877866
431.0 -5.79924110159 0.0662746279001
434.0 -5.79066588264 0.0653299820884
437.0 -5.78569040875 0.0671405329466
440.0 -5.78017579004 0.0695355389356
443.0 -5.77763074976 0.0720640041413
446.0 -5.76700255674 0.0722891993677
449.0 -5.76475012843 0.0710983802038
452.0 -5.75879651061 0.0679615306622
455.0 -5.74745973261 0.0690586827104
458.0 -5.74088995171 0.0698555280032
461.0 -5.73184877429 0.0689656650958
464.0 -5.72430562405 0.065300041873
467.0 -5.7143183258 0.0640964540059
470.0 -5.70961369643 0.0634391853996
473.0 -5.70451348995 0.0624700323692
476.0 -5.69586763435 0.0630169647028
479.0 -5.68909006444 0.0617466363392
482.0 -5.67769363249 0.0619206586117
485.0 -5.67167697045 0.0624544065404
488.0 -5.66148914773 0.0625144864639
491.0 -5.6539971034 0.061467420398
494.0 -5.648316322 0.0605847207534
497.0 -5.6422447931 0.0597147117583
500.0 -5.63670981879 0.0613961355246
503.0 -5.62740665045 0.059882409702
506.0 -5.6215359892 0.0609633701911
509.0 -5.61547835369 0.0594501402537
512.0 -5.61026150566 0.0580205167322
515.0 -5.60269285679 0.0569461641947
518.0 -5.59352237198 0.0572376080428
521.0 -5.58744354091 0.0567750433658
524.0 -5.578838458 0.0567611602074
527.0 -5.57506448195 0.0536428151158
530.0 -5.56968653042 0.0539157207676
533.0 -5.55995680602 0.0557529449074
536.0 -5.55351237307 0.0564995704725
539.0 -5.55073122885 0.0570070826922
542.0 -5.54370717693 0.055916050853
545.0 -5.54119721933 0.0537027268877
548.0 -5.53720301108 0.0550503856349
551.0 -5.52723802741 0.0555037636167
554.0 -5.51961865046 0.0561204064008
557.0 -5.51510298232 0.0569284588584
560.0 -5.50916076992 0.0564413318805
563.0 -5.50180510333 0.0557352278439
566.0 -5.49769861495 0.0568947080788
569.0 -5.49472913925 0.0563429219546
572.0 -5.4917574921 0.0564185887485
575.0 -5.48666485716 0.0548435188058
578.0 -5.48470567815 0.0548661285334
581.0 -5.47770235368 0.0566420650879
584.0 -5.46998054485 0.0573807322637
587.0 -5.46374584002 0.057892431245
590.0 -5.45934514002 0.0592021258712
593.0 -5.45462305492 0.0570290865842
596.0 -5.44935495414 0.0586617788775
599.0 -5.44345769538 0.0575592356842
602.0 -5.43841504736 0.0560524044302
605.0 -5.433533519 0.0567706475353
608.0 -5.42462712136 0.0565996942629
611.0 -5.42145273016 0.0587180550633
614.0 -5.41671187533 0.057201105144
617.0 -5.41254317266 0.0580287009973
620.0 -5.40571415781 0.0574387668385
623.0 -5.40209439326 0.0566387994013
626.0 -5.39513369815 0.0554064284482
629.0 -5.39220222412 0.0556707760565
632.0 -5.38687034492 0.0549566958175
635.0 -5.38061083077 0.0564258740489
638.0 -5.3775978422 0.0548561968034
641.0 -5.36956314084 0.0547355197233
644.0 -5.36263110292 0.0549257559971
647.0 -5.35812724403 0.0545496100456
650.0 -5.35532693857 0.0538885348236
653.0 -5.35015042727 0.052777605756
656.0 -5.34262290897 0.0522768047372
659.0 -5.33923139201 0.0521119434983
662.0 -5.33237127737 0.0521614288223
665.0 -5.33048152241 0.0520986066737
668.0 -5.32529975141 0.0511611931287
671.0 -5.31777968233 0.0525817354402
674.0 -5.3153102037 0.0538964426796
677.0 -5.31408909982 0.0547118136105
680.0 -5.30949822889 0.053692281602
683.0 -5.30491095626 0.0536231775156
686.0 -5.30005598531 0.0535776317071
689.0 -5.29575111451 0.0521650500017
692.0 -5.29427676946 0.0505662480326
695.0 -5.28971450149 0.0510050540131
698.0 -5.28635005185 0.0504126336616
701.0 -5.28009975609 0.0503908370093
704.0 -5.27548503371 0.0491945675771
707.0 -5.26955110569 0.0489559592116
710.0 -5.26499978045 0.0499742370262
713.0 -5.25878328637 0.0503610837553
716.0 -5.25457222417 0.05127855772
719.0 -5.25118851731 0.0511778021188
722.0 -5.24733125139 0.0505012249575
725.0 -5.24442256491 0.050471831662
728.0 -5.23884342997 0.0502896855955
731.0 -5.2355530934 0.0499798167253
734.0 -5.23036741137 0.0498396302476
737.0 -5.22598576836 0.0502626353725
740.0 -5.22249937282 0.0497309308032
743.0 -5.2199693123 0.0483649941795
746.0 -5.21613818266 0.0488444716422
749.0 -5.2120100868 0.0487472563707
752.0 -5.20796241481 0.0484559796394
755.0 -5.20310071071 0.0471747456297
758.0 -5.19882433733 0.0468393465427
761.0 -5.19569551694 0.0469959810271
764.0 -5.19185204855 0.0469032916321
767.0 -5.1891381463 0.0467292648752
770.0 -5.18448932563 0.0468096706659
773.0 -5.18076460955 0.0456220091414
776.0 -5.17606824731 0.0462218614985
779.0 -5.17091549099 0.0479406063877
782.0 -5.16773317683 0.0468757470274
785.0 -5.16369597797 0.0468990383482
788.0 -5.15998356351 0.0461995343432
791.0 -5.15565268456 0.0449880725623
794.0 -5.15074171268 0.0451945389842
797.0 -5.14584959044 0.0447451008761
800.0 -5.1412804631 0.0439891450299
803.0 -5.13941595236 0.0435844111749
806.0 -5.13546513003 0.0426668723339
809.0 -5.13249934691 0.0415440708839
812.0 -5.12954867384 0.042613941789
815.0 -5.12596189988 0.0422970970025
818.0 -5.12250640974 0.0434573374969
821.0 -5.11936411659 0.0429631765444
824.0 -5.1145874032 0.044045522379
827.0 -5.11187492417 0.0428988691185
830.0 -5.10723227435 0.0427437635112
833.0 -5.10228116329 0.0426911389607
836.0 -5.10028193953 0.0429273199566
839.0 -5.09772665153 0.0436241482285
842.0 -5.09430915973 0.041847769107
845.0 -5.09255319228 0.040776235423
848.0 -5.08713620422 0.0413530448873
851.0 -5.08325618281 0.0398471166376
854.0 -5.07923576052 0.0390142178931
857.0 -5.07583706741 0.0383124203278
860.0 -5.07284067182 0.0365355537478
863.0 -5.06964200702 0.0371910638401
866.0 -5.06657629378 0.0368715619372
869.0 -5.06411673131 0.0355885817737
872.0 -5.06187464534 0.0357341375382
875.0 -5.05963725716 0.0356895250473
878.0 -5.05808800683 0.0356819382827
881.0 -5.05518052412 0.0350601905305
884.0 -5.0522269237 0.0355121981936
887.0 -5.04891057607 0.0360868591641
890.0 -5.04670845748 0.0354345186643
893.0 -5.04449515182 0.0360887430293
896.0 -5.04074746227 0.0361413724167
899.0 -5.03812348274 0.0360743142845
902.0 -5.03566220653 0.0364595916558
905.0 -5.03235010434 0.0364330439998
908.0 -5.03018246287 0.0368937503356
911.0 -5.02626254261 0.0375960254604
914.0 -5.02315467435 0.0382663185907
917.0 -5.02068792344 0.0373536138497
920.0 -5.01795494176 0.0369402259601
923.0 -5.01393750129 0.0374531472205
926.0 -5.01041886505 0.0369734617465
929.0 -5.0082482821 0.0371293404137
932.0 -5.00510998048 0.0372417371647
935.0 -5.00334184442 0.0374725005099
938.0 -5.0010155274 0.0374376597146
941.0 -4.99999755019 0.0364466743632
944.0 -4.99807705712 0.0364371601556
947.0 -4.99420369429 0.0363175422706
950.0 -4.99147921454 0.0362789269483
953.0 -4.9892872716 0.0368752796531
956.0 -4.98733758354 0.0366990184089
959.0 -4.98523580015 0.0364527112514
962.0 -4.98211657251 0.0371966580163
965.0 -4.97863998208 0.037440716627
968.0 -4.97506050595 0.0370656043248
971.0 -4.97346112661 0.0377500499147
974.0 -4.97071279424 0.0382653920374
977.0 -4.96682490762 0.0381541205931
980.0 -4.9647653592 0.0383211775298
983.0 -4.96359965284 0.0383367838342
986.0 -4.96153163823 0.0381005710715
989.0 -4.95937174186 0.0377987950812
992.0 -4.95572214389 0.037559378037
995.0 -4.95331767343 0.037061712686
998.0 -4.95163940469 0.0373096783973
