2.0 -9.98918346237 0.016499484496
5.0 -9.85769917996 0.197570968192
8.0 -9.76726198249 0.142210526554
11.0 -9.72074990967 0.124532150741
14.0 -9.68208727577 0.135534671763
17.0 -9.67645347457 0.131478765613
20.0 -9.55255415302 0.119344732155
23.0 -9.50025271568 0.13065845433
26.0 -9.40298722821 0.119889063423
29.0 -9.33380555049 0.130601916921
32.0 -9.23338015929 0.124424968375
35.0 -9.18701619736 0.132919245417
38.0 -9.11670871418 0.140886493003
41.0 -9.04835468885 0.131883200286
44.0 -8.96580947482 0.14745220181
47.0 -8.95534179655 0.118868066933
50.0 -8.90827623046 0.101830718837
53.0 -8.87706500979 0.0901977832601
56.0 -8.81476346345 0.117333289912
59.0 -8.72095592267 0.116953764081
62.0 -8.66463388107 0.1213404361
65.0 -8.60790602414 0.146771462288
68.0 -8.54698225631 0.162100603267
71.0 -8.50907704576 0.14690297904
74.0 -8.47413038891 0.146810697279
77.0 -8.4403574613 0.144157768501
80.0 -8.37514105745 0.154123919883
83.0 -8.33022962031 0.154821679928
86.0 -8.28634844496 0.162581359045
89.0 -8.2427502875 0.163862983082
92.0 -8.219765193 0.16493505886
95.0 -8.15679443105 0.151204213915
98.0 -8.09892981394 0.164674274494
101.0 -8.06455292712 0.163360899335
104.0 -8.02135730098 0.166914806829
107.0 -7.95635256936 0.149216757331
110.0 -7.93114295584 0.146609439399
113.0 -7.87494782251 0.134941409467
116.0 -7.82412257069 0.133754161671
119.0 -7.78918728951 0.13054630356
122.0 -7.73785588305 0.130053353506
125.0 -7.70177163501 0.117752828472
128.0 -7.67496249431 0.111291053005
131.0 -7.63130290404 0.110598181295
134.0 -7.58283516287 0.116347800098
137.0 -7.54595445619 0.109352133853
140.0 -7.51789954953 0.115098621635
143.0 -7.49379836529 0.107681535389
146.0 -7.45120080952 0.104641968201
149.0 -7.42485216634 0.109239425464
152.0 -7.39212718278 0.103839990035
155.0 -7.36539642194 0.105998701082
158.0 -7.32675148114 0.106853866303
161.0 -7.29874005694 0.110446926581
164.0 -7.28264915622 0.105186159738
167.0 -7.24955172024 0.0981959784558
170.0 -7.21669560238 0.100193042225
173.0 -7.19396661917 0.107741340068
176.0 -7.16246358406 0.10033057923
179.0 -7.14082484707 0.0967300975909
182.0 -7.11862747412 0.0965003023637
185.0 -7.080958635 0.100361557803
188.0 -7.06324198252 0.103632394924
191.0 -7.03309457989 0.104457657511
194.0 -7.00724957932 0.100647070378
197.0 -6.98035803842 0.0960987971909
200.0 -6.95012614024 0.0916175105564
203.0 -6.93656127795 0.0949845719101
206.0 -6.91114282764 0.0891797546046
209.0 -6.89390283175 0.0873503792166
212.0 -6.88189308069 0.0847498176332
215.0 -6.86223779596 0.0911517732151
218.0 -6.84773849565 0.0935626841267
221.0 -6.83665194644 0.0887125778201
224.0 -6.81005639844 0.0853948163465
227.0 -6.79395131407 0.0851242035632
230.0 -6.77204236944 0.0851203386505
233.0 -6.7545101776 0.0844594741647
236.0 -6.73342235671 0.0879045150735
239.0 -6.70810964042 0.0888078099111
242.0 -6.6776128317 0.0850378407335
245.0 -6.66631472038 0.0851900203358
248.0 -6.6405837621 0.0843071092478
251.0 -6.62864820841 0.0865096625009
254.0 -6.61859143545 0.0810864759972
257.0 -6.60599803211 0.0747473762593
260.0 -6.58680849515 0.0770747357152
263.0 -6.56832700267 0.0823669381956
266.0 -6.55238119929 0.0846251877983
269.0 -6.53135113029 0.0865426045292
272.0 -6.51756933172 0.0866168606419
275.0 -6.50413043498 0.0880069934661
278.0 -6.48416859048 0.0916174612507
281.0 -6.47218073496 0.0877651121433
284.0 -6.45371250168 0.0876909805991
287.0 -6.43290494088 0.084925919298
290.0 -6.41327511829 0.079595270531
293.0 -6.39247835329 0.0806981101061
296.0 -6.37768510044 0.0817618464944
299.0 -6.36230146621 0.0780999387609
302.0 -6.34746549655 0.0778193733451
305.0 -6.34105459568 0.0768074176216
308.0 -6.33490522474 0.0800685015789
311.0 -6.3251524515 0.0795704491162
314.0 -6.30789644632 0.0758619146661
317.0 -6.29917833484 0.0783422685581
320.0 -6.28292885968 0.0776072300047
323.0 -6.27144617645 0.0755748277406
326.0 -6.26116048371 0.0763871767535
329.0 -6.25523646833 0.0735107854006
332.0 -6.2406164117 0.06651568717
335.0 -6.22257313313 0.0698691163465
338.0 -6.20932067262 0.0677517514506
341.0 -6.196619721 0.0682333712576
344.0 -6.18301942046 0.0671281623811
347.0 -6.17241791973 0.0668247710809
350.0 -6.16251029182 0.0638762472196
353.0 -6.15685631302 0.0668286112697
356.0 -6.14272435549 0.0668318412794
359.0 -6.13367378988 0.0681989215674
362.0 -6.12288706112 0.0672937280201
365.0 -6.11730741529 0.0643928008003
368.0 -6.10261540221 0.060721527685
371.0 -6.09344257543 0.0624134315593
374.0 -6.08252506386 0.0657823784474
377.0 -6.07154794939 0.0639025065248
380.0 -6.0603883012 0.0610239314175
383.0 -6.04820717638 0.0601848011019
386.0 -6.04192962687 0.0583594816567
389.0 -6.0306287162 0.0580136946139
392.0 -6.02121404884 0.0568071898711
395.0 -6.01545168405 0.0503017261347
398.0 -6.00638740539 0.0460816992868
401.0 -5.99923543016 0.0436886928299
404.0 -5.98861789804 0.0424778942591
407.0 -5.97943593936 0.0453505205931
410.0 -5.96750719342 0.0427830987398
413.0 -5.95761232359 0.0451896224556
416.0 -5.94848815664 0.0425694617031
419.0 -5.9389456724 0.042659241029
422.0 -5.92851555217 0.041918702628
425.0 -5.92291584505 0.0388983938156
428.0 -5.91083680215 0.0437026340151
431.0 -5.89998142558 0.0448666950555
434.0 -5.89309273227 0.0447050734794
437.0 -5.88556723578 0.046281890257
440.0 -5.87772283533 0.0463713501446
443.0 -5.869080896 0.045533542323
446.0 -5.85966489585 0.0473670094857
449.0 -5.85412909969 0.0463102302871
452.0 -5.84533012803 0.0454665071789
455.0 -5.83480712921 0.0447083324342
458.0 -5.8244420911 0.0442167334969
461.0 -5.82015944771 0.0444821298301
464.0 -5.81373415809 0.0425756610578
467.0 -5.80657041045 0.0406291313047
470.0 -5.80058233062 0.0403125617898
473.0 -5.79382571235 0.0416964676156
476.0 -5.78851058222 0.0430018910101
479.0 -5.78013900058 0.0425850010933
482.0 -5.77346173405 0.0399153784053
485.0 -5.76568410367 0.0395923418221
488.0 -5.75521099049 0.0384815748493
491.0 -5.74984799248 0.0382743865023
494.0 -5.74259297596 0.0393015313529
497.0 -5.73567351487 0.0396285614631
500.0 -5.72435760109 0.0396035828481
503.0 -5.71607010461 0.039646934344
506.0 -5.70927624551 0.0410018274925
509.0 -5.70197240745 0.0411157841113
512.0 -5.69803876782 0.040864176525
515.0 -5.69204913876 0.0419989884839
518.0 -5.6848653868 0.0415886240356
521.0 -5.67742419232 0.0395420513023
524.0 -5.67047349658 0.0404855451048
527.0 -5.66638761825 0.0400107477263
530.0 -5.66222835933 0.0429169702335
533.0 -5.65348187059 0.0434423434726
536.0 -5.64573626342 0.0452574398885
539.0 -5.64091682468 0.0462401580002
542.0 -5.63383449911 0.046091552297
545.0 -5.62823436078 0.0453338222652
548.0 -5.62224529125 0.045119893017
551.0 -5.61541734574 0.0448426017282
554.0 -5.6109910816 0.0475423477401
557.0 -5.60333253188 0.0481805943412
560.0 -5.59438177138 0.0474334448584
563.0 -5.58922319249 0.0479827797668
566.0 -5.58330985591 0.0487704366679
569.0 -5.57942974194 0.0497430340781
572.0 -5.57132911514 0.0487969363261
575.0 -5.56166931522 0.0491368525224
578.0 -5.55814646164 0.0482836418768
581.0 -5.55446023389 0.04714476122
584.0 -5.54633359788 0.0455985835587
587.0 -5.54018132794 0.0471682624807
590.0 -5.53555749585 0.0488729532195
593.0 -5.53017681668 0.0496965251607
596.0 -5.52495755528 0.0492249776407
599.0 -5.51932200111 0.0473937717753
602.0 -5.51412902639 0.04707444902
605.0 -5.50851237989 0.0464773396147
608.0 -5.5036320393 0.0465888223712
611.0 -5.49805348443 0.0467586764368
614.0 -5.49174812242 0.0464244143098
617.0 -5.4848844901 0.0453423303762
620.0 -5.48230511858 0.0447887530421
623.0 -5.47772616651 0.0429528666333
626.0 -5.4726110254 0.0418987527359
629.0 -5.46729808866 0.0417478921853
632.0 -5.46108035597 0.0412234382709
635.0 -5.45480636571 0.0399225267192
638.0 -5.44971580965 0.0395045689307
641.0 -5.44498019218 0.0402698662908
644.0 -5.43927649576 0.0412416110611
647.0 -5.43321811042 0.0406383751344
650.0 -5.42579341781 0.0398958198296
653.0 -5.41866417574 0.0404527624924
656.0 -5.41369704652 0.0403697455709
659.0 -5.4089626391 0.0395386300962
662.0 -5.40498822857 0.0403469519297
665.0 -5.40178776763 0.0400976532338
668.0 -5.39689487166 0.039716565983
671.0 -5.39180750343 0.0402775334264
674.0 -5.38542731425 0.0407323460679
677.0 -5.38038538166 0.0416412446562
680.0 -5.37483257183 0.0424529385158
683.0 -5.37179542725 0.0413387817189
686.0 -5.36741239066 0.0427755144906
689.0 -5.36122693806 0.0418312159921
692.0 -5.35566397793 0.0431276821626
695.0 -5.35050918273 0.0443756966442
698.0 -5.34670137678 0.0446337709909
701.0 -5.34164242884 0.0449915453126
704.0 -5.33943339705 0.044883423393
707.0 -5.33590860579 0.0445254909915
710.0 -5.33055766324 0.0438830348431
713.0 -5.32579738821 0.0441827482597
716.0 -5.31890090501 0.0443464733659
719.0 -5.3139810018 0.0462877557034
722.0 -5.31131695996 0.0453607547813
725.0 -5.3081888869 0.0443184831803
728.0 -5.30389614535 0.0443142690071
731.0 -5.29871089215 0.045006920909
734.0 -5.29330346634 0.0448011393227
737.0 -5.28650465322 0.0435228413399
740.0 -5.28447946892 0.0441998328704
743.0 -5.27910876761 0.0440084000717
746.0 -5.27362649716 0.0436482040951
749.0 -5.27175640834 0.0423262505273
752.0 -5.26777941034 0.0425869074126
755.0 -5.26246313685 0.0430011628514
758.0 -5.26019239334 0.0426394492287
761.0 -5.2546196632 0.0428547876123
764.0 -5.25215920173 0.0421314632793
767.0 -5.24965287986 0.0406607174803
770.0 -5.24541799871 0.040105244494
773.0 -5.24301361336 0.039979371719
776.0 -5.23866225548 0.0401768158697
779.0 -5.23588027161 0.0401497699158
782.0 -5.2319181688 0.0391807953621
785.0 -5.22708887902 0.0398867237936
788.0 -5.22381286083 0.039491491819
791.0 -5.21945518992 0.0400679298439
794.0 -5.21520582412 0.0389508580632
797.0 -5.2129254368 0.0394445512428
800.0 -5.20767768842 0.0389829951062
803.0 -5.20333162676 0.0386130234188
806.0 -5.20081844664 0.0385069198867
809.0 -5.19659012955 0.0389705612282
812.0 -5.19162758399 0.0388670879918
815.0 -5.188434488 0.0383271088173
818.0 -5.184682408 0.037510697082
821.0 -5.18049534102 0.0380071795563
824.0 -5.17787021019 0.0389073577359
827.0 -5.17469974693 0.0391055640304
830.0 -5.17024640847 0.0398163747855
833.0 -5.16726094029 0.0405636056185
836.0 -5.16627151506 0.0388013299699
839.0 -5.1633921077 0.0388804302979
842.0 -5.16167998382 0.0376600385921
845.0 -5.16006740646 0.0374978744763
848.0 -5.15512809347 0.0368240355014
851.0 -5.15035372053 0.0367534193865
854.0 -5.14520546873 0.0363471685765
857.0 -5.14174995603 0.0359192573168
860.0 -5.13965698353 0.0364399273255
863.0 -5.13579899957 0.0362735079333
866.0 -5.13376789282 0.036210249173
869.0 -5.13129387811 0.0351983986806
872.0 -5.13059440251 0.0348180343593
875.0 -5.12725497978 0.0351802595479
878.0 -5.12438006957 0.0349417224042
881.0 -5.12180689035 0.0351123039925
884.0 -5.11791909283 0.0364298517377
887.0 -5.1157005331 0.0359836301787
890.0 -5.11350456326 0.0359893008222
893.0 -5.10906629378 0.0367844197216
896.0 -5.10596390335 0.0360283853426
899.0 -5.10567282771 0.0353827679982
902.0 -5.10299379877 0.0352328881657
905.0 -5.09957448878 0.0351331800611
908.0 -5.09792591233 0.0353645423682
911.0 -5.09457542832 0.0361275787291
914.0 -5.09171609552 0.0352170458985
917.0 -5.09044336045 0.0351459467865
920.0 -5.08762657891 0.034734038837
923.0 -5.08451434801 0.0335227680167
926.0 -5.08112091892 0.0340120666223
929.0 -5.07611283027 0.0340491970008
932.0 -5.07582462703 0.0337817431065
935.0 -5.07173854134 0.0337274020888
938.0 -5.06749433414 0.0327156307553
941.0 -5.06331526385 0.033453991779
944.0 -5.06078867213 0.0332264384403
947.0 -5.0582339583 0.0353250677295
950.0 -5.05625620905 0.0359823483305
953.0 -5.053015898 0.0361414064445
956.0 -5.05177326475 0.0349743942367
959.0 -5.04962770156 0.0350935793957
962.0 -5.04712595164 0.0340401952741
965.0 -5.04430811677 0.034138759523
968.0 -5.04159868015 0.033929486488
971.0 -5.03897512146 0.0345148218377
974.0 -5.03366352585 0.0350827856065
977.0 -5.03028503111 0.0352852263755
980.0 -5.02804657969 0.0355690899422
983.0 -5.02636732372 0.0349716010984
986.0 -5.02492549076 0.0352299266741
989.0 -5.0235551276 0.034829408856
992.0 -5.02088934872 0.0339835547597
995.0 -5.01715200852 0.0339529629008
998.0 -5.01506919964 0.033724278906
