4.0 -7.84732255132 0.0
9.0 -7.90026414753 0.0
14.0 -8.48019923585 0.0
19.0 -8.56710490844 0.0
24.0 -8.37844138929 0.0
29.0 -7.99304512007 0.0
34.0 -7.83559404928 0.0
39.0 -7.63568842558 0.0
44.0 -7.36249047218 0.0
49.0 -7.15967112896 0.0
54.0 -6.8691299691 0.0
59.0 -6.64017671259 0.0
64.0 -6.56615649182 0.0
69.0 -6.36261593501 0.0
74.0 -6.1399959394 0.0
79.0 -5.93746708247 0.0
84.0 -5.80739905375 0.0
89.0 -5.68158369006 0.0
94.0 -5.5687092491 0.0
99.0 -5.45646024773 0.0
104.0 -5.30641888967 0.0
109.0 -5.1945103351 0.0
114.0 -5.04133005724 0.0
119.0 -4.96329850114 0.0
124.0 -4.84949694867 0.0
129.0 -4.77724512896 0.0
134.0 -4.73533221452 0.0
139.0 -4.63081666723 0.0
144.0 -4.55352851907 0.0
149.0 -4.47800809896 0.0
154.0 -4.40271627757 0.0
159.0 -4.35546373991 0.0
164.0 -4.34661164112 0.0
169.0 -4.27848703636 0.0
174.0 -4.28512480951 0.0
179.0 -4.21897936791 0.0
184.0 -4.18065981987 0.0
189.0 -4.13193918971 0.0
194.0 -4.10505720029 0.0
199.0 -4.08241601435 0.0
204.0 -4.0448077787 0.0
209.0 -3.98875974572 0.0
214.0 -3.95894568624 0.0
219.0 -3.96758021496 0.0
224.0 -3.93476815659 0.0
229.0 -3.90413566409 0.0
234.0 -3.86054302169 0.0
239.0 -3.82494630576 0.0
244.0 -3.78406216015 0.0
249.0 -3.78901099151 0.0
254.0 -3.76426274365 0.0
259.0 -3.73574068296 0.0
264.0 -3.72032968518 0.0
269.0 -3.70186926393 0.0
274.0 -3.66865997079 0.0
279.0 -3.67277223296 0.0
284.0 -3.65717528485 0.0
289.0 -3.64986633528 0.0
294.0 -3.65442434016 0.0
299.0 -3.65474731106 0.0
304.0 -3.63838927647 0.0
309.0 -3.61445126228 0.0
314.0 -3.59488993645 0.0
319.0 -3.56750608165 0.0
324.0 -3.5520107131 0.0
329.0 -3.55259442275 0.0
334.0 -3.54430717391 0.0
339.0 -3.53440528376 0.0
344.0 -3.51848541045 0.0
349.0 -3.53182220973 0.0
354.0 -3.52073599208 0.0
359.0 -3.50952989191 0.0
364.0 -3.49187151427 0.0
369.0 -3.47225265906 0.0
374.0 -3.44834553795 0.0
379.0 -3.45121993194 0.0
384.0 -3.44067104715 0.0
389.0 -3.43196213909 0.0
394.0 -3.4176354622 0.0
399.0 -3.40245206041 0.0
404.0 -3.3948823567 0.0
409.0 -3.38916152104 0.0
414.0 -3.37250256547 0.0
419.0 -3.37242422937 0.0
424.0 -3.35463620779 0.0
429.0 -3.33997981843 0.0
434.0 -3.32633488964 0.0
439.0 -3.32560692962 0.0
444.0 -3.32725804753 0.0
449.0 -3.31421063052 0.0
454.0 -3.30182725353 0.0
459.0 -3.28794896101 0.0
464.0 -3.27436976962 0.0
469.0 -3.26297990001 0.0
474.0 -3.25012146225 0.0
479.0 -3.23854420272 0.0
484.0 -3.24598513761 0.0
489.0 -3.23352925686 0.0
494.0 -3.22775487167 0.0
499.0 -3.22400187897 0.0
504.0 -3.2150437254 0.0
509.0 -3.20918983812 0.0
514.0 -3.19765497783 0.0
519.0 -3.19239459109 0.0
524.0 -3.18547116942 0.0
529.0 -3.17573703738 0.0
534.0 -3.16819081044 0.0
539.0 -3.15548978251 0.0
544.0 -3.14451119996 0.0
549.0 -3.14581846881 0.0
554.0 -3.13410350068 0.0
559.0 -3.130640303 0.0
564.0 -3.12100696698 0.0
569.0 -3.12208478906 0.0
574.0 -3.11269380657 0.0
579.0 -3.10430284106 0.0
584.0 -3.09759665235 0.0
589.0 -3.08851518671 0.0
594.0 -3.08616085012 0.0
599.0 -3.08896489628 0.0
604.0 -3.08286253787 0.0
609.0 -3.0808653085 0.0
614.0 -3.07507487439 0.0
619.0 -3.06122128089 0.0
624.0 -3.06377368345 0.0
629.0 -3.06031618199 0.0
634.0 -3.05573218671 0.0
639.0 -3.05033057492 0.0
644.0 -3.05039119157 0.0
649.0 -3.05316417315 0.0
654.0 -3.04806352962 0.0
659.0 -3.04344330557 0.0
664.0 -3.03675773851 0.0
669.0 -3.02678197066 0.0
674.0 -3.01962483438 0.0
679.0 -3.01865120673 0.0
684.0 -3.02290260961 0.0
689.0 -3.02230479822 0.0
694.0 -3.02137117575 0.0
699.0 -3.01389069524 0.0
704.0 -3.00688721019 0.0
709.0 -3.00078095342 0.0
714.0 -2.99953878988 0.0
719.0 -2.99919737353 0.0
724.0 -3.00121165673 0.0
729.0 -2.99899209804 0.0
734.0 -2.99126054424 0.0
739.0 -2.99202520241 0.0
744.0 -2.98347664594 0.0
749.0 -2.9790315415 0.0
754.0 -2.9816784383 0.0
759.0 -2.97967528654 0.0
764.0 -2.97778739984 0.0
769.0 -2.97288631142 0.0
774.0 -2.97191434687 0.0
779.0 -2.96554146917 0.0
784.0 -2.96359031184 0.0
789.0 -2.96974041773 0.0
794.0 -2.96814342518 0.0
799.0 -2.96236029986 0.0
804.0 -2.95937932785 0.0
809.0 -2.95171938145 0.0
814.0 -2.96070085857 0.0
819.0 -2.95510439423 0.0
824.0 -2.95104927048 0.0
829.0 -2.95169516149 0.0
834.0 -2.94780622167 0.0
839.0 -2.94386709043 0.0
844.0 -2.93815117165 0.0
849.0 -2.93278985733 0.0
854.0 -2.93206403849 0.0
859.0 -2.92745959124 0.0
864.0 -2.92497197786 0.0
869.0 -2.92130021734 0.0
874.0 -2.92700145765 0.0
879.0 -2.92780534128 0.0
884.0 -2.92178834274 0.0
889.0 -2.91594026432 0.0
894.0 -2.91360055367 0.0
899.0 -2.9153865239 0.0
904.0 -2.91120308073 0.0
909.0 -2.90875872935 0.0
914.0 -2.91248720567 0.0
919.0 -2.90926921217 0.0
924.0 -2.90487445453 0.0
929.0 -2.89955821957 0.0
934.0 -2.89314730833 0.0
939.0 -2.88844364854 0.0
944.0 -2.88802191312 0.0
949.0 -2.88082474814 0.0
954.0 -2.87805208174 0.0
959.0 -2.87352522 0.0
964.0 -2.87304592944 0.0
969.0 -2.8652386749 0.0
974.0 -2.86402502668 0.0
979.0 -2.86058158936 0.0
984.0 -2.85815691766 0.0
989.0 -2.85717038118 0.0
994.0 -2.8548954698 0.0
999.0 -2.85110278977 0.0
