4.0 -7.94077855174 0.667234352375
9.0 -8.34454912874 0.923330080892
14.0 -8.19246965937 1.23893697212
19.0 -8.34867374462 0.865689698617
24.0 -8.24423068485 0.127027666161
29.0 -8.2101477707 0.273536464037
34.0 -8.17348742108 0.356384520325
39.0 -7.89266443101 0.225917518363
44.0 -7.84096396414 0.140702828602
49.0 -7.5987072463 0.137661893941
54.0 -7.50145330012 0.276390903902
59.0 -7.41502161143 0.0989388857564
64.0 -7.3899231462 0.0521270967984
69.0 -7.44544936602 0.0395685293014
74.0 -7.29551988018 0.0445709585387
79.0 -7.09519027647 0.0296003240622
84.0 -6.95218119048 0.0462933927922
89.0 -6.82229620123 0.0480822464666
94.0 -6.66218361735 0.0411393042715
99.0 -6.48219861557 0.149409572504
104.0 -6.41945982123 0.197910162669
109.0 -6.32497059483 0.200413553166
114.0 -6.26928184693 0.223712612
119.0 -6.16095603 0.224759184155
124.0 -6.07412624279 0.229618782368
129.0 -6.03006515691 0.17771493808
134.0 -5.96239652391 0.180647112425
139.0 -5.87696268001 0.218824269253
144.0 -5.79517344525 0.190412495401
149.0 -5.7412220665 0.255831734239
154.0 -5.67924471925 0.260809469966
159.0 -5.61310382713 0.29882143669
164.0 -5.51670611899 0.277218268854
169.0 -5.44517091427 0.251147233723
174.0 -5.40069237042 0.28164015978
179.0 -5.34675331957 0.29525923105
184.0 -5.31667095972 0.245912189968
189.0 -5.27188172289 0.226422068936
194.0 -5.22565311302 0.224110833211
199.0 -5.1965681279 0.2370884504
204.0 -5.14554101991 0.251776165789
209.0 -5.1296737157 0.244145973543
214.0 -5.11002160819 0.240211591484
219.0 -5.06772555207 0.244417876475
224.0 -5.01745264698 0.244737219724
229.0 -4.99425614405 0.267199022465
234.0 -4.95863679453 0.24803571633
239.0 -4.90953357917 0.245157623129
244.0 -4.87412903431 0.247372365494
249.0 -4.86668246992 0.243488610275
254.0 -4.84996557333 0.234599944735
259.0 -4.82549386071 0.237827048319
264.0 -4.78071308684 0.228494280753
269.0 -4.74222549161 0.234269671313
274.0 -4.7211013656 0.251680534589
279.0 -4.68555633001 0.242437868801
284.0 -4.63372452841 0.256262561752
289.0 -4.5956668273 0.233457252077
294.0 -4.56120347242 0.242290745602
299.0 -4.53326104323 0.265360774881
304.0 -4.50338391358 0.255668859233
309.0 -4.47174048455 0.239466164467
314.0 -4.44343936218 0.240318603118
319.0 -4.42083988332 0.233757542583
324.0 -4.4027491361 0.228090516704
329.0 -4.38736274468 0.240356385047
334.0 -4.36660152474 0.247831006716
339.0 -4.33486078708 0.254653542881
344.0 -4.33337212381 0.263511739015
349.0 -4.33579910117 0.287342543279
354.0 -4.31819788993 0.298044440969
359.0 -4.31414206938 0.312407527368
364.0 -4.29503337974 0.324850730028
369.0 -4.26998051654 0.334423409023
374.0 -4.24677180643 0.327561390712
379.0 -4.21416136043 0.327864030908
384.0 -4.2088714793 0.342020481244
389.0 -4.19098597185 0.346527394789
394.0 -4.18187577693 0.340438871814
399.0 -4.1655146141 0.343383537027
404.0 -4.15008517828 0.348626155745
409.0 -4.12942715654 0.339202415066
414.0 -4.11201703388 0.337645482965
419.0 -4.10061521619 0.337486657166
424.0 -4.07531197071 0.334698303247
429.0 -4.0572207986 0.341996109643
434.0 -4.05373897447 0.341681520221
439.0 -4.0518118608 0.35505435437
444.0 -4.04289185562 0.370030043885
449.0 -4.02277724698 0.37218779435
454.0 -4.00305655605 0.36575317538
459.0 -3.98995724133 0.381071390161
464.0 -3.97975199088 0.375646443104
469.0 -3.97419410722 0.36949890545
474.0 -3.95444005545 0.366178854408
479.0 -3.94196144852 0.366843720342
484.0 -3.93964146292 0.372583095124
489.0 -3.93621961975 0.36875164277
494.0 -3.92643369711 0.363198967374
499.0 -3.91299651678 0.365303433141
504.0 -3.90371314056 0.366301446277
509.0 -3.89623749184 0.366591863249
514.0 -3.88947507256 0.369563427797
519.0 -3.87270084257 0.373070124197
524.0 -3.85750140705 0.366177716705
529.0 -3.84484618581 0.359553656307
534.0 -3.82714163351 0.355252714689
539.0 -3.81244142355 0.3475544153
544.0 -3.80645544967 0.35562128693
549.0 -3.79506844283 0.357006812236
554.0 -3.78359399841 0.361586210125
559.0 -3.77880408876 0.35981298771
564.0 -3.77053184409 0.370896445045
569.0 -3.76612993764 0.366767556902
574.0 -3.75371607059 0.366517213667
579.0 -3.74748908863 0.360408061703
584.0 -3.7485732949 0.365847948121
589.0 -3.73733498171 0.361884601824
594.0 -3.73165498009 0.364410533407
599.0 -3.71843841097 0.362971088778
604.0 -3.70774281155 0.359502740335
609.0 -3.69448145841 0.353951004357
614.0 -3.69268266405 0.348868227802
619.0 -3.69031887568 0.350703049779
624.0 -3.67990184594 0.357535283069
629.0 -3.66683346878 0.35498073197
634.0 -3.66743266437 0.368978612876
639.0 -3.65644101598 0.366882021579
644.0 -3.64904752207 0.364687344995
649.0 -3.63699330387 0.365960887943
654.0 -3.63179659944 0.37320215498
659.0 -3.62005618518 0.376095262799
664.0 -3.6079307621 0.380044672364
669.0 -3.59804864205 0.376378696779
674.0 -3.59118413742 0.370287138903
679.0 -3.5941317783 0.356480815059
684.0 -3.58553001091 0.359481592204
689.0 -3.58317498899 0.362132186499
694.0 -3.57137905967 0.357087803637
699.0 -3.57552960064 0.359518297662
704.0 -3.5677006262 0.355130217707
709.0 -3.56057170782 0.35603703592
714.0 -3.55514437451 0.362644991757
719.0 -3.54955150342 0.358946628044
724.0 -3.54357015871 0.351065775872
729.0 -3.54495973902 0.348716408035
734.0 -3.54046282186 0.340985941069
739.0 -3.53771443676 0.353628254431
744.0 -3.53111635588 0.35343958868
749.0 -3.5222135732 0.35281656427
754.0 -3.52480631012 0.357358531251
759.0 -3.52252104624 0.35973648336
764.0 -3.51503307473 0.355508651867
769.0 -3.51369557879 0.357307360691
774.0 -3.5060620027 0.358713786407
779.0 -3.50167144492 0.357735108973
784.0 -3.49935488379 0.350949235295
789.0 -3.48899712154 0.347452591505
794.0 -3.48528768444 0.350700277885
799.0 -3.48501226214 0.350179102446
804.0 -3.48062862459 0.35758844575
809.0 -3.47893752995 0.357115765093
814.0 -3.47929486128 0.358537411209
819.0 -3.47693790137 0.357521288384
824.0 -3.47452913023 0.3625426699
829.0 -3.47244028373 0.366567141181
834.0 -3.46577577362 0.367001765031
839.0 -3.45671811109 0.364286850576
844.0 -3.45127904112 0.366322692559
849.0 -3.44721143431 0.371336555672
854.0 -3.44316858342 0.369945599019
859.0 -3.43555094906 0.366786610894
864.0 -3.43205522866 0.359126137216
869.0 -3.42722603906 0.360661975653
874.0 -3.42827725336 0.367670331056
879.0 -3.42415314498 0.368619283127
884.0 -3.41777846016 0.365820133061
889.0 -3.40930126291 0.365388139636
894.0 -3.40875874692 0.364861348127
899.0 -3.40561479161 0.363644450126
904.0 -3.40203225288 0.36500821583
909.0 -3.4024852071 0.362547348707
914.0 -3.3964996906 0.357072440437
919.0 -3.39029136802 0.355624444686
924.0 -3.38919100704 0.35910072939
929.0 -3.39002008591 0.356742755598
934.0 -3.38813456813 0.358587214384
939.0 -3.3840926487 0.358843500352
944.0 -3.37987924373 0.353789403505
949.0 -3.37656066553 0.351495980901
954.0 -3.37507512544 0.352573169572
959.0 -3.37324728643 0.347025953775
964.0 -3.36930405253 0.345427833103
969.0 -3.3650355538 0.338796339183
974.0 -3.36145227222 0.334439334681
979.0 -3.35487403176 0.337781153191
984.0 -3.35187417946 0.335326023975
989.0 -3.35144176764 0.330401046239
994.0 -3.34714433973 0.326256574894
999.0 -3.34359416786 0.322426149589
