2.0 -9.80221419228 0.249341140048
5.0 -9.63181591388 0.345132893359
8.0 -9.06486221848 0.318635941266
11.0 -8.83701959703 0.368012570145
14.0 -8.61750290283 0.348701851484
17.0 -8.52873047279 0.324602675139
20.0 -8.4409502487 0.332566613649
23.0 -8.43426867029 0.337306111891
26.0 -8.38566015927 0.368490298176
29.0 -8.23952222567 0.409346016458
32.0 -8.10052750221 0.389867608681
35.0 -8.02705129496 0.381514643783
38.0 -7.9379116296 0.354012392429
41.0 -7.85212246491 0.352146963926
44.0 -7.69831918426 0.335215848316
47.0 -7.60667813061 0.34152298149
50.0 -7.50212213537 0.354846885811
53.0 -7.47392652634 0.376745307477
56.0 -7.42949413352 0.377033139523
59.0 -7.36904622491 0.350198314253
62.0 -7.31638362516 0.345521275314
65.0 -7.27125975298 0.323102590666
68.0 -7.22430595088 0.30916793558
71.0 -7.18978223775 0.317716803907
74.0 -7.14214851511 0.317848819898
77.0 -7.10171768406 0.310637554399
80.0 -7.05733555786 0.309974448673
83.0 -6.99898723541 0.298439548419
86.0 -6.97505311602 0.277880083886
89.0 -6.91020522425 0.256281392946
92.0 -6.86453353523 0.271815458638
95.0 -6.80239704137 0.267047731885
98.0 -6.75912430991 0.273446901632
101.0 -6.73342436178 0.274678572497
104.0 -6.7013672961 0.261062962842
107.0 -6.65411266828 0.246984445518
110.0 -6.6227817615 0.245128584544
113.0 -6.58038962108 0.242244778132
116.0 -6.56381570851 0.243183612332
119.0 -6.51553256496 0.246134881259
122.0 -6.47016577582 0.248416418106
125.0 -6.44238049645 0.238973531708
128.0 -6.42185786315 0.225233377566
131.0 -6.42584406633 0.228526476613
134.0 -6.39339944428 0.229814402528
137.0 -6.37789028362 0.23508772092
140.0 -6.3446156885 0.23013536132
143.0 -6.29677398501 0.225704015562
146.0 -6.26225177237 0.216530837707
149.0 -6.24375779666 0.213042167573
152.0 -6.22324209374 0.216192114133
155.0 -6.19655907405 0.214345918055
158.0 -6.17709570472 0.210022874912
161.0 -6.160800405 0.208849119836
164.0 -6.1251675151 0.200767279855
167.0 -6.10682433706 0.19765953325
170.0 -6.09042670472 0.202733375451
173.0 -6.07312671708 0.195339957638
176.0 -6.05183636924 0.190778236697
179.0 -6.03614471574 0.187577368386
182.0 -6.01820054577 0.187704453415
185.0 -6.00836012442 0.19174107313
188.0 -5.98752064474 0.186635024814
191.0 -5.96565070127 0.183812539505
194.0 -5.95599554459 0.176269290698
197.0 -5.93936619012 0.174907382639
200.0 -5.91717349063 0.173382694445
203.0 -5.89586258539 0.176412229736
206.0 -5.8929963386 0.172305920368
209.0 -5.87157631518 0.169057301916
212.0 -5.84966979488 0.167331026445
215.0 -5.84624270584 0.167877942661
218.0 -5.83112314865 0.162634861233
221.0 -5.81048604218 0.158632528145
224.0 -5.78880519949 0.152158401484
227.0 -5.78930628172 0.14848217051
230.0 -5.78029567143 0.146263875578
233.0 -5.77347484891 0.142585587411
236.0 -5.76344933392 0.140304263444
239.0 -5.75466360494 0.134508604938
242.0 -5.74452995192 0.131478937655
245.0 -5.72613876369 0.128743092921
248.0 -5.715829439 0.126328261698
251.0 -5.71032456165 0.128988140281
254.0 -5.70157100165 0.123894314207
257.0 -5.68633186595 0.12126401326
260.0 -5.67581899579 0.121777044164
263.0 -5.66828960236 0.126638053363
266.0 -5.65737418041 0.121664106149
269.0 -5.64424999847 0.124242783477
272.0 -5.63316306103 0.122625884219
275.0 -5.62421719102 0.124112317953
278.0 -5.60808159643 0.123583058961
281.0 -5.60150057151 0.125113961268
284.0 -5.58787261537 0.1250177127
287.0 -5.57730020855 0.124174967991
290.0 -5.56805282656 0.125438603753
293.0 -5.5530225744 0.124418248561
296.0 -5.5470384482 0.123978175266
299.0 -5.53465169082 0.120958722806
302.0 -5.5229271665 0.119244647784
305.0 -5.51063051043 0.120022079859
308.0 -5.50364959319 0.117317310319
311.0 -5.49230940586 0.115572251835
314.0 -5.48056715591 0.11732797395
317.0 -5.4739693877 0.11457661697
320.0 -5.46353932945 0.113873702307
323.0 -5.44968248075 0.115460105933
326.0 -5.43854258824 0.115337036323
329.0 -5.43577735681 0.115452880627
332.0 -5.4290119881 0.114024847668
335.0 -5.42459222734 0.112886257929
338.0 -5.41920797265 0.110128471682
341.0 -5.41019663565 0.107339016704
344.0 -5.39788499658 0.104492747855
347.0 -5.38523124323 0.101870782974
350.0 -5.37491718914 0.102539227684
353.0 -5.36449186949 0.104777964111
356.0 -5.35796516955 0.104179991149
359.0 -5.35033563321 0.102625653476
362.0 -5.34323467205 0.0998233185479
365.0 -5.33422007487 0.0997444186974
368.0 -5.33234118128 0.093901474081
371.0 -5.32335680042 0.0946987538954
374.0 -5.31439685631 0.0950045586531
377.0 -5.30370095291 0.0942956372941
380.0 -5.29510683322 0.0952953508553
383.0 -5.29140780769 0.0978125290837
386.0 -5.2808190769 0.0975463490961
389.0 -5.27449784819 0.100359064859
392.0 -5.26878184535 0.0966829960556
395.0 -5.26405636852 0.0957630600145
398.0 -5.25577947078 0.0947535690137
401.0 -5.2494566085 0.094262959206
404.0 -5.23681855648 0.0921903081452
407.0 -5.22822115656 0.0902145693052
410.0 -5.21978207201 0.0863291567359
413.0 -5.21211008819 0.0834837005176
416.0 -5.20912788632 0.0823450977154
419.0 -5.20255944428 0.0808632641844
422.0 -5.19501574876 0.0795123363604
425.0 -5.18615661481 0.0780161872529
428.0 -5.17707625242 0.077513761291
431.0 -5.17179589963 0.0757751195886
434.0 -5.16646911579 0.0753834987978
437.0 -5.15934566234 0.0755854051104
440.0 -5.15455633018 0.0754023647575
443.0 -5.14962183469 0.0764840129279
446.0 -5.14259482748 0.0773905027226
449.0 -5.13824818426 0.0772843235191
452.0 -5.13126245866 0.0768392270553
455.0 -5.12623224446 0.0778180553791
458.0 -5.11860817239 0.07743545381
461.0 -5.11491423092 0.0769216444762
464.0 -5.11354615456 0.0749348930694
467.0 -5.10848017118 0.0731210665057
470.0 -5.10420017748 0.0737081391447
473.0 -5.09819121 0.0721423153487
476.0 -5.0939728408 0.0700980750259
479.0 -5.08849781863 0.0699798772297
482.0 -5.08528104797 0.0685967253554
485.0 -5.07882766053 0.0673430274046
488.0 -5.07089227625 0.0664656301688
491.0 -5.06799516898 0.064095230454
494.0 -5.0627638279 0.0645604037
497.0 -5.05769538996 0.0630516917523
500.0 -5.05065365374 0.0616689011502
503.0 -5.04413183714 0.0592473759553
506.0 -5.03895832947 0.0597434444822
509.0 -5.03533828475 0.0607278968373
512.0 -5.0322966067 0.0612462233244
515.0 -5.02581293795 0.0609003785633
518.0 -5.02396905169 0.0594371278707
521.0 -5.01881164614 0.0593129690736
524.0 -5.0148726654 0.0576753544564
527.0 -5.00907894554 0.0578369999076
530.0 -5.00370139876 0.0581197922446
533.0 -5.00041303874 0.0569351732306
536.0 -4.99405972161 0.0554387364485
539.0 -4.99234400427 0.0561435967899
542.0 -4.98748402378 0.0562368467905
545.0 -4.98644203049 0.0543726650555
548.0 -4.98395154613 0.0530654409722
551.0 -4.97831107165 0.0524680398614
554.0 -4.9745999572 0.0515273218815
557.0 -4.97316525476 0.0510940889264
560.0 -4.96656940935 0.0508694887974
563.0 -4.96162559941 0.0508947561659
566.0 -4.95821392085 0.0521137483351
569.0 -4.95391439889 0.0528653979086
572.0 -4.94943620651 0.051060143195
575.0 -4.94919047965 0.0494639315554
578.0 -4.94440543765 0.0502943445498
581.0 -4.94142307616 0.0502038607548
584.0 -4.93818622359 0.0517010142687
587.0 -4.93414298494 0.0498625232728
590.0 -4.9316720657 0.0510638186308
593.0 -4.92701974139 0.04981379278
596.0 -4.92413247553 0.0500499675825
599.0 -4.91985181933 0.0491266923783
602.0 -4.91773410292 0.0491969598453
605.0 -4.91274428287 0.0486300980878
608.0 -4.91083554241 0.0481121197327
611.0 -4.91120363373 0.0475291609653
614.0 -4.90785088318 0.0482858284749
617.0 -4.90280707354 0.0477533085267
620.0 -4.89787774976 0.0462735455888
623.0 -4.89180462635 0.0448859702839
626.0 -4.88614130016 0.044528675467
629.0 -4.88133188814 0.044291530912
632.0 -4.87818058906 0.0435472025043
635.0 -4.87496340144 0.0420025273902
638.0 -4.87196150481 0.0410054636208
641.0 -4.86806487827 0.0396158777025
644.0 -4.86482411163 0.0404682991751
647.0 -4.86127153281 0.0407749475641
650.0 -4.85649132055 0.0406322492848
653.0 -4.85403830555 0.0406764451652
656.0 -4.85229526683 0.040435444477
659.0 -4.84852689995 0.041448469385
662.0 -4.84673330951 0.0391295712737
665.0 -4.84450420944 0.0393609851416
668.0 -4.84388119341 0.0402816215301
671.0 -4.83915609255 0.0402627165814
674.0 -4.8384090975 0.0400230204039
677.0 -4.83552050041 0.0391724388166
680.0 -4.83285769952 0.0384680324391
683.0 -4.8294222123 0.0385429791458
686.0 -4.82602962931 0.0400251959934
689.0 -4.82253879001 0.0414756200051
692.0 -4.82150508806 0.0412111609964
695.0 -4.81827333146 0.0405665236626
698.0 -4.81544280858 0.039156273142
701.0 -4.81145694743 0.0386709492484
704.0 -4.80717530632 0.0393902957458
707.0 -4.80678825209 0.0392181365676
710.0 -4.80313892344 0.040372395311
713.0 -4.80135253294 0.0404870719375
716.0 -4.798463316 0.0400838655051
719.0 -4.79347741716 0.0403955508402
722.0 -4.79106348003 0.0398444477496
725.0 -4.786885347 0.0391400221927
728.0 -4.78321573036 0.038367249742
731.0 -4.78257786127 0.0369621584263
734.0 -4.78007411743 0.0370500907191
737.0 -4.77851200574 0.0371750837313
740.0 -4.77577076088 0.0378424665942
743.0 -4.77202487728 0.0375808459351
746.0 -4.77082192796 0.0377800363784
749.0 -4.76917507275 0.0370989899793
752.0 -4.76456498267 0.0371651706049
755.0 -4.76244340554 0.0365787349472
758.0 -4.76224845541 0.0360672017284
761.0 -4.75841497719 0.0354442118283
764.0 -4.75665169645 0.0348554759785
767.0 -4.75466427247 0.0346536561125
770.0 -4.75085044557 0.035779530004
773.0 -4.74787037801 0.0363341667868
776.0 -4.7451372947 0.0352151857228
779.0 -4.74337788444 0.0349110786671
782.0 -4.74232100818 0.0351045722984
785.0 -4.73916769051 0.0363605295284
788.0 -4.73657608964 0.0364469948022
791.0 -4.7327623972 0.0360193636007
794.0 -4.72945209046 0.0350622945458
797.0 -4.72631225549 0.0345912250757
800.0 -4.72456019956 0.0335309791451
803.0 -4.72212874752 0.0336386323524
806.0 -4.71895654162 0.0338718086676
809.0 -4.71646588662 0.0334419748477
812.0 -4.7161849666 0.0342563086983
815.0 -4.71387971642 0.0352622847053
818.0 -4.71308371987 0.0355613824339
821.0 -4.71009483798 0.0356707359802
824.0 -4.70761931192 0.0337065706389
827.0 -4.70583103931 0.0332971998888
830.0 -4.70331515113 0.0340611945375
833.0 -4.70194087045 0.0337523296028
836.0 -4.70043284949 0.0341275651135
839.0 -4.69876938175 0.0337863315813
842.0 -4.69798824156 0.0342272601801
845.0 -4.69448808834 0.0343527410718
848.0 -4.69228899409 0.0346800236683
851.0 -4.690166504 0.0337544634763
854.0 -4.68921339377 0.0337288604189
857.0 -4.68710080225 0.0341161441567
860.0 -4.6838383942 0.0342349852864
863.0 -4.68067387762 0.0349739400106
866.0 -4.67778256924 0.0349222580102
869.0 -4.67463086945 0.0350268072266
872.0 -4.67364533342 0.0349728459849
875.0 -4.67113372446 0.0348478933317
878.0 -4.66698085985 0.0345488944994
881.0 -4.66584606484 0.033932809464
884.0 -4.66348096382 0.0339161589677
887.0 -4.66135450035 0.0343221940337
890.0 -4.6603898713 0.0341909042022
893.0 -4.65912484205 0.0337814817529
896.0 -4.65788647096 0.033369504166
899.0 -4.65599782117 0.0327140378364
902.0 -4.65397120003 0.0334331719851
905.0 -4.65274986972 0.0337174536537
908.0 -4.65205020834 0.0330664485167
911.0 -4.64854520684 0.0330833284772
914.0 -4.64646289017 0.0330470081315
917.0 -4.64540057075 0.0338858221835
920.0 -4.64401061687 0.0334361243176
923.0 -4.64072119448 0.033081907889
926.0 -4.64005978002 0.0324950280433
929.0 -4.63754004665 0.0319102947726
932.0 -4.63562302199 0.0314917572695
935.0 -4.63435388552 0.0313951164478
938.0 -4.63213151902 0.0317505078426
941.0 -4.62983078986 0.0309621178399
944.0 -4.62898153713 0.030860510384
947.0 -4.62770701393 0.0304902192691
950.0 -4.62569296485 0.0311036955523
953.0 -4.62375626065 0.0314044535096
956.0 -4.62274558913 0.0318091078345
959.0 -4.62131640647 0.0319836077167
962.0 -4.6190599009 0.0316845534118
965.0 -4.61781855415 0.0316132384836
968.0 -4.61699319645 0.0312923413457
971.0 -4.61731145082 0.0312861713427
974.0 -4.61592008405 0.0309046891341
977.0 -4.61360357375 0.0309537107078
980.0 -4.61355908025 0.032325429605
983.0 -4.6109935308 0.0319775792421
986.0 -4.60924338401 0.0324841679625
989.0 -4.60591992648 0.0326512956176
992.0 -4.60308441444 0.0330073109011
995.0 -4.60083506222 0.0334524339583
998.0 -4.59858170574 0.033328577445
