4.0 -7.60049479417 1.02164138584
9.0 -7.22656440629 0.802257558657
14.0 -6.49871120081 0.677199597129
19.0 -6.04549229423 0.362368834919
24.0 -5.49305659196 0.354501133205
29.0 -4.96575348614 0.371810205763
34.0 -4.59158296555 0.364512981601
39.0 -4.36058220526 0.302796536862
44.0 -4.08248013648 0.258761025096
49.0 -3.90387290214 0.211889782138
54.0 -3.81303845061 0.205619481791
59.0 -3.6960783375 0.179327477207
64.0 -3.71978568885 0.193777347222
69.0 -3.63343774911 0.20349972109
74.0 -3.56494546518 0.169018133287
79.0 -3.49918422639 0.177565914976
84.0 -3.45226254625 0.148386846014
89.0 -3.40903533356 0.154458763959
94.0 -3.36715152007 0.141209104422
99.0 -3.31960792391 0.146090455262
104.0 -3.28334871795 0.154972094227
109.0 -3.25463707074 0.164985547744
114.0 -3.21369020097 0.157798045615
119.0 -3.18441045791 0.144852929345
124.0 -3.1621484943 0.141782254301
129.0 -3.1547710707 0.135447724686
134.0 -3.13079703746 0.134110658652
139.0 -3.13102190354 0.124592248428
144.0 -3.09773382495 0.12105581333
149.0 -3.05586243753 0.112735005573
154.0 -3.04525039039 0.116265951864
159.0 -3.03288978931 0.115496709858
164.0 -3.01648929159 0.106439209788
169.0 -3.00023657822 0.100495186565
174.0 -2.98016961425 0.105374844995
179.0 -2.97954367419 0.105935340757
184.0 -2.96340370588 0.100123015496
189.0 -2.95849763376 0.0983705920794
194.0 -2.96610677985 0.100569748201
199.0 -2.95904219844 0.0941625518182
204.0 -2.94548154652 0.0890486113713
209.0 -2.94298903411 0.0886459424164
214.0 -2.94235792214 0.0854346315329
219.0 -2.92480743549 0.0892946155907
224.0 -2.91043300255 0.0782816057344
229.0 -2.90766233509 0.0879805010033
234.0 -2.91148725244 0.0985983387941
239.0 -2.90033439492 0.090757689702
244.0 -2.88930876719 0.0922204236179
249.0 -2.88571446026 0.0904081883884
254.0 -2.88431308349 0.0863759879729
259.0 -2.87047439153 0.0913058991975
264.0 -2.86596736347 0.0879750572239
269.0 -2.86451596734 0.0848785683135
274.0 -2.86937765428 0.0824612601364
279.0 -2.85918464972 0.0826580795233
284.0 -2.85615660159 0.0753396114781
289.0 -2.83837174351 0.0733049053038
294.0 -2.82628801855 0.0720796380149
299.0 -2.81958142527 0.0776551828125
304.0 -2.81486961235 0.0774293680847
309.0 -2.81096953844 0.0761147029978
314.0 -2.81384330987 0.0840495609542
319.0 -2.80899835517 0.0817612854758
324.0 -2.81526822653 0.0836256419252
329.0 -2.81944946719 0.0856151930102
334.0 -2.81912140002 0.0864126659542
339.0 -2.81771166492 0.079344520917
344.0 -2.81039712909 0.0764643351692
349.0 -2.80376623082 0.0689123578968
354.0 -2.7991417365 0.0716001845777
359.0 -2.79379642424 0.069100698532
364.0 -2.78930850082 0.0678615309034
369.0 -2.78538967838 0.0705831247218
374.0 -2.77779477848 0.0668970794161
379.0 -2.77191306695 0.0675267005337
384.0 -2.76169618618 0.0686424385185
389.0 -2.75761110461 0.0682258379473
394.0 -2.74602370481 0.0691662462665
399.0 -2.73776830099 0.0674477154107
404.0 -2.73773427627 0.0630068372885
409.0 -2.7369481454 0.0619210660027
414.0 -2.73044704601 0.0599010879842
419.0 -2.72147931993 0.0550614992669
424.0 -2.71902254068 0.0550438309301
429.0 -2.71384708496 0.0529810320675
434.0 -2.70711530546 0.0538907504478
439.0 -2.706426569 0.0533906643295
444.0 -2.70164374277 0.0528001771272
449.0 -2.69673276519 0.0558822443457
454.0 -2.70246549299 0.053296215428
459.0 -2.69609093686 0.0579430352668
464.0 -2.69484694211 0.0563700092959
469.0 -2.69081985403 0.0537428817556
474.0 -2.68998392033 0.0530321959417
479.0 -2.68760045133 0.0539130627791
484.0 -2.68759378675 0.058385447247
489.0 -2.68324243315 0.0590869521317
494.0 -2.68407237039 0.0593268403415
499.0 -2.68240320181 0.0544386874658
504.0 -2.67880647387 0.052191882618
509.0 -2.67978881182 0.0513019814146
514.0 -2.67849327781 0.0499446242111
519.0 -2.67747782562 0.0465189210467
524.0 -2.68110355314 0.0440308988708
529.0 -2.67962363298 0.0437090625352
534.0 -2.67737320306 0.0477781222845
539.0 -2.6758466624 0.0464753855285
544.0 -2.67062690554 0.0441046281446
549.0 -2.66875075081 0.0432473190078
554.0 -2.66461523703 0.0442580519899
559.0 -2.66450463637 0.0468006090367
564.0 -2.66520797205 0.0459576850771
569.0 -2.66384498105 0.0480892191403
574.0 -2.66436508157 0.0478559780267
579.0 -2.66363858277 0.0459266757224
584.0 -2.66358111164 0.0452956421671
589.0 -2.66669248597 0.0465745102639
594.0 -2.66668706306 0.0473909716778
599.0 -2.66532787589 0.0500711422973
604.0 -2.66322787131 0.0558057510126
609.0 -2.65851664672 0.0532253927406
614.0 -2.65637049093 0.05131964273
619.0 -2.65404561459 0.0501168270561
624.0 -2.65142880358 0.050355156456
629.0 -2.64876502326 0.0495116732247
634.0 -2.64394876598 0.051697186427
639.0 -2.64556599257 0.0478584499402
644.0 -2.643185583 0.0469393341507
649.0 -2.64027553511 0.0472309426601
654.0 -2.63987505124 0.0478884216899
659.0 -2.63551932854 0.0467658553592
664.0 -2.63259327336 0.0441563236909
669.0 -2.63387720662 0.0433084125824
674.0 -2.63383245019 0.0464029386581
679.0 -2.63300147931 0.0464926892053
684.0 -2.63058960531 0.0490417896794
689.0 -2.63053471208 0.0451512838992
694.0 -2.62598215651 0.0439746554074
699.0 -2.62378497817 0.0484483206588
704.0 -2.62558847373 0.0478981512458
709.0 -2.62370339787 0.0448997431763
714.0 -2.62034443849 0.0457727817688
719.0 -2.62281451573 0.0426757443317
724.0 -2.62221254501 0.0407612955692
729.0 -2.62172641758 0.0412560319708
734.0 -2.62000961853 0.0401866303108
739.0 -2.62144237564 0.038062909152
744.0 -2.62086929459 0.0382107894233
749.0 -2.61833981225 0.036808876016
754.0 -2.61735554693 0.0369191910235
759.0 -2.61666556548 0.0368726940689
764.0 -2.61345564838 0.0356804505452
769.0 -2.61404740639 0.0346028634755
774.0 -2.61437090407 0.0316663120184
779.0 -2.6144347733 0.0298585190845
784.0 -2.61578769385 0.0300112519226
789.0 -2.61442516879 0.0319886544548
794.0 -2.61350887322 0.0322674342725
799.0 -2.61373194903 0.0297179460441
804.0 -2.61289204139 0.0289191997179
809.0 -2.613021364 0.0296524841534
814.0 -2.6116802426 0.0289794748667
819.0 -2.6117284262 0.0310894510026
824.0 -2.61126257919 0.0309401118424
829.0 -2.60840525336 0.0317767581095
834.0 -2.6073514032 0.0364393249711
839.0 -2.6092097869 0.0348470319848
844.0 -2.6110849313 0.0338332098284
849.0 -2.60961732108 0.0338344621953
854.0 -2.60659115175 0.034019062676
859.0 -2.60689379671 0.0338696281342
864.0 -2.60346362842 0.034515771366
869.0 -2.60003044941 0.0356911267845
874.0 -2.59675022945 0.0349120233047
879.0 -2.59583873645 0.0335470775253
884.0 -2.5950663357 0.0323536203923
889.0 -2.59384778482 0.0313462793286
894.0 -2.59211518738 0.0300469951923
899.0 -2.59152977675 0.030318285935
904.0 -2.59149233465 0.031755574517
909.0 -2.59026119991 0.0330987221992
914.0 -2.58969207215 0.0316316039059
919.0 -2.59150902344 0.0317139833474
924.0 -2.59156732981 0.0300168390584
929.0 -2.59042840769 0.0286934970995
934.0 -2.59150543634 0.0288339857403
939.0 -2.58956193681 0.0297935322656
944.0 -2.59328526588 0.0294246503365
949.0 -2.59541342351 0.0308871764157
954.0 -2.59554616892 0.0324631430446
959.0 -2.5952724308 0.0328460121316
964.0 -2.59263742068 0.0327060498063
969.0 -2.59077639097 0.0340572518817
974.0 -2.58967160825 0.0320688450195
979.0 -2.59051604804 0.0309023369353
984.0 -2.58951353945 0.0315273070009
989.0 -2.58820249445 0.0306262646689
994.0 -2.58611094245 0.0305769689667
999.0 -2.58562068726 0.0330472445264
