2.0 -2.05322398387 0.772321176731
5.0 -1.320544139 0.326709217745
8.0 -1.17010929142 0.270600364393
11.0 -0.996443121035 0.208401346182
14.0 -0.900055958734 0.203856658411
17.0 -0.885466351044 0.186003548956
20.0 -0.829896852933 0.155404958464
23.0 -0.812356947215 0.138598109949
26.0 -0.80800841834 0.12235564498
29.0 -0.830142657195 0.10637339058
32.0 -0.79691905581 0.0958125096656
35.0 -0.790323396481 0.083589116657
38.0 -0.783694994367 0.0743906325128
41.0 -0.780421502539 0.0768910736379
44.0 -0.759648962077 0.0737967203672
47.0 -0.742334871654 0.0741509620711
50.0 -0.741285688446 0.0756806326304
53.0 -0.739480495103 0.0759479744172
56.0 -0.741634949099 0.0660873201687
59.0 -0.740149658929 0.0585715300092
62.0 -0.736000335257 0.0528891101299
65.0 -0.740680865238 0.0513908245138
68.0 -0.752975693376 0.0483701348116
71.0 -0.745641253067 0.0474180717439
74.0 -0.746899040105 0.0387101986686
77.0 -0.742874638306 0.0367949650442
80.0 -0.746170362097 0.0378150861587
83.0 -0.737096296435 0.0361829312835
86.0 -0.732948116961 0.0379498181228
89.0 -0.730282858677 0.0422206396302
92.0 -0.729240137001 0.0426884454265
95.0 -0.721331118321 0.0429668730867
98.0 -0.720038050691 0.041568919055
101.0 -0.712440160797 0.0387682288678
104.0 -0.706574316998 0.0366195319223
107.0 -0.710254901143 0.0365932577741
110.0 -0.706099188963 0.0338748349558
113.0 -0.718091728596 0.030378411851
116.0 -0.723756362575 0.029451296753
119.0 -0.713073429064 0.0285617761385
122.0 -0.719047778424 0.027538253852
125.0 -0.715179722651 0.0228827714463
128.0 -0.713367271765 0.0244215714852
131.0 -0.710906806832 0.0231080359444
134.0 -0.709516084563 0.0227129773057
137.0 -0.71183297853 0.0210427336225
140.0 -0.706319674445 0.0213110189743
143.0 -0.702696947645 0.0225319323366
146.0 -0.704409276865 0.023626801139
149.0 -0.702304087032 0.0223447225824
152.0 -0.700051673831 0.020225894167
155.0 -0.698948034396 0.02219195204
158.0 -0.698909320279 0.0264793720876
161.0 -0.699759118377 0.0271094620586
164.0 -0.70352128528 0.0258719631422
167.0 -0.704454218098 0.0258710783976
170.0 -0.705519999276 0.0251528289424
173.0 -0.705061691353 0.0251671841444
176.0 -0.703399482771 0.0237989568154
179.0 -0.704047434558 0.0240845523881
182.0 -0.707651547775 0.0228385271036
185.0 -0.712046402774 0.0228876857762
188.0 -0.712076126521 0.0231289143984
191.0 -0.71215251292 0.0243125303295
194.0 -0.715167071061 0.0217813253714
197.0 -0.714483862319 0.0229384873635
200.0 -0.711271149839 0.0234358431361
203.0 -0.710785727562 0.024843398371
206.0 -0.711559810082 0.0253181094581
209.0 -0.713907581403 0.023216571585
212.0 -0.71294319453 0.0226443215961
215.0 -0.713079293719 0.0242228625098
218.0 -0.712901525248 0.0252347658981
221.0 -0.71154950948 0.0275754819903
224.0 -0.714491419458 0.0249261436123
227.0 -0.716433275349 0.0255963721873
230.0 -0.715333157528 0.0248775280574
233.0 -0.711858325613 0.0238400692766
236.0 -0.71213327756 0.0228901751846
239.0 -0.711227838929 0.0226077249411
242.0 -0.710649131685 0.024416774075
245.0 -0.710028196121 0.021747378284
248.0 -0.711471769995 0.0215807794312
251.0 -0.715052187086 0.0223098977879
254.0 -0.716478950804 0.0208081434251
257.0 -0.71738669563 0.0197780771548
260.0 -0.715546219771 0.0186407796887
263.0 -0.718206840147 0.0193789212199
266.0 -0.716432805381 0.0202710991401
269.0 -0.715522605118 0.0207151411394
272.0 -0.712988432 0.0218635451377
275.0 -0.710932690428 0.023182407514
278.0 -0.712425107438 0.0238466872866
281.0 -0.711920083644 0.0241333333282
284.0 -0.713429890699 0.0251153665082
287.0 -0.712432869352 0.0235305710999
290.0 -0.711834034027 0.0237145728443
293.0 -0.709326890644 0.0243677878306
296.0 -0.708931378546 0.0256181157612
299.0 -0.706971592747 0.027078098158
302.0 -0.707964951398 0.0266618846901
305.0 -0.707353075572 0.0264329452805
308.0 -0.709267877375 0.026077147636
311.0 -0.709134337488 0.0263143331251
314.0 -0.709554912723 0.0256067313558
317.0 -0.709811490836 0.0257455519324
320.0 -0.708687974019 0.0253524152455
323.0 -0.709765485096 0.0248863014417
326.0 -0.709427431273 0.0245028251437
329.0 -0.709425771911 0.0260921848177
332.0 -0.708278167729 0.0263241588782
335.0 -0.707202678031 0.0261148557986
338.0 -0.708284257274 0.027476034806
341.0 -0.708079437095 0.0276529449288
344.0 -0.709995126465 0.0275609663183
347.0 -0.708470410937 0.0278957940886
350.0 -0.709912093129 0.0262656741074
353.0 -0.708136919533 0.0258464031262
356.0 -0.708721822918 0.0251634329399
359.0 -0.709821387325 0.0241503634628
362.0 -0.71070408301 0.0235801391769
365.0 -0.710693314706 0.0241353549434
368.0 -0.71217582968 0.0245311422911
371.0 -0.711442724466 0.0248050426269
374.0 -0.712463723516 0.0239374008311
377.0 -0.710010792994 0.0242216599648
380.0 -0.709084631231 0.0244825355785
383.0 -0.706974545109 0.0255181694901
386.0 -0.705000649681 0.0242282856867
389.0 -0.704265659861 0.023651465879
392.0 -0.703817893911 0.0234385531864
395.0 -0.704235157318 0.0240504294414
398.0 -0.704767190166 0.0242617243377
401.0 -0.704414137054 0.0240797547741
404.0 -0.704673888061 0.0240044907405
407.0 -0.705219088351 0.0256823963083
410.0 -0.702854957549 0.025288012716
413.0 -0.702836420547 0.0251037357006
416.0 -0.702009584472 0.025900264424
419.0 -0.703478185842 0.0253037534411
422.0 -0.702249237084 0.0251498205737
425.0 -0.702898643539 0.0228901894933
428.0 -0.703345190855 0.0229447608663
431.0 -0.703665715787 0.0230459813785
434.0 -0.703189811174 0.0234398591689
437.0 -0.703076171946 0.0232358266501
440.0 -0.70221614846 0.0234213331082
443.0 -0.703004567729 0.0215210001482
446.0 -0.70293319579 0.0223981829033
449.0 -0.702437590311 0.0221850934766
452.0 -0.702934082571 0.0231325207797
455.0 -0.701797853855 0.0233405517019
458.0 -0.700873016781 0.0227000577713
461.0 -0.698875617934 0.0232904816124
464.0 -0.699530438586 0.0244500503199
467.0 -0.69917118134 0.0247881190878
470.0 -0.698830243432 0.0248828896216
473.0 -0.699694668181 0.0240136468881
476.0 -0.701325639524 0.0239350480125
479.0 -0.702047836125 0.0240685295048
482.0 -0.701867229073 0.0230215854264
485.0 -0.700656054085 0.0230250475923
488.0 -0.700115508298 0.0232551367331
491.0 -0.700461922543 0.0244128791067
494.0 -0.700130648446 0.0247793406715
497.0 -0.700168272115 0.0246931403358
500.0 -0.700830717028 0.0235988774249
503.0 -0.700106442012 0.0239363533949
506.0 -0.70050106785 0.0241890454592
509.0 -0.701754951715 0.0240715977958
512.0 -0.702776273909 0.0245216857656
515.0 -0.702655953161 0.0245840791368
518.0 -0.703282726335 0.0248474495446
521.0 -0.702585059266 0.02379101598
524.0 -0.702230928982 0.0240966657852
527.0 -0.70214926249 0.0254193032351
530.0 -0.701195415893 0.0251861326596
533.0 -0.701175042581 0.0252708896579
536.0 -0.700898791495 0.0260014070963
539.0 -0.701156733792 0.0261055083122
542.0 -0.701504239292 0.0259984882804
545.0 -0.700668436139 0.0260932366603
548.0 -0.701617679936 0.0258279767284
551.0 -0.701196399052 0.0261145564371
554.0 -0.701148732303 0.0259228719789
557.0 -0.701380671561 0.0260331561209
560.0 -0.70134876212 0.0270089595677
563.0 -0.700132145108 0.0272389101328
566.0 -0.701038768817 0.0273174381026
569.0 -0.699995602278 0.0271602220236
572.0 -0.700759387262 0.0276174363915
575.0 -0.700345939076 0.0277255486517
578.0 -0.698283747193 0.0278117393739
581.0 -0.698353319458 0.0277851937841
584.0 -0.697476037462 0.0275690053727
587.0 -0.698613143047 0.0272779704251
590.0 -0.699126449099 0.0275732895967
593.0 -0.698661605803 0.0275658150216
596.0 -0.699044196866 0.0269775610316
599.0 -0.699918615064 0.0271661842218
602.0 -0.699730104901 0.0273423529398
605.0 -0.699421751263 0.0273980340804
608.0 -0.700550057664 0.0269854396348
611.0 -0.702102036253 0.0268235314242
614.0 -0.70146236092 0.0266616131226
617.0 -0.701153055202 0.025915435337
620.0 -0.701346742765 0.0257092127348
623.0 -0.701936784716 0.0259727271828
626.0 -0.702136622953 0.0256491571314
629.0 -0.702467377606 0.0254947669703
632.0 -0.70206872636 0.0259226330076
635.0 -0.701796819707 0.025735630005
638.0 -0.701481873134 0.025020186107
641.0 -0.700568683259 0.0248384833397
644.0 -0.701082550205 0.0254561074097
647.0 -0.701514512527 0.0251420492097
650.0 -0.701626263728 0.0244258560958
653.0 -0.701411358159 0.0240782082504
656.0 -0.70049165544 0.0242649705274
659.0 -0.69973069191 0.0247084454945
662.0 -0.699662576992 0.0251192282335
665.0 -0.699890893459 0.0255223114797
668.0 -0.699844976273 0.0254793284732
671.0 -0.699520510182 0.0259119857327
674.0 -0.69886443022 0.0251743651378
677.0 -0.699783924487 0.0245873106622
680.0 -0.70021108097 0.0247123268486
683.0 -0.700479021117 0.024615250192
686.0 -0.700001177532 0.0246931013123
689.0 -0.700220066718 0.0244798680864
692.0 -0.698747751662 0.0239767756668
695.0 -0.699630593284 0.0237249841015
698.0 -0.699964168489 0.0241189919014
701.0 -0.699289960531 0.0237471648565
704.0 -0.698804866433 0.0241644938974
707.0 -0.699877843083 0.0239369782068
710.0 -0.699846220955 0.0234923248093
713.0 -0.700359426961 0.0238939075987
716.0 -0.700879137336 0.023954386376
719.0 -0.700832353731 0.0239339854478
722.0 -0.701092756945 0.0237631758629
725.0 -0.700661902903 0.0239634314428
728.0 -0.700536797659 0.0239061670793
731.0 -0.700651371179 0.0245477680542
734.0 -0.700762654899 0.024217332579
737.0 -0.700105794456 0.0236609265504
740.0 -0.699987306592 0.0239076360089
743.0 -0.699888934988 0.0240511212076
746.0 -0.699890600251 0.0236596128195
749.0 -0.700640886716 0.0235340918723
752.0 -0.701659256003 0.0222376113327
755.0 -0.702042789363 0.0225078329574
758.0 -0.701724690052 0.022232387151
761.0 -0.701698657945 0.0220563588031
764.0 -0.700929862643 0.0226599768988
767.0 -0.701237947808 0.0224409615261
770.0 -0.701067256866 0.021962241026
773.0 -0.701246461914 0.0214842842756
776.0 -0.701122032059 0.0207102731955
779.0 -0.701085035086 0.0208643601339
782.0 -0.700127605866 0.0203196519283
785.0 -0.700884975756 0.0201013075859
788.0 -0.701069654552 0.019994361956
791.0 -0.701297754931 0.0201079958667
794.0 -0.701699194602 0.0206738527348
797.0 -0.70167340774 0.020489284152
800.0 -0.701054632461 0.0201214034934
803.0 -0.701041635419 0.0201139931307
806.0 -0.701241411646 0.0203765155244
809.0 -0.701027683521 0.0201407576172
812.0 -0.702166473987 0.0203755787944
815.0 -0.701567311283 0.0202215337597
818.0 -0.701988780357 0.0197876377997
821.0 -0.702025805078 0.0197738693577
824.0 -0.70225234396 0.0196138249692
827.0 -0.702210656882 0.0193568162271
830.0 -0.702403104672 0.0188994602139
833.0 -0.702991306958 0.0191844238634
836.0 -0.702502103703 0.0190795677026
839.0 -0.702093330334 0.0187600417116
842.0 -0.70129770521 0.0185833150541
845.0 -0.701100521318 0.0181722347197
848.0 -0.701576687999 0.018384596276
851.0 -0.700929649146 0.0184853559669
854.0 -0.700203581611 0.0182189065805
857.0 -0.700520636009 0.0184308248172
860.0 -0.69921860842 0.0181239986362
863.0 -0.698852632008 0.017821052513
866.0 -0.699239663621 0.0177532120468
869.0 -0.699444192453 0.0181868563816
872.0 -0.699345916978 0.0178589392905
875.0 -0.699697146562 0.0174320460081
878.0 -0.699889628873 0.0175040510223
881.0 -0.699478282494 0.017793556946
884.0 -0.699017280508 0.0182196600422
887.0 -0.699299378462 0.0176568598956
890.0 -0.699916653284 0.017523682
893.0 -0.699593203263 0.0180246535451
896.0 -0.698925937059 0.0179408248463
899.0 -0.699039542487 0.0177161413441
902.0 -0.698833101759 0.0177185193389
905.0 -0.698858064857 0.0177520890056
908.0 -0.699274332765 0.017794529448
911.0 -0.698619103448 0.0176406512054
914.0 -0.69917843999 0.0180079925132
917.0 -0.698958960608 0.0181907123671
920.0 -0.699002384946 0.0178274396514
923.0 -0.698829324895 0.0175512189185
926.0 -0.698755560147 0.0178270346268
929.0 -0.6984414459 0.0179641472914
932.0 -0.698017278156 0.0178169183899
935.0 -0.697780567395 0.0174214775086
938.0 -0.697836619079 0.0173983340012
941.0 -0.698369938717 0.0174992990244
944.0 -0.697856051199 0.0176045134268
947.0 -0.696673441073 0.0176465641607
950.0 -0.697187199584 0.0175055765538
953.0 -0.697370622499 0.0177756011314
956.0 -0.697554235038 0.0176625032404
959.0 -0.697031030018 0.017678926887
962.0 -0.696399578119 0.0176047062259
965.0 -0.696825278912 0.0174090364328
968.0 -0.696854839938 0.0178376026449
971.0 -0.696658125237 0.0183994587405
974.0 -0.696560988954 0.0185424058651
977.0 -0.696498039979 0.0183390968836
980.0 -0.695350133178 0.0185033303326
983.0 -0.695291263817 0.0184519712563
986.0 -0.695111067274 0.0185546329589
989.0 -0.695079937095 0.0182418372035
992.0 -0.694251707813 0.0183114276935
995.0 -0.694089048484 0.0181688737623
998.0 -0.694017547427 0.0182217560865
