2.0 -2.99946523379 1.06187022325
5.0 -3.1887473161 0.663051983797
8.0 -3.03662931252 0.311676685929
11.0 -2.86048842224 0.261188970979
14.0 -2.62356302396 0.214695254465
17.0 -2.46394083489 0.172867348043
20.0 -2.2289205733 0.148829106049
23.0 -2.06134990563 0.127036329055
26.0 -1.92832351792 0.11430959794
29.0 -1.80128691575 0.100598842822
32.0 -1.69912277308 0.0884422178274
35.0 -1.61257198994 0.0887429676181
38.0 -1.55186415341 0.0900918145344
41.0 -1.48698052356 0.0762137495352
44.0 -1.4342318515 0.0716035909778
47.0 -1.37111840643 0.0629319942364
50.0 -1.32032402932 0.0614799322231
53.0 -1.26925937586 0.0551372060782
56.0 -1.23848736384 0.0496514149441
59.0 -1.20819447785 0.0537665792973
62.0 -1.1962790559 0.0386894811244
65.0 -1.16695428829 0.0354514427818
68.0 -1.14891979428 0.0372769578127
71.0 -1.12744046879 0.0435916423387
74.0 -1.0948783859 0.0421034844001
77.0 -1.08153601668 0.0467034526987
80.0 -1.06830125696 0.0466597503687
83.0 -1.05630351164 0.0499368455444
86.0 -1.05085697265 0.0440278023983
89.0 -1.03070449042 0.0439728415229
92.0 -1.02394643886 0.0389641175194
95.0 -1.0139921494 0.0418913686416
98.0 -1.00391632294 0.041823553848
101.0 -0.996292345748 0.0447759870459
104.0 -0.985560136472 0.0395205467362
107.0 -0.973569070625 0.0402565760256
110.0 -0.975536195145 0.0429945396143
113.0 -0.963425419248 0.0471799876717
116.0 -0.949097018906 0.0441743724309
119.0 -0.937492586803 0.0431689460414
122.0 -0.931518476994 0.0452635602199
125.0 -0.925231553546 0.0403496842113
128.0 -0.921593314009 0.0404401233736
131.0 -0.919411787734 0.036891930103
134.0 -0.915680044861 0.0379923012526
137.0 -0.907731510369 0.0357834699538
140.0 -0.901994406575 0.031752913883
143.0 -0.893751675858 0.0331513286058
146.0 -0.897294200576 0.0354158251319
149.0 -0.891338307581 0.0342681366743
152.0 -0.884691080218 0.0322763889174
155.0 -0.88207242588 0.0307256095835
158.0 -0.877591188795 0.0299886839428
161.0 -0.873284915937 0.0318142193471
164.0 -0.874748661932 0.0291073109479
167.0 -0.871337281505 0.0292157264735
170.0 -0.870666730548 0.0315260138333
173.0 -0.866293634327 0.0327774075651
176.0 -0.862962699445 0.0301899970034
179.0 -0.860710962989 0.0308334516515
182.0 -0.861368574488 0.0324843454705
185.0 -0.856903629545 0.0320340229153
188.0 -0.849714161569 0.0309763161556
191.0 -0.849180812054 0.0287067158914
194.0 -0.845946057228 0.0279324769574
197.0 -0.843238526131 0.0309942131018
200.0 -0.840811766421 0.0310618008739
203.0 -0.838869631045 0.0309561726908
206.0 -0.833186666428 0.0322619389454
209.0 -0.829160498532 0.0317659868637
212.0 -0.827225122695 0.0320725980379
215.0 -0.825578894767 0.0301729513634
218.0 -0.825733809893 0.0321470699771
221.0 -0.820715210253 0.031126492762
224.0 -0.819800599077 0.0315588719662
227.0 -0.821290258761 0.0318712768245
230.0 -0.822048132856 0.0331589485983
233.0 -0.819321410896 0.0327270384917
236.0 -0.818120483869 0.0333354106735
239.0 -0.815774353794 0.033819349459
242.0 -0.814278653691 0.0320666012139
245.0 -0.814196206354 0.0302301656767
248.0 -0.81326718333 0.0318858042191
251.0 -0.813749321306 0.0324800595808
254.0 -0.813137428821 0.0305065377549
257.0 -0.812654749248 0.0292794224386
260.0 -0.813295096547 0.0292291376729
263.0 -0.814511917084 0.029562347058
266.0 -0.813804844882 0.0296507991096
269.0 -0.812854706362 0.0301498142889
272.0 -0.809738327582 0.031221874413
275.0 -0.810519141826 0.0323263082895
278.0 -0.808507359066 0.0317356730491
281.0 -0.806708348116 0.0327633652168
284.0 -0.803122760571 0.0330052160586
287.0 -0.802909567319 0.0338657242462
290.0 -0.800979468346 0.0346414380232
293.0 -0.799442291041 0.0349880717236
296.0 -0.796745240794 0.0335008440825
299.0 -0.794740803899 0.032442836792
302.0 -0.794539886823 0.0320692045197
305.0 -0.795462475119 0.0314558536304
308.0 -0.791967710751 0.0306906821272
311.0 -0.790764865251 0.0309598623332
314.0 -0.788884367118 0.0297385863641
317.0 -0.785393061091 0.0296022956127
320.0 -0.78528823978 0.0296824827829
323.0 -0.785595252441 0.0288712621421
326.0 -0.785295296131 0.0283590284213
329.0 -0.78513924618 0.027830066988
332.0 -0.784286427143 0.0280939359107
335.0 -0.781847796995 0.0292589070834
338.0 -0.780422036559 0.0300526194173
341.0 -0.778847809098 0.0287748165912
344.0 -0.77706319554 0.0289556294982
347.0 -0.776189974306 0.027054277723
350.0 -0.777579408292 0.027056719536
353.0 -0.776314633512 0.0271787892146
356.0 -0.775347222146 0.0266248911633
359.0 -0.775226569239 0.0270862818319
362.0 -0.772468538906 0.0269427161338
365.0 -0.771202919533 0.0267912541021
368.0 -0.772530835456 0.0281881233949
371.0 -0.773000495448 0.0298246687553
374.0 -0.771908617629 0.0283911423716
377.0 -0.771422969116 0.0276148397505
380.0 -0.771401926537 0.0266776139931
383.0 -0.768758616882 0.0266042592174
386.0 -0.768038166021 0.0265672021304
389.0 -0.767515787082 0.025015008184
392.0 -0.766375244185 0.0254300430906
395.0 -0.764880357405 0.0257696533637
398.0 -0.763779157817 0.0264985020929
401.0 -0.763093210819 0.0252553723333
404.0 -0.763537395122 0.023919816917
407.0 -0.761842792925 0.0244390797809
410.0 -0.762591080693 0.0231602420681
413.0 -0.762401689176 0.0228609692842
416.0 -0.760553075595 0.0234284642274
419.0 -0.759631129079 0.0231584554793
422.0 -0.75964131278 0.0235459760663
425.0 -0.759865662872 0.0246442597986
428.0 -0.76074128588 0.0230728325882
431.0 -0.760018555985 0.0233640224502
434.0 -0.758809797638 0.0238649523593
437.0 -0.757563339697 0.0237635840375
440.0 -0.755980573125 0.0225356367557
443.0 -0.756713723358 0.0226453610007
446.0 -0.755394613519 0.0230864026102
449.0 -0.755032389942 0.0234301222037
452.0 -0.755362826614 0.023046747025
455.0 -0.754240554231 0.0234841137423
458.0 -0.754248506138 0.0234519498758
461.0 -0.75508165528 0.022518340153
464.0 -0.754729442383 0.02142721658
467.0 -0.753131998039 0.0214129803451
470.0 -0.752816068458 0.0205012866591
473.0 -0.753145891587 0.0213304975145
476.0 -0.754237409077 0.0213780590498
479.0 -0.755404493058 0.0206555072776
482.0 -0.754382548835 0.0212437996229
485.0 -0.753183931382 0.0218553314655
488.0 -0.752560781283 0.0224112276204
491.0 -0.752730100708 0.0220594028422
494.0 -0.752211128805 0.0220893580109
497.0 -0.751586843593 0.0212479447862
500.0 -0.752202413441 0.0211052816831
503.0 -0.751533214156 0.0207317270659
506.0 -0.751505978068 0.0205643292548
509.0 -0.749977009095 0.0213523495565
512.0 -0.750103846578 0.0213998981663
515.0 -0.749644106606 0.021241938931
518.0 -0.747233040352 0.0213451818785
521.0 -0.745903483498 0.0208842943312
524.0 -0.744729677988 0.0207074478348
527.0 -0.743510757965 0.020242372497
530.0 -0.743128964653 0.0209438181585
533.0 -0.742256841877 0.0207648360464
536.0 -0.741581048834 0.0207177983086
539.0 -0.741417079427 0.0201750813115
542.0 -0.743131188179 0.0207492915355
545.0 -0.742928797986 0.0210161972894
548.0 -0.741482771056 0.0204848137992
551.0 -0.740993770653 0.0203067192756
554.0 -0.741955830969 0.0205076263874
557.0 -0.740817501865 0.0207223149552
560.0 -0.740353382131 0.021273484584
563.0 -0.741089106075 0.0215311848539
566.0 -0.741394769342 0.0213583838061
569.0 -0.740664472588 0.0204861015033
572.0 -0.740053867439 0.0206542931291
575.0 -0.74077579983 0.0206608008353
578.0 -0.740454865355 0.0214248803093
581.0 -0.739410269743 0.0217349349938
584.0 -0.738717315368 0.0213199962859
587.0 -0.739125775736 0.0210167902456
590.0 -0.738088464395 0.0206153013714
593.0 -0.736870172302 0.0210064741481
596.0 -0.736013443247 0.0213116244433
599.0 -0.73480257003 0.0214416282074
602.0 -0.735910257313 0.0212394326669
605.0 -0.735493271814 0.0215074074459
608.0 -0.73491669018 0.0206863409254
611.0 -0.735226879173 0.021075122737
614.0 -0.735392042482 0.0200883205213
617.0 -0.734572411216 0.0201958232649
620.0 -0.7341819582 0.0199125529522
623.0 -0.733711738644 0.0196258048264
626.0 -0.733397552269 0.0197648968053
629.0 -0.731983746918 0.0201290948183
632.0 -0.73138888736 0.0207171781306
635.0 -0.730699433776 0.019774743455
638.0 -0.730585002127 0.0194369347448
641.0 -0.729946893338 0.0192843684244
644.0 -0.729294825653 0.0198662512901
647.0 -0.729806455659 0.0200428226837
650.0 -0.730091265024 0.0199717378757
653.0 -0.729843038414 0.0199098161275
656.0 -0.7301375478 0.0196331264696
659.0 -0.730139680635 0.0192506798657
662.0 -0.730391725477 0.0195199115686
665.0 -0.73114730621 0.0195454449947
668.0 -0.730701081236 0.0192389533902
671.0 -0.731311087241 0.0195999926769
674.0 -0.731492464921 0.0196356866275
677.0 -0.731355597546 0.0198310511433
680.0 -0.730650285418 0.0193434306737
683.0 -0.730361125372 0.0190777973506
686.0 -0.73101512933 0.0183799189558
689.0 -0.730566987324 0.0185113160646
692.0 -0.7313356801 0.0181363768456
695.0 -0.73137948946 0.0179067945578
698.0 -0.732395831847 0.017550569186
701.0 -0.7319491359 0.0185835800642
704.0 -0.732748499086 0.0188452321968
707.0 -0.732517676087 0.0183355370251
710.0 -0.733203580912 0.0182652703219
713.0 -0.732963147638 0.0178739276497
716.0 -0.731504566649 0.0178239910743
719.0 -0.73163807775 0.0170190781405
722.0 -0.731030666951 0.0169635587693
725.0 -0.731613961997 0.0165091428315
728.0 -0.731361307059 0.0167751992456
731.0 -0.73082159519 0.0165645737949
734.0 -0.731120074056 0.0168162673521
737.0 -0.730783702717 0.0175732497723
740.0 -0.729882245445 0.017165849634
743.0 -0.72957536742 0.0172962237735
746.0 -0.728920238597 0.0169965023467
749.0 -0.728826129133 0.0173450066629
752.0 -0.729167260387 0.0175728709108
755.0 -0.729436674043 0.0179776452945
758.0 -0.729878349475 0.0177741712036
761.0 -0.729678136175 0.0175801905117
764.0 -0.728896439544 0.0176981084663
767.0 -0.729693221397 0.0175777856134
770.0 -0.730541996331 0.0174731761691
773.0 -0.730638105248 0.0172690702697
776.0 -0.728867831411 0.0173424758435
779.0 -0.728189381366 0.0169254912983
782.0 -0.727360475346 0.0167164599494
785.0 -0.727631130159 0.0166544240591
788.0 -0.728079465727 0.0166359906403
791.0 -0.72808088828 0.0161763290458
794.0 -0.727024480069 0.0161990502181
797.0 -0.727439467198 0.0156763681493
800.0 -0.72701145556 0.0155359472802
803.0 -0.726616190301 0.0151222275642
806.0 -0.727254433671 0.015232778408
809.0 -0.726626341041 0.0148384434126
812.0 -0.726215607806 0.0143072584221
815.0 -0.7252936764 0.0144500890348
818.0 -0.724478529554 0.0143481191017
821.0 -0.723837649089 0.0148164702732
824.0 -0.724100486421 0.0151199804625
827.0 -0.724671299211 0.0150128067462
830.0 -0.724236999882 0.0153724549435
833.0 -0.724298025638 0.0150803656392
836.0 -0.724312941379 0.0147690375374
839.0 -0.723599719246 0.0144498664835
842.0 -0.723246265269 0.01425313623
845.0 -0.723244315107 0.0138920094004
848.0 -0.72264096365 0.0136991229098
851.0 -0.722928309895 0.0131512730687
854.0 -0.722810401206 0.0126029429162
857.0 -0.722274414864 0.0124243637493
860.0 -0.721700941747 0.0126700918144
863.0 -0.721693870107 0.0128615321445
866.0 -0.721231357225 0.0129511937542
869.0 -0.721190491571 0.0129922813272
872.0 -0.720158455893 0.0128854228047
875.0 -0.720339221707 0.0125028850946
878.0 -0.719680576613 0.012591637328
881.0 -0.719139924561 0.0130658959927
884.0 -0.718843480967 0.0135323519023
887.0 -0.71852762211 0.014175065094
890.0 -0.718357815007 0.0139454028811
893.0 -0.718205538932 0.0140978882177
896.0 -0.718341315841 0.0137669011218
899.0 -0.71865183941 0.013014190719
902.0 -0.718955658126 0.0133269401674
905.0 -0.719414237059 0.0139039834776
908.0 -0.719019696628 0.0138076211615
911.0 -0.719788826457 0.0140205396109
914.0 -0.720211043358 0.0141830253711
917.0 -0.719430646369 0.0144101714508
920.0 -0.719718965408 0.0144003682175
923.0 -0.719834130791 0.0148005910871
926.0 -0.719790489881 0.0146950239335
929.0 -0.719798897145 0.0146657901179
932.0 -0.719598130114 0.0141455171833
935.0 -0.720032088471 0.0145140322301
938.0 -0.719513474503 0.0146676724099
941.0 -0.719606330782 0.0147509824796
944.0 -0.720102381541 0.015147714348
947.0 -0.719204485929 0.0153294154032
950.0 -0.719482596165 0.0154180909754
953.0 -0.719487573207 0.0150964750514
956.0 -0.719325525858 0.015042732905
959.0 -0.719867876569 0.0153479201564
962.0 -0.719628258356 0.0148326722347
965.0 -0.719777980304 0.0148904015449
968.0 -0.719837646593 0.0148365609629
971.0 -0.71882138947 0.0149699155638
974.0 -0.718926662397 0.0154557041169
977.0 -0.718692682695 0.0154729010538
980.0 -0.718749940717 0.0152691467115
983.0 -0.718602558118 0.0152213415873
986.0 -0.719103268571 0.0154148072074
989.0 -0.718928582675 0.0151126966387
992.0 -0.718028230473 0.0153086314802
995.0 -0.717338789486 0.0149225071357
998.0 -0.717181822821 0.0154001366582
