2.0 -9.99485878031 0.00729854677665
5.0 -9.88308246846 0.206465586279
8.0 -9.82464501716 0.214604634661
11.0 -9.72651676781 0.194223164657
14.0 -9.4833323811 0.249651728886
17.0 -9.22536610594 0.219509092807
20.0 -9.21961678533 0.197657562661
23.0 -8.93769763237 0.244256400222
26.0 -8.77098642114 0.212907498947
29.0 -8.58908875112 0.251631343079
32.0 -8.40996635484 0.272221635046
35.0 -8.16312519851 0.249190044642
38.0 -8.08755158423 0.256545077971
41.0 -7.96146291437 0.235043203765
44.0 -7.81015689206 0.216988730453
47.0 -7.68194210494 0.206533973166
50.0 -7.61466166867 0.240259027429
53.0 -7.47620445238 0.237817562826
56.0 -7.40082515445 0.219676861356
59.0 -7.30522496381 0.221795756967
62.0 -7.23709400863 0.205801349144
65.0 -7.14395446767 0.218656424338
68.0 -7.03996723058 0.211317926134
71.0 -6.95998665304 0.215948828487
74.0 -6.88059149528 0.212414944702
77.0 -6.81076899686 0.200292747736
80.0 -6.74813974776 0.20354760688
83.0 -6.69100197008 0.216193647173
86.0 -6.6402987917 0.223613349339
89.0 -6.57583500535 0.223059600812
92.0 -6.51413081627 0.204761278291
95.0 -6.4675291703 0.201136447447
98.0 -6.41481670372 0.212024687248
101.0 -6.348256817 0.204389977023
104.0 -6.30327394593 0.200660742443
107.0 -6.24716226935 0.204183354392
110.0 -6.18517289511 0.194986849223
113.0 -6.13985471704 0.178374884882
116.0 -6.11067371027 0.1772589999
119.0 -6.08510970057 0.178346447103
122.0 -6.06237786794 0.176089071082
125.0 -6.04147001602 0.174922722109
128.0 -6.02028726547 0.180861451154
131.0 -5.99332246497 0.184146377687
134.0 -5.96317749016 0.172560951031
137.0 -5.93404949897 0.171935026711
140.0 -5.89610738241 0.171641439955
143.0 -5.87234692179 0.165726709934
146.0 -5.84627143867 0.158412587956
149.0 -5.81740254781 0.159656814255
152.0 -5.78981619134 0.158060770382
155.0 -5.77129163609 0.159211011271
158.0 -5.73522012493 0.155260236238
161.0 -5.71362203083 0.161106709679
164.0 -5.69355818875 0.160698771783
167.0 -5.66884229854 0.16110713435
170.0 -5.64174600097 0.161657363745
173.0 -5.63195616541 0.161195084407
176.0 -5.60606378877 0.163412147611
179.0 -5.58637198056 0.158673078016
182.0 -5.56850740961 0.156479908607
185.0 -5.55809739589 0.153413886894
188.0 -5.54412090877 0.152202335557
191.0 -5.53007165104 0.151513392125
194.0 -5.50206335552 0.149280068243
197.0 -5.48514043053 0.141545242065
200.0 -5.47086072417 0.134080155197
203.0 -5.45567292768 0.129630809766
206.0 -5.44791888654 0.130846916355
209.0 -5.43136125653 0.127496259877
212.0 -5.42524444854 0.120130157132
215.0 -5.41460448289 0.115265420434
218.0 -5.40812667053 0.114720252155
221.0 -5.39252168275 0.114301953073
224.0 -5.37636147446 0.113234673669
227.0 -5.36212507912 0.115244071696
230.0 -5.34733677089 0.114349281598
233.0 -5.33613793103 0.114416954952
236.0 -5.32730229403 0.115432291398
239.0 -5.31140898469 0.113335437248
242.0 -5.2964918053 0.111803787883
245.0 -5.28542153327 0.109628852275
248.0 -5.27851677078 0.107944099678
251.0 -5.26560723758 0.108820801318
254.0 -5.26427690879 0.103164691608
257.0 -5.25451857906 0.106963184184
260.0 -5.23756916891 0.102637789396
263.0 -5.22752662246 0.10237699994
266.0 -5.22348408678 0.103539231927
269.0 -5.2200439 0.104057127935
272.0 -5.20755583693 0.100705775727
275.0 -5.19813588539 0.0973794387155
278.0 -5.18202274109 0.098321875989
281.0 -5.16962627259 0.0959433463598
284.0 -5.16298162273 0.094038930436
287.0 -5.151517278 0.0945373560391
290.0 -5.14231628889 0.0936345332876
293.0 -5.13025142444 0.0935828920404
296.0 -5.12536926232 0.093000642636
299.0 -5.11567943846 0.0910707911011
302.0 -5.10805042823 0.0900729501288
305.0 -5.09852543807 0.089728944165
308.0 -5.08833191537 0.0877794315449
311.0 -5.08014800466 0.0827402365758
314.0 -5.07004941392 0.0809456262246
317.0 -5.06057133176 0.077580161739
320.0 -5.05150131254 0.0791349995278
323.0 -5.03780994907 0.0790734365437
326.0 -5.03269809178 0.0744569455943
329.0 -5.02706747344 0.0712558812127
332.0 -5.01860832377 0.072776114669
335.0 -5.00844099641 0.0715290857464
338.0 -4.99980403071 0.0703755107894
341.0 -4.99272367575 0.0691904402314
344.0 -4.9852858409 0.0697850131405
347.0 -4.97474254596 0.0706840322939
350.0 -4.96574985783 0.0706872444574
353.0 -4.96180419848 0.0708927042542
356.0 -4.95901272729 0.0710434631595
359.0 -4.95229644096 0.0708013953813
362.0 -4.95147273071 0.0694922591068
365.0 -4.94991125545 0.0702522408166
368.0 -4.94382431641 0.0677609957246
371.0 -4.93632734026 0.0660715271701
374.0 -4.93073609726 0.0645981623887
377.0 -4.9243875234 0.063434782993
380.0 -4.920355658 0.0628864596876
383.0 -4.91389172099 0.0630820294805
386.0 -4.91090921492 0.0616550697668
389.0 -4.90434722228 0.0596362197289
392.0 -4.89847651222 0.0591307704568
395.0 -4.89201697382 0.0566101799829
398.0 -4.88304054535 0.0562669665158
401.0 -4.87546131777 0.0549331014622
404.0 -4.86928380952 0.0545533863625
407.0 -4.86615415875 0.0511922032523
410.0 -4.86365663783 0.0503175604915
413.0 -4.85690743881 0.0513829571766
416.0 -4.85260743873 0.0511541054744
419.0 -4.84656308948 0.0503850146663
422.0 -4.84056134815 0.0489359449055
425.0 -4.83474788242 0.0500718654206
428.0 -4.82889642534 0.0506816649868
431.0 -4.82622671358 0.0515929275726
434.0 -4.82266916773 0.0537302744936
437.0 -4.81876789636 0.0526022240469
440.0 -4.81566019569 0.0511618000206
443.0 -4.81416718608 0.0512885819953
446.0 -4.81276046151 0.0511551523867
449.0 -4.80355417154 0.0509924944678
452.0 -4.7993985029 0.0506094436082
455.0 -4.79475536558 0.0500489183861
458.0 -4.79114439656 0.0496506360963
461.0 -4.78495441964 0.0488487319152
464.0 -4.78045419547 0.0486844456652
467.0 -4.77651307715 0.0491657890508
470.0 -4.77264389378 0.0464069326276
473.0 -4.76506022354 0.0461694722611
476.0 -4.76359433801 0.0463361996482
479.0 -4.75856912932 0.0450760584669
482.0 -4.75334943957 0.0450278923507
485.0 -4.74814441545 0.0441576687773
488.0 -4.74378761084 0.0442540672343
491.0 -4.73868820397 0.0443288995518
494.0 -4.73924212583 0.0447540712653
497.0 -4.7354247179 0.0444123291181
500.0 -4.73209926279 0.0446455803079
503.0 -4.72626384013 0.0446675693194
506.0 -4.72382796951 0.0456962742375
509.0 -4.71721766721 0.0467947052722
512.0 -4.71521596128 0.0460018289651
515.0 -4.71093917053 0.0469027414215
518.0 -4.70914230335 0.0465556324257
521.0 -4.70810567558 0.0480493684585
524.0 -4.7053797514 0.0477152216167
527.0 -4.70221057139 0.0462751242123
530.0 -4.69924695679 0.045850480814
533.0 -4.69669548213 0.0463433300527
536.0 -4.69773651283 0.0450775941621
539.0 -4.69544694751 0.0454504189922
542.0 -4.69344589723 0.0461014426346
545.0 -4.68976016145 0.045020424581
548.0 -4.68602319238 0.0446693165609
551.0 -4.68192846023 0.0441927801539
554.0 -4.6789202029 0.0440359911377
557.0 -4.67542527386 0.0433971950006
560.0 -4.67232584162 0.0448674755732
563.0 -4.6690985586 0.0440499091898
566.0 -4.66342263313 0.0436315530271
569.0 -4.66068741669 0.0435101869613
572.0 -4.6605490099 0.0435292121506
575.0 -4.65555984169 0.0433759927648
578.0 -4.65264452611 0.0421950972766
581.0 -4.65088511166 0.0418605879532
584.0 -4.64835482119 0.0413652103505
587.0 -4.64612547257 0.0412629125283
590.0 -4.64274157416 0.0406489700229
593.0 -4.64207672452 0.0390618619265
596.0 -4.63928411302 0.0390037889332
599.0 -4.63616911952 0.0384185399502
602.0 -4.63418258543 0.0396650378403
605.0 -4.63045059232 0.0392261734799
608.0 -4.62809575975 0.0400909442824
611.0 -4.62559921792 0.0398335552685
614.0 -4.62319534729 0.0387644657877
617.0 -4.62048216138 0.039010215915
620.0 -4.62110779712 0.0381477158069
623.0 -4.62024723999 0.0381543511167
626.0 -4.61525735537 0.0385632281294
629.0 -4.61221506698 0.0389142127405
632.0 -4.60881833611 0.038146972601
635.0 -4.60622189705 0.038007229956
638.0 -4.6052091596 0.0388497559629
641.0 -4.60245600601 0.0387610434166
644.0 -4.60164565495 0.0376240124591
647.0 -4.59972419807 0.038322747701
650.0 -4.59839681325 0.0400456080265
653.0 -4.5973166555 0.0405797815716
656.0 -4.59361141231 0.0401740258648
659.0 -4.59187976178 0.0400796649623
662.0 -4.59022131158 0.0401022397106
665.0 -4.58825009851 0.0406564466069
668.0 -4.58570005695 0.0408290473894
671.0 -4.58547425825 0.0415398890255
674.0 -4.58212495234 0.0416816574311
677.0 -4.57944827992 0.0427127865206
680.0 -4.57941293244 0.0426635201605
683.0 -4.57719893982 0.0432062759101
686.0 -4.57427893365 0.0427815395909
689.0 -4.57166577588 0.0430141055131
692.0 -4.56767727856 0.0427508154919
695.0 -4.56394595641 0.0423374729647
698.0 -4.5614486787 0.0421290381516
701.0 -4.56099225535 0.0418659907934
704.0 -4.56084147738 0.041515270017
707.0 -4.56057540713 0.0425113339704
710.0 -4.55879449082 0.042335049196
713.0 -4.55687115333 0.0419659674599
716.0 -4.55521530582 0.0416225737642
719.0 -4.5506012445 0.0408884809803
722.0 -4.54798243144 0.040623397423
725.0 -4.54891452083 0.0405958845514
728.0 -4.54738627807 0.039834997521
731.0 -4.54651193885 0.0403233482615
734.0 -4.54377354456 0.0399983700129
737.0 -4.54226634398 0.0401163847444
740.0 -4.53825262452 0.0399755000472
743.0 -4.53641913422 0.0387426797895
746.0 -4.53411664785 0.0374433891844
749.0 -4.53053853479 0.0377532442853
752.0 -4.52919008263 0.03692188375
755.0 -4.52838180093 0.0374749747785
758.0 -4.52646748329 0.0368438292779
761.0 -4.52477298713 0.0370617289417
764.0 -4.52248875549 0.0382931520058
767.0 -4.52090112378 0.0388077761891
770.0 -4.51832110239 0.0382701603404
773.0 -4.51467133811 0.0381099986896
776.0 -4.51179949311 0.0379781466031
779.0 -4.50989077575 0.0373198933635
782.0 -4.50622870638 0.0373439977554
785.0 -4.50435253004 0.0373157204332
788.0 -4.50264448732 0.0366216277238
791.0 -4.49960687659 0.0374162815851
794.0 -4.49739819193 0.0376479989349
797.0 -4.49519171142 0.03729399591
800.0 -4.49464763879 0.0374688663353
803.0 -4.49317828665 0.0376218065612
806.0 -4.49098527157 0.0390655805535
809.0 -4.4910751739 0.0380191306927
812.0 -4.48992898625 0.0375993042973
815.0 -4.48984631859 0.0372934692677
818.0 -4.48779547846 0.0374047656934
821.0 -4.48508363158 0.0373774226154
824.0 -4.48346201149 0.0375460585092
827.0 -4.48237000379 0.03808735815
830.0 -4.47908190274 0.0380162071129
833.0 -4.47786558482 0.0381564059807
836.0 -4.47482065638 0.0380143444536
839.0 -4.47328408796 0.0389534895035
842.0 -4.47140518114 0.0380544308854
845.0 -4.47020871993 0.0369849253513
848.0 -4.46933127895 0.037027440468
851.0 -4.46818019922 0.0370399547671
854.0 -4.46673826241 0.0378765925707
857.0 -4.46625833432 0.0386621633423
860.0 -4.46508911034 0.0385073904644
863.0 -4.46409816595 0.0396646091614
866.0 -4.46317734295 0.0392493997757
869.0 -4.46170039098 0.0382696200209
872.0 -4.4599219789 0.0382115999803
875.0 -4.45765932802 0.0386228876227
878.0 -4.45560027829 0.0386803755222
881.0 -4.45447685046 0.0391831080245
884.0 -4.45227405801 0.03941315272
887.0 -4.4508635697 0.0392254424895
890.0 -4.44939165634 0.0391635372332
893.0 -4.44876294978 0.0400371884839
896.0 -4.44799013573 0.0406720473163
899.0 -4.4469729854 0.0412892193502
902.0 -4.44691454118 0.0409171960821
905.0 -4.44509705268 0.0402339380879
908.0 -4.44330366237 0.0410473546263
911.0 -4.44336829691 0.0405309742251
914.0 -4.44181567615 0.0406118460101
917.0 -4.44042815263 0.0417217087948
920.0 -4.4377139736 0.0419893360254
923.0 -4.43577311117 0.0421897928759
926.0 -4.43402612408 0.0414155093506
929.0 -4.43179075131 0.041263946378
932.0 -4.43080302442 0.0406383085077
935.0 -4.4300800859 0.0408992723307
938.0 -4.42876395731 0.0404173361806
941.0 -4.42762766338 0.0398721039699
944.0 -4.42854814747 0.0392385081292
947.0 -4.42887915741 0.0400390370375
950.0 -4.42666626325 0.0392421318184
953.0 -4.42297584011 0.038422551451
956.0 -4.421743915 0.0378914748992
959.0 -4.42019063298 0.0374301643522
962.0 -4.41950864701 0.0374392034782
965.0 -4.41745639584 0.0374008905654
968.0 -4.41617460129 0.0380327920751
971.0 -4.41468734831 0.037938428206
974.0 -4.41446678282 0.0380039725583
977.0 -4.4135465147 0.0383052736124
980.0 -4.41290774893 0.0388529003469
983.0 -4.4130730899 0.0380441625541
986.0 -4.41216021357 0.0391604316649
989.0 -4.4114212132 0.0395731336598
992.0 -4.40950844857 0.0401220657427
995.0 -4.4073585234 0.0401164851951
998.0 -4.40686811652 0.0404219153896
