2.0 -9.82310765954 0.219651675124
5.0 -7.5996592196 1.02765670543
8.0 -6.08380451225 0.590146780964
11.0 -5.77198930227 0.644948116551
14.0 -5.21189159464 0.582921562261
17.0 -4.76044398971 0.467337924519
20.0 -4.66391043972 0.195129871982
23.0 -4.37002636302 0.370481079168
26.0 -4.19773656497 0.166723228674
29.0 -3.99759140307 0.127970198774
32.0 -3.92069578869 0.0223217255855
35.0 -3.7966979768 0.195517193352
38.0 -3.7297993078 0.327717542901
41.0 -3.5629847243 0.288526791439
44.0 -3.45686076583 0.258790773653
47.0 -3.49794160491 0.132988627165
50.0 -3.43679610862 0.22303747423
53.0 -3.41918240598 0.257253776669
56.0 -3.33466370566 0.263630170913
59.0 -3.33184134259 0.290433089642
62.0 -3.30579494404 0.294152346994
65.0 -3.25766594662 0.270981189726
68.0 -3.22023973574 0.308512281368
71.0 -3.18280418353 0.306852785836
74.0 -3.13450806798 0.301239446229
77.0 -3.15351937702 0.325652110121
80.0 -3.14259733788 0.31675261362
83.0 -3.10362147025 0.328560535862
86.0 -3.09944043059 0.319891849918
89.0 -3.07442614641 0.297693748608
92.0 -3.06702801121 0.264673355996
95.0 -3.03488812664 0.277290852181
98.0 -3.04276759539 0.231497491472
101.0 -3.02686410246 0.210733905201
104.0 -3.02278196489 0.23553261432
107.0 -2.99046097521 0.218437281907
110.0 -2.95622113044 0.217582641146
113.0 -2.94498517123 0.217325298296
116.0 -2.92420538231 0.23111380035
119.0 -2.90447331385 0.234773447463
122.0 -2.894339134 0.205847926697
125.0 -2.86907099478 0.209938291709
128.0 -2.8449872996 0.213836920881
131.0 -2.86802344783 0.20188336776
134.0 -2.8517579975 0.205787765551
137.0 -2.85142639902 0.210631479275
140.0 -2.82461011904 0.206117947578
143.0 -2.80206585081 0.197432478876
146.0 -2.7770576484 0.185259417368
149.0 -2.78967555424 0.21981580669
152.0 -2.78042074066 0.209794160523
155.0 -2.76626933923 0.192877614153
158.0 -2.76072095905 0.186819267564
161.0 -2.7630683946 0.190698222478
164.0 -2.74947568007 0.176561847023
167.0 -2.7407877936 0.182498620387
170.0 -2.75830435871 0.190472683899
173.0 -2.76774968993 0.145520067757
176.0 -2.77572847647 0.156099755304
179.0 -2.77143414446 0.174841580356
182.0 -2.76595939238 0.145932299716
185.0 -2.7487789698 0.152701726037
188.0 -2.74142353677 0.165477159003
191.0 -2.74620046525 0.176647821698
194.0 -2.7396215663 0.178368952284
197.0 -2.7451223318 0.166833974084
200.0 -2.75826467134 0.163062335029
203.0 -2.74471642497 0.160068817984
206.0 -2.75180359111 0.153182488679
209.0 -2.75192654339 0.168696455543
212.0 -2.73904314891 0.155689231482
215.0 -2.73070533752 0.148266407757
218.0 -2.72445480536 0.148257257228
221.0 -2.71743528311 0.134253918435
224.0 -2.71642967665 0.123131478733
227.0 -2.72259135451 0.141096406784
230.0 -2.71129451076 0.134619181527
233.0 -2.69783385182 0.139414328089
236.0 -2.68833829438 0.139066506764
239.0 -2.68183195596 0.132623819537
242.0 -2.68332851828 0.12475069232
245.0 -2.68001837316 0.123223132822
248.0 -2.67332258638 0.135589029108
251.0 -2.67454226782 0.127965835369
254.0 -2.66984098119 0.124220026114
257.0 -2.66367357674 0.126677013244
260.0 -2.66009891163 0.108362413647
263.0 -2.66006755522 0.095153334223
266.0 -2.66017393618 0.0900708808741
269.0 -2.65243054656 0.0993580571254
272.0 -2.65456328889 0.087060638982
275.0 -2.64821187119 0.0821897146087
278.0 -2.64680190118 0.0865008274376
281.0 -2.63632910508 0.0954295127462
284.0 -2.63523760044 0.0847150694442
287.0 -2.6324598555 0.0875454784388
290.0 -2.63521561561 0.0858634761985
293.0 -2.63281596767 0.0778770649921
296.0 -2.63673728489 0.0890234206219
299.0 -2.62332520511 0.092301902559
302.0 -2.6348676453 0.0907659289594
305.0 -2.63076292731 0.0810456251628
308.0 -2.62691637283 0.0789623107353
311.0 -2.61686573258 0.0780000800344
314.0 -2.60945777972 0.073659826379
317.0 -2.59990455152 0.0729627302228
320.0 -2.60165720105 0.0751598506844
323.0 -2.60003745925 0.0823688414515
326.0 -2.59763577695 0.0787277561522
329.0 -2.59770990361 0.0804459710825
332.0 -2.59553797677 0.0766589428276
335.0 -2.59523747853 0.0640329865978
338.0 -2.5905964654 0.0629646048352
341.0 -2.59176661527 0.0834264345029
344.0 -2.59390192095 0.0802221542568
347.0 -2.59491256012 0.0723657027627
350.0 -2.58869902389 0.0685379889596
353.0 -2.59647456218 0.0576185140224
356.0 -2.59229795069 0.0598291033121
359.0 -2.59445241072 0.0545793582359
362.0 -2.59069866145 0.0603464965225
365.0 -2.58501564506 0.0496067907647
368.0 -2.58328195774 0.0487431101971
371.0 -2.58252001186 0.0441345258431
374.0 -2.59331119496 0.0576192782931
377.0 -2.58886840031 0.0556719064128
380.0 -2.59646511427 0.0525788422872
383.0 -2.59501630136 0.0518576060423
386.0 -2.59717835083 0.0543790220806
389.0 -2.59931016432 0.0502713627431
392.0 -2.60513163505 0.0395241703684
395.0 -2.61060711726 0.0232973421875
398.0 -2.61132372442 0.0231217340806
401.0 -2.6034322751 0.0256082861668
404.0 -2.60760645116 0.023230607932
407.0 -2.61078304379 0.0138799172854
410.0 -2.6070518264 0.011437319524
413.0 -2.60751016072 0.00794697599515
416.0 -2.6072044264 0.00555675728312
419.0 -2.60816070735 0.0141576782558
422.0 -2.60726169758 0.0155349179365
425.0 -2.60557765148 0.0121284909849
428.0 -2.60943423878 0.00453629973583
431.0 -2.60380604222 0.00227775163802
434.0 -2.60238341981 0.00240570915364
437.0 -2.60718108386 0.00109396361961
440.0 -2.60076291737 0.00520545670786
443.0 -2.60485747877 0.0045105544292
446.0 -2.60850595986 0.000152152972172
449.0 -2.60948987326 0.000522675298743
452.0 -2.61728395242 0.00266739599829
455.0 -2.61948321318 0.00287678286777
458.0 -2.62122469869 0.000503523848693
461.0 -2.61429590455 0.00181314244554
464.0 -2.62025929809 0.00531344297547
467.0 -2.62077228975 0.0102661175522
470.0 -2.619952573 0.00204115159648
473.0 -2.62060512646 0.00688779378869
476.0 -2.62276641767 0.00802358786572
479.0 -2.61532737957 0.00680151661356
482.0 -2.62007498488 0.00675918352809
485.0 -2.6172910159 0.00671737415066
488.0 -2.61103717769 0.0066760788144
491.0 -2.60769641082 0.00270389220789
494.0 -2.60551201966 0.0106663845685
497.0 -2.60197774188 0.00959810750593
500.0 -2.60289146542 0.00917242990573
503.0 -2.6035263384 0.0158076993115
506.0 -2.60388209133 0.0146046865412
509.0 -2.60211637676 0.0202717053097
512.0 -2.60295683539 0.021123790777
515.0 -2.60996577509 0.0186797965741
518.0 -2.60836905245 0.0268732619924
521.0 -2.60403103487 0.0244441078074
524.0 -2.60037732666 0.0272070741634
527.0 -2.59691123182 0.0239634400532
530.0 -2.59479107391 0.0246856358671
533.0 -2.59292358193 0.0193748098518
536.0 -2.59025339397 0.020940731651
539.0 -2.59436887667 0.030209427637
542.0 -2.59660690334 0.039137996784
545.0 -2.59597438827 0.0377782129866
548.0 -2.59768833132 0.0392865207349
551.0 -2.60125801181 0.038406993535
554.0 -2.6028118493 0.0362739726496
557.0 -2.60374464005 0.0349589096374
560.0 -2.60085457055 0.0290972516384
563.0 -2.60077426612 0.0324337423458
566.0 -2.60072695436 0.0247554226942
569.0 -2.59915636497 0.0194891315556
572.0 -2.5998990676 0.0209296223189
575.0 -2.5967248116 0.017772585
578.0 -2.59586005479 0.0183882786686
581.0 -2.59922284639 0.00435922590479
584.0 -2.59805740368 0.00404742495878
587.0 -2.60142311542 0.00151283627234
590.0 -2.59742867585 0.0030262600124
593.0 -2.59566090852 0.000360623250384
596.0 -2.59594728641 0.00184162203821
599.0 -2.59779231754 0.00191110152166
602.0 -2.59748744718 0.00871124485253
605.0 -2.59502478215 0.00708156044508
608.0 -2.59307202007 0.00929828633176
611.0 -2.59473106907 0.0101538375301
614.0 -2.59140631629 0.00797613603752
617.0 -2.59034121264 0.00475432158925
620.0 -2.58882262614 0.00401711615427
623.0 -2.5854334321 0.00209573430114
626.0 -2.58453518882 0.000192768253716
629.0 -2.58158438505 0.00222647657834
632.0 -2.59099222668 0.00565795524827
635.0 -2.58553084608 0.00651516390717
638.0 -2.58730827157 0.00736431103809
641.0 -2.58796329526 0.0113142184293
644.0 -2.58622246469 0.0152273254341
647.0 -2.58568711324 0.0155279322985
650.0 -2.58853378041 0.0164857012149
653.0 -2.58710024083 0.0153689241528
656.0 -2.58748324278 0.0184730724489
659.0 -2.58902724555 0.0189060134343
662.0 -2.59120037368 0.020327906461
665.0 -2.58702586071 0.0160730992755
668.0 -2.58806316972 0.0151606432064
671.0 -2.58938362343 0.0116742753474
674.0 -2.58720914143 0.0165626159873
677.0 -2.58855429294 0.0120626516933
680.0 -2.58921449459 0.00818671502794
683.0 -2.58824087888 0.00935337708345
686.0 -2.58450950477 0.00667597495286
689.0 -2.58866746121 0.00902905680255
692.0 -2.58890018897 0.00923415348633
695.0 -2.58663557665 0.00641686162645
698.0 -2.5839674438 0.00856854659297
701.0 -2.58484704105 0.00612083416346
704.0 -2.57873263604 0.00520885876928
707.0 -2.57654960505 0.0024564656055
710.0 -2.57558924757 0.00349586904873
713.0 -2.58058547935 0.00490606239991
716.0 -2.57995501645 0.00431401368289
719.0 -2.58439322221 0.000591064118207
722.0 -2.58463403985 0.000904912996487
725.0 -2.58514385141 0.00235531702101
728.0 -2.59149898784 0.000470699838915
731.0 -2.5914854489 0.000990154723061
734.0 -2.59008155743 0.000221392024607
737.0 -2.5871504249 0.000220490831015
740.0 -2.58859528441 0.00211224278403
743.0 -2.5892096978 0.00276903969909
746.0 -2.5872946454 0.00177330434464
749.0 -2.58490828501 0.00244066258141
752.0 -2.58205625727 0.00558244063871
755.0 -2.58035075625 0.00251577502894
758.0 -2.57919305602 0.000213886940309
761.0 -2.58114836001 0.00340487912499
764.0 -2.57776688739 0.00420782879073
767.0 -2.57541512642 0.00507767863543
770.0 -2.57472389866 0.00220684093311
773.0 -2.57198887706 0.00219827622271
776.0 -2.5686429149 1.17612662208e-05
779.0 -2.57396042839 0.00273335601132
782.0 -2.57162752393 0.00466804478832
785.0 -2.56946780092 0.00249715955932
788.0 -2.57257884014 0.00423252561413
791.0 -2.57083581041 0.00421647305347
794.0 -2.56904927712 0.00154914470932
797.0 -2.5688063062 0.0020641021559
800.0 -2.56771015755 0.00416903773169
803.0 -2.57267335372 0.00874926227891
806.0 -2.57790582181 0.0124217351623
809.0 -2.57452366178 0.0142559273584
812.0 -2.57531626395 0.0122776967646
815.0 -2.57272000777 0.0107020287226
818.0 -2.57564244096 0.00691228110809
821.0 -2.57777262753 0.0045932687474
824.0 -2.57535694442 0.00147705105832
827.0 -2.57372868466 0.000182125127529
830.0 -2.57584123157 0.000249093514991
833.0 -2.57540878416 0.00552062194871
836.0 -2.57433614498 0.00347911161829
839.0 -2.57331171955 0.00836205035621
842.0 -2.57384576331 0.00773229100211
845.0 -2.57033506829 0.00910716989787
848.0 -2.57062593945 0.0101171175899
851.0 -2.57005735859 0.0115292929863
854.0 -2.56740791822 0.0104379037719
857.0 -2.57049060928 0.0123735246141
860.0 -2.5704592467 0.011742952752
863.0 -2.5706622273 0.0116884005517
866.0 -2.57543899451 0.0119991403401
869.0 -2.57634063779 0.00849553263641
872.0 -2.5739621723 0.00853782646543
875.0 -2.57299373056 0.00908589246693
878.0 -2.57318458342 0.0114976660383
881.0 -2.57488431299 0.00693101566368
884.0 -2.5762306841 0.00826496011917
887.0 -2.57521693883 0.0087362222781
890.0 -2.57301626376 0.00921762163667
893.0 -2.57070489893 0.0105136089606
896.0 -2.5683013284 0.0130437924292
899.0 -2.56661933843 0.00946561319928
902.0 -2.56989129794 0.00519941725072
905.0 -2.57037270248 0.00768657115589
908.0 -2.56935219796 0.00971488409936
911.0 -2.57082011377 0.00899829481302
914.0 -2.57324651663 0.00611624366767
917.0 -2.57430095981 0.0119704341619
920.0 -2.57284073929 0.0130906094741
923.0 -2.57130664155 0.0120081640148
926.0 -2.57205026528 0.0111842267714
929.0 -2.57089487691 0.0138972847742
932.0 -2.57078453395 0.0106243990186
935.0 -2.57298505952 0.010212707309
938.0 -2.57255282105 0.0113672675894
941.0 -2.57036083544 0.0113973047933
944.0 -2.57067112939 0.0126163488987
947.0 -2.56797628949 0.0144203846524
950.0 -2.56728562226 0.0163411082445
953.0 -2.56552029502 0.0158250245779
956.0 -2.56571902839 0.0180188737406
959.0 -2.5659587499 0.016615668924
962.0 -2.5662816436 0.0154552535428
965.0 -2.56668646751 0.0153490401837
968.0 -2.56689590511 0.0133073433696
971.0 -2.56728965154 0.0132176779715
974.0 -2.56806398065 0.0170986419013
977.0 -2.56592048838 0.0181951688179
980.0 -2.56700963311 0.0184957206125
983.0 -2.56783243688 0.0214999429008
986.0 -2.56443132398 0.02206705076
989.0 -2.56433744435 0.025029044268
992.0 -2.56215144402 0.0248338990277
995.0 -2.56275958037 0.0253350541639
998.0 -2.56421031089 0.0256437181421
