2.0 -8.80814018503 0.963183877389
5.0 -8.51476490869 0.602939951692
8.0 -8.10515297829 0.631735725535
11.0 -7.5962798375 0.586695772338
14.0 -7.11305976892 0.582176167451
17.0 -6.65460675052 0.64369180874
20.0 -6.18430745753 0.601664853458
23.0 -5.70499853908 0.522040231674
26.0 -5.40158281198 0.472677701061
29.0 -5.19760996626 0.441781467705
32.0 -5.01932548587 0.404182178979
35.0 -4.85637011709 0.360133823626
38.0 -4.71707151813 0.350617380989
41.0 -4.55780201689 0.325229091679
44.0 -4.45602117958 0.3119122271
47.0 -4.33749055206 0.293798452648
50.0 -4.22525133004 0.282315444315
53.0 -4.14301338947 0.280203810225
56.0 -4.04552392321 0.264277327974
59.0 -3.96557763959 0.250690841717
62.0 -3.91273020426 0.23289090476
65.0 -3.86860043544 0.22137576577
68.0 -3.80877991361 0.214069864282
71.0 -3.77203164044 0.214330595799
74.0 -3.70632494003 0.211576964519
77.0 -3.65456757074 0.209483809246
80.0 -3.60899575609 0.205842841192
83.0 -3.5823062877 0.194805077712
86.0 -3.54817014996 0.188078757627
89.0 -3.49976062499 0.180260661928
92.0 -3.45949142921 0.180540684342
95.0 -3.43772492094 0.17242530163
98.0 -3.40685137594 0.166058319052
101.0 -3.38046388209 0.169235364562
104.0 -3.35408640385 0.16135757997
107.0 -3.32390941391 0.157625782829
110.0 -3.30857789584 0.154099627786
113.0 -3.28646363961 0.156084904376
116.0 -3.26351052903 0.151275373063
119.0 -3.24229590225 0.152257345932
122.0 -3.23552197545 0.145499701649
125.0 -3.2178046056 0.142541358364
128.0 -3.20333027174 0.140235739001
131.0 -3.18656265052 0.139459736445
134.0 -3.1679028321 0.137906532586
137.0 -3.14895755045 0.13207435084
140.0 -3.14962364525 0.12973709372
143.0 -3.14225263503 0.126833976562
146.0 -3.13335994441 0.122755663975
149.0 -3.12292319992 0.121817044128
152.0 -3.11704265417 0.120339253498
155.0 -3.10092096984 0.122574156341
158.0 -3.09176913497 0.123151400127
161.0 -3.06975953505 0.120359005554
164.0 -3.0621854826 0.119927867783
167.0 -3.05336987247 0.113227792553
170.0 -3.05037303411 0.109239347061
173.0 -3.04717274483 0.107137866299
176.0 -3.04561239356 0.106723096482
179.0 -3.03451891459 0.104920850735
182.0 -3.02539588985 0.103009433865
185.0 -3.01455887087 0.101901846197
188.0 -3.00254919402 0.0976511954825
191.0 -3.00065173238 0.0927626602221
194.0 -2.99288306305 0.0950490001569
197.0 -2.97720288719 0.0934535662966
200.0 -2.97426717834 0.0926521648691
203.0 -2.96811034861 0.0877161712001
206.0 -2.95801600953 0.0836876524082
209.0 -2.95101917294 0.0804163706649
212.0 -2.94853232101 0.0803260854377
215.0 -2.93454058038 0.0793455896007
218.0 -2.9256982157 0.080058279416
221.0 -2.92084615889 0.081002978672
224.0 -2.91632351071 0.079779058002
227.0 -2.90379851117 0.0775961635696
230.0 -2.89321560881 0.0791769025139
233.0 -2.89044232829 0.0814095142421
236.0 -2.88554143698 0.0789319506846
239.0 -2.88143638658 0.0766587839956
242.0 -2.87283814061 0.076777157348
245.0 -2.8682813652 0.0761892430353
248.0 -2.86348076947 0.0763073274796
251.0 -2.85459537092 0.0791267324021
254.0 -2.84897448429 0.0774440759095
257.0 -2.8423052215 0.0783841930567
260.0 -2.83336086055 0.0770368380409
263.0 -2.82641259284 0.0747136372838
266.0 -2.81818207416 0.0752772886709
269.0 -2.81824370361 0.0736591277198
272.0 -2.81533652894 0.0714139104323
275.0 -2.81183228703 0.0703964292855
278.0 -2.81065263025 0.0666592140142
281.0 -2.80760069802 0.0694702431105
284.0 -2.80429837118 0.0686129114313
287.0 -2.80156094167 0.0707252385889
290.0 -2.80399988084 0.0695725019849
293.0 -2.80243767259 0.0681224447158
296.0 -2.79877634621 0.0663320492589
299.0 -2.79822700069 0.0689708188879
302.0 -2.79966398095 0.0662067897589
305.0 -2.79407586666 0.0641783098741
308.0 -2.79346353643 0.0642938088374
311.0 -2.79160165346 0.0647954852636
314.0 -2.78340626997 0.0640447341612
317.0 -2.77969886561 0.0635817651946
320.0 -2.77442468559 0.0640258892499
323.0 -2.77187303526 0.0617626168819
326.0 -2.76933265122 0.0613210293818
329.0 -2.76954933598 0.0602415213769
332.0 -2.76649318152 0.0595734239064
335.0 -2.76243441559 0.0583169080898
338.0 -2.75975710095 0.0571651950211
341.0 -2.76023959279 0.0550284219162
344.0 -2.75665463915 0.0563460163597
347.0 -2.755215199 0.055048186327
350.0 -2.74808792587 0.0544344621929
353.0 -2.74599621825 0.0555762230286
356.0 -2.74203790616 0.0567591968567
359.0 -2.7421380176 0.0562116980227
362.0 -2.73813561816 0.0554471922471
365.0 -2.74128042629 0.0570132746674
368.0 -2.73908437183 0.0559775622968
371.0 -2.73838855848 0.0552616037128
374.0 -2.73173901244 0.0542183482743
377.0 -2.72658101692 0.0529253313532
380.0 -2.72378889834 0.0535438063373
383.0 -2.72391228404 0.0534533779282
386.0 -2.72212884829 0.0528444901797
389.0 -2.72118343743 0.0546616401336
392.0 -2.7220031129 0.0555570128654
395.0 -2.71704184185 0.0544442602381
398.0 -2.71626891022 0.0543064389425
401.0 -2.71307103555 0.0524039146508
404.0 -2.71105975089 0.0521575978392
407.0 -2.71205984079 0.053251540129
410.0 -2.71116395236 0.0539867318748
413.0 -2.70877638903 0.0538888271466
416.0 -2.70841859364 0.0520454550608
419.0 -2.7062150064 0.050907950099
422.0 -2.70360533273 0.0509705307894
425.0 -2.70276844187 0.0509648363018
428.0 -2.70088621418 0.0503599793104
431.0 -2.70115968285 0.0511226574428
434.0 -2.70089956391 0.0491026665369
437.0 -2.69916298359 0.0484941399969
440.0 -2.69641602893 0.047616074604
443.0 -2.69466054043 0.0461994819278
446.0 -2.69129405371 0.0459134262689
449.0 -2.69089508871 0.0463586464823
452.0 -2.68906672902 0.0471988865565
455.0 -2.68789979572 0.0476343939911
458.0 -2.68614848858 0.0463934234553
461.0 -2.68455254782 0.0474252904901
464.0 -2.68368184197 0.0473040915736
467.0 -2.68295459169 0.0481753171849
470.0 -2.68141626643 0.047310813272
473.0 -2.67846298643 0.0471187429766
476.0 -2.67746933335 0.0467889185824
479.0 -2.67968433417 0.0466018240582
482.0 -2.67767452253 0.047611645475
485.0 -2.67981863133 0.0454130715295
488.0 -2.67883950322 0.0452658439726
491.0 -2.67607480713 0.0457349630596
494.0 -2.67544110699 0.0449906170775
497.0 -2.67357683565 0.0448970989013
500.0 -2.66997768754 0.0448063842293
503.0 -2.66922338677 0.0432362398769
506.0 -2.66843716747 0.0437007700335
509.0 -2.6674195228 0.0432975937565
512.0 -2.66432767526 0.042975290713
515.0 -2.66310927744 0.041065862939
518.0 -2.66189640147 0.0408906165737
521.0 -2.66054378148 0.0404364141906
524.0 -2.66113358382 0.041671239147
527.0 -2.6606751062 0.0422932480651
530.0 -2.66060286991 0.0435791638405
533.0 -2.66024731956 0.0427332606174
536.0 -2.6584160108 0.0428525009684
539.0 -2.65636890434 0.0438264952644
542.0 -2.65366113079 0.0429826492168
545.0 -2.65399230788 0.0416441214401
548.0 -2.65174997257 0.0415257064663
551.0 -2.65066533327 0.0415088452953
554.0 -2.64790477192 0.0413568459035
557.0 -2.64913196472 0.0428720610907
560.0 -2.64738253537 0.0429921547203
563.0 -2.64537843515 0.0429642233967
566.0 -2.64430890677 0.0428864804012
569.0 -2.64321330845 0.0440911494624
572.0 -2.64033491697 0.0425527527548
575.0 -2.63830833986 0.0426431203712
578.0 -2.63784324244 0.0414470397646
581.0 -2.63600980228 0.0412006435573
584.0 -2.63504819402 0.0408551116308
587.0 -2.63771016624 0.0405675524252
590.0 -2.6366289053 0.0401679499125
593.0 -2.63496127325 0.0395772764493
596.0 -2.63396420409 0.0393722873899
599.0 -2.63360703211 0.0397360251388
602.0 -2.63110562135 0.0395790326753
605.0 -2.62969370047 0.0392161280125
608.0 -2.62807189109 0.0395723406412
611.0 -2.62798442473 0.0383248384804
614.0 -2.62939756923 0.0384003498778
617.0 -2.62845081452 0.0370087347283
620.0 -2.62579479146 0.0373236532386
623.0 -2.62451936622 0.0365193712765
626.0 -2.62429226873 0.0364738553788
629.0 -2.62336133677 0.0366145959044
632.0 -2.62238629862 0.0360985931221
635.0 -2.62024403234 0.0360902512545
638.0 -2.62058097072 0.0359160881535
641.0 -2.61990876959 0.0355802264148
644.0 -2.61882416707 0.0365349303309
647.0 -2.61736970205 0.0356845790231
650.0 -2.61832384357 0.0351630221713
653.0 -2.61986193255 0.0344821946938
656.0 -2.61919997385 0.0351551357328
659.0 -2.61922140983 0.0344692418585
662.0 -2.61777455518 0.0341254819302
665.0 -2.61721563098 0.0339059429469
668.0 -2.61527924491 0.0343923808523
671.0 -2.61529439352 0.0350360814771
674.0 -2.61519294977 0.0343773096064
677.0 -2.61427172653 0.0343859117148
680.0 -2.61371326357 0.0338912122111
683.0 -2.61322225352 0.0343634104327
686.0 -2.61174113182 0.0344412138162
689.0 -2.61072762926 0.033512722936
692.0 -2.60921348542 0.0338285661874
695.0 -2.60895966684 0.0334640343199
698.0 -2.60766117996 0.0331911577176
701.0 -2.60828783748 0.0316540769576
704.0 -2.60925375349 0.0324696126868
707.0 -2.60820315803 0.0343530170517
710.0 -2.60685676207 0.0339919616818
713.0 -2.60702152843 0.032937760915
716.0 -2.60682937183 0.033614309653
719.0 -2.60765590699 0.032824086063
722.0 -2.60708026811 0.0341435990239
725.0 -2.60583835937 0.0332107679329
728.0 -2.60557937584 0.0331583205468
731.0 -2.6056834131 0.0339669601499
734.0 -2.60449091216 0.0345648909616
737.0 -2.60270788044 0.0348238933607
740.0 -2.60250894169 0.0347342373108
743.0 -2.6007987201 0.0350136559652
746.0 -2.60083351706 0.0342692353205
749.0 -2.59995005068 0.033319274853
752.0 -2.59840740758 0.0334159030819
755.0 -2.59773059945 0.0335331848006
758.0 -2.59736600831 0.0334899582303
761.0 -2.59782852446 0.0342250877742
764.0 -2.59591562278 0.0333678358559
767.0 -2.59564541326 0.0337013884367
770.0 -2.5959145114 0.0345316654356
773.0 -2.59681987494 0.0352541346457
776.0 -2.59723325012 0.0347315880239
779.0 -2.59900394571 0.0359496470966
782.0 -2.59770677759 0.0359371825221
785.0 -2.59695034496 0.036221606669
788.0 -2.59586692853 0.0359462285415
791.0 -2.5949688525 0.0355387122423
794.0 -2.59267924538 0.0358050238799
797.0 -2.59190775095 0.0353418165406
800.0 -2.59041810105 0.0361405792101
803.0 -2.58746329902 0.0361936302408
806.0 -2.58743358586 0.0353904794514
809.0 -2.58807433906 0.0340938357568
812.0 -2.58906125149 0.0345234968784
815.0 -2.58693328715 0.033814478614
818.0 -2.58803438034 0.0329204837984
821.0 -2.58896020424 0.0326246330576
824.0 -2.58770088817 0.0321542769774
827.0 -2.58672991902 0.0321224371168
830.0 -2.58581989266 0.0320501115193
833.0 -2.58588513044 0.031571997653
836.0 -2.58453655625 0.0317039097735
839.0 -2.58340464143 0.0321697589089
842.0 -2.58239896963 0.0325567400136
845.0 -2.58116748442 0.0329883897056
848.0 -2.58041073184 0.0327708006352
851.0 -2.57974272548 0.032856409971
854.0 -2.5799470688 0.0324043951614
857.0 -2.58107295255 0.0323626037055
860.0 -2.58027870237 0.0319773335139
863.0 -2.57975752749 0.0318458252718
866.0 -2.57921264355 0.0321158028457
869.0 -2.57981922383 0.0308081568475
872.0 -2.57929932762 0.0313692708687
875.0 -2.58040304151 0.0313071237074
878.0 -2.58026435676 0.0312564449251
881.0 -2.58017182687 0.0309779063391
884.0 -2.58058374096 0.0316213721865
887.0 -2.57955536508 0.0312958052661
890.0 -2.57967048858 0.0311548257554
893.0 -2.5804631738 0.0313619990317
896.0 -2.57809160473 0.0313646820723
899.0 -2.57869897868 0.0308168632055
902.0 -2.57742955062 0.0306087098855
905.0 -2.57637938636 0.0304561255277
908.0 -2.57653546657 0.0310001339573
911.0 -2.57386929849 0.0312761873754
914.0 -2.5731531512 0.0310540619775
917.0 -2.57259464439 0.0311198055726
920.0 -2.57253892153 0.0305788561452
923.0 -2.57273378829 0.0305476752023
926.0 -2.57159164909 0.0305350584576
929.0 -2.57220257402 0.0308405231289
932.0 -2.57320037416 0.0310337533774
935.0 -2.57341715417 0.0307961683673
938.0 -2.57261417141 0.0308017980187
941.0 -2.57358432133 0.0315653999173
944.0 -2.57241409072 0.0315732599217
947.0 -2.57130669473 0.0318942534917
950.0 -2.57063843148 0.0317173250671
953.0 -2.57106188473 0.0324060997293
956.0 -2.57193179742 0.0324845675976
959.0 -2.57180181987 0.0327443810777
962.0 -2.57189010616 0.0327129477636
965.0 -2.57095802708 0.0329527878565
968.0 -2.57113900954 0.0327720796013
971.0 -2.57219546183 0.0327928922152
974.0 -2.57148617724 0.0329161204878
977.0 -2.57158952367 0.0322662540263
980.0 -2.5727748834 0.031484959279
983.0 -2.57330155683 0.0309533521647
986.0 -2.57319431292 0.0300374493458
989.0 -2.5725498085 0.03017290862
992.0 -2.57337660729 0.030161099737
995.0 -2.5741818968 0.0293058911723
998.0 -2.57442206416 0.0286393796346
