2.0 -9.62806194671 0.327004082565
5.0 -9.14974567796 1.05305463867
8.0 -8.24843983628 0.793152481381
11.0 -8.24800471553 1.1885663647
14.0 -8.2241015392 1.48562930548
17.0 -8.01566494393 0.962427675488
20.0 -7.95911058291 0.793249192816
23.0 -7.80424835791 0.440225721935
26.0 -7.76354350871 0.26220383879
29.0 -7.58917120925 0.0266631936614
32.0 -7.47438057841 0.104885394484
35.0 -7.07469273128 0.0159321334553
38.0 -6.87707112786 0.277434026819
41.0 -6.71594632076 0.220531432666
44.0 -6.44097270797 0.205495198622
47.0 -6.22688001396 0.2119947974
50.0 -6.1033779535 0.26804345244
53.0 -5.85364901275 0.262402714127
56.0 -5.69753388706 0.247343101999
59.0 -5.52583377416 0.183973317555
62.0 -5.43057233379 0.126212859434
65.0 -5.3342590429 0.0261156080923
68.0 -5.23002474689 0.00212851344146
71.0 -5.13806162457 0.00467179203621
74.0 -5.03572872087 0.0282264726459
77.0 -4.93994442005 0.068394944481
80.0 -4.85876607305 0.015822938096
83.0 -4.76347392583 0.00977326438194
86.0 -4.6951376261 0.028359940658
89.0 -4.61411613308 0.0456935825732
92.0 -4.57451424232 0.0683616258192
95.0 -4.49720852941 0.0549768103674
98.0 -4.42844245198 0.0694519438488
101.0 -4.37214218113 0.0612140823339
104.0 -4.29957557975 0.0491937473721
107.0 -4.29533659223 0.122415884738
110.0 -4.2247319579 0.103712353612
113.0 -4.17418416255 0.104352676651
116.0 -4.12539936093 0.127383385106
119.0 -4.10498649259 0.0861873656494
122.0 -4.06660990261 0.107049614342
125.0 -4.01749126494 0.0994910781545
128.0 -3.98209732905 0.0764563958449
131.0 -3.94523288639 0.0759956698115
134.0 -3.90950226207 0.079856556629
137.0 -3.87374308845 0.0748757239398
140.0 -3.84859391513 0.076194020526
143.0 -3.83287351097 0.0756380342781
146.0 -3.82475358612 0.0533203632981
149.0 -3.79388270854 0.048856388019
152.0 -3.74762186561 0.0437890370653
155.0 -3.72728375821 0.0384272320526
158.0 -3.69176254761 0.0230532406096
161.0 -3.69947103968 0.0172355372749
164.0 -3.67022797187 0.011067659578
167.0 -3.64203555322 0.00906986974533
170.0 -3.62695647846 0.0247474301093
173.0 -3.60143122161 0.0311678188565
176.0 -3.56936137123 0.0270929800084
179.0 -3.57320331485 0.0259041485517
182.0 -3.56383575444 0.0286707802264
185.0 -3.5544705039 0.00969321872603
188.0 -3.5454089799 0.0144929213018
191.0 -3.54620493284 0.0107610882006
194.0 -3.53551472228 0.000618588154205
197.0 -3.51544426433 0.0199746380671
200.0 -3.49098760036 0.0199868525876
203.0 -3.4764510841 0.00110739748767
206.0 -3.45545907802 0.00163349355788
209.0 -3.44569442858 0.0164007997201
212.0 -3.41936384705 0.010579233953
215.0 -3.39546342127 0.0182927365977
218.0 -3.3890972599 0.00737978384374
221.0 -3.39176851881 0.0105001040983
224.0 -3.37482295829 0.00559843935602
227.0 -3.37248172515 0.00606167989481
230.0 -3.35427326786 0.00893825936359
233.0 -3.3353555863 0.0139088806713
236.0 -3.31985339665 0.00464395899342
239.0 -3.30470460924 0.00458566662726
242.0 -3.29214422152 0.0112551581613
245.0 -3.26756694534 0.015953950283
248.0 -3.25787903875 0.00379908586054
251.0 -3.26617337799 0.0168172463175
254.0 -3.25561640896 0.0292614027252
257.0 -3.23880979719 0.0205743245781
260.0 -3.23823004012 0.00356882293218
263.0 -3.22985330125 0.0225601787115
266.0 -3.23118205707 0.0292765947554
269.0 -3.20964471071 0.0289500899797
272.0 -3.20581331684 0.0400840409326
275.0 -3.19240262611 0.0335007940459
278.0 -3.17521842511 0.0376260961386
281.0 -3.15953815723 0.0312096582046
284.0 -3.1530395693 0.0201731112978
287.0 -3.14472225673 0.0129019710402
290.0 -3.14509293665 0.0164181031929
293.0 -3.13976968304 0.0277752813071
296.0 -3.12842066598 0.02538678798
299.0 -3.11973751549 0.0230462242802
302.0 -3.11297819432 0.0149794563322
305.0 -3.10179972028 0.0203735625683
308.0 -3.09890394378 0.0185349524525
311.0 -3.09152800541 0.00452897389377
314.0 -3.08661466461 0.000132023159986
317.0 -3.07625080343 0.00526570733667
320.0 -3.07599392089 0.00996986224933
323.0 -3.06645773896 0.00370796815412
326.0 -3.05670352665 0.00231555001828
329.0 -3.04538875285 0.00422469777462
332.0 -3.0368280111 0.000617337422316
335.0 -3.03632030448 0.00865972383892
338.0 -3.03487249113 0.0152439337871
341.0 -3.03489211877 0.0293402299136
344.0 -3.02674640263 0.0262941659002
347.0 -3.02212626081 0.0273770811964
350.0 -3.02061488588 0.0358476306765
353.0 -3.01290144493 0.0295006389775
356.0 -3.00716098331 0.037797693671
359.0 -3.00530777022 0.0512105632629
362.0 -2.9924184793 0.052509006606
365.0 -2.99296617386 0.0419500267069
368.0 -2.99332598902 0.0453526109547
371.0 -2.98413332603 0.047860467442
374.0 -2.97795791166 0.0406477268769
377.0 -2.97068714577 0.0454444701333
380.0 -2.97130802889 0.0529377060033
383.0 -2.97115913455 0.0498774725537
386.0 -2.96448950397 0.0527212651487
389.0 -2.95814254121 0.0494127736293
392.0 -2.95189272585 0.0547780894781
395.0 -2.94265050261 0.0557830694591
398.0 -2.94159450372 0.0487544833823
401.0 -2.92931324809 0.0515003011155
404.0 -2.92500595911 0.0461854914336
407.0 -2.91523933042 0.0458450578467
410.0 -2.90342050606 0.0424673223894
413.0 -2.90179279173 0.0391755195098
416.0 -2.89132313217 0.0403922061079
419.0 -2.88498788301 0.0411598141956
422.0 -2.87915336015 0.0362930017983
425.0 -2.88234772584 0.0342075017465
428.0 -2.8751572044 0.0364594879265
431.0 -2.87149670181 0.0434337488666
434.0 -2.87773105654 0.0312074661218
437.0 -2.87229480214 0.0260852297973
440.0 -2.86434620122 0.0297486049905
443.0 -2.85994384545 0.0237819472421
446.0 -2.85705262004 0.0227045155414
449.0 -2.84865360476 0.0197747830026
452.0 -2.85106286746 0.0140328279728
455.0 -2.84083607932 0.0139403038392
458.0 -2.8306450133 0.0112617220541
461.0 -2.83191791348 0.00194555060976
464.0 -2.83804444216 0.00375520196178
467.0 -2.83827028087 0.00398481940743
470.0 -2.83208983227 0.00108303919829
473.0 -2.82817128154 0.0043233723991
476.0 -2.8221323869 0.00429612425312
479.0 -2.82491109336 0.00155407617143
482.0 -2.82291683345 0.00442055565972
485.0 -2.82104404387 0.0148532563135
488.0 -2.82477002937 0.016052399001
491.0 -2.82012335913 0.0224261149924
494.0 -2.81435337922 0.0197649516152
497.0 -2.8162595003 0.00684489550741
500.0 -2.8159450433 0.00139163366521
503.0 -2.81656799424 0.000926358471348
506.0 -2.81427677094 0.000112192923347
509.0 -2.81065194714 0.00280114664291
512.0 -2.81207526104 0.0123960790195
515.0 -2.80957319923 0.00600601208374
518.0 -2.81698574406 0.0125032542967
521.0 -2.81717650753 0.00676425756075
524.0 -2.81493980996 0.004690277866
527.0 -2.81358682244 0.00832641553631
530.0 -2.81336305542 0.0153714876369
533.0 -2.81167543973 0.0175081763427
536.0 -2.81257062383 0.0164256946691
539.0 -2.81015481331 0.0174913553327
542.0 -2.80612750613 0.0210963106958
545.0 -2.81151135946 0.0191605440261
548.0 -2.80733847794 0.0204157706915
551.0 -2.80068327751 0.0201914256258
554.0 -2.80202714062 0.020801443117
557.0 -2.8010427844 0.0242669330184
560.0 -2.79794264447 0.0233250492632
563.0 -2.79530443412 0.020225773638
566.0 -2.79011297952 0.0163291796481
569.0 -2.79281556751 0.0016089595188
572.0 -2.78918637747 0.00327853722872
575.0 -2.79307047125 0.00729600950445
578.0 -2.79044815997 0.0124218437291
581.0 -2.7870973089 0.0140859405322
584.0 -2.78618945936 0.0214204900069
587.0 -2.78711506273 0.0152599171621
590.0 -2.78664331749 0.00937313009611
593.0 -2.78437895661 0.00204043496016
596.0 -2.78038795515 0.00091028465746
599.0 -2.77222240613 0.00194690791268
602.0 -2.76563325792 0.00297319936993
605.0 -2.76292203153 0.00335635946599
608.0 -2.76533672143 0.000553335152215
611.0 -2.76391298596 0.00744764044557
614.0 -2.76328503888 0.00788718834989
617.0 -2.76500400782 0.0144313493419
620.0 -2.76731744811 0.0102613043098
623.0 -2.76299649731 0.00640781634507
626.0 -2.75793341506 0.00367720257503
629.0 -2.7529186293 0.00295568267892
632.0 -2.7543771888 0.00773421686173
635.0 -2.75276438319 0.00433870846897
638.0 -2.75360231712 0.00345524018508
641.0 -2.75770162462 0.00746641077199
644.0 -2.75230860463 0.00743162935191
647.0 -2.74745941481 0.00808156679011
650.0 -2.74841927121 0.00254484001042
653.0 -2.74720569875 0.00281499308826
656.0 -2.74567045927 0.00469403988791
659.0 -2.74333457547 0.0086636088274
662.0 -2.74244937347 0.00777646050625
665.0 -2.74531703795 0.0120874549907
668.0 -2.74071232071 0.00941899201394
671.0 -2.73724795862 0.0116438351083
674.0 -2.73599506711 0.0155571125824
677.0 -2.73738142576 0.016391894189
680.0 -2.73541430182 0.0155766781481
683.0 -2.73227192567 0.0129514937517
686.0 -2.73405457608 0.0111056441995
689.0 -2.73195063743 0.0133555376401
692.0 -2.72639304796 0.0141988925013
695.0 -2.72711817149 0.0101542022374
698.0 -2.72577718365 0.0151446697061
701.0 -2.72546382045 0.0138191473766
704.0 -2.72519989792 0.0145575620349
707.0 -2.72587120521 0.00853607087415
710.0 -2.72573796843 0.0119043440447
713.0 -2.72373984234 0.00980830911473
716.0 -2.72119281786 0.00677168928088
719.0 -2.72321861041 0.00540744451663
722.0 -2.72470509126 0.00548612762388
725.0 -2.72215874674 0.00376396072307
728.0 -2.72321855342 0.0005139507907
731.0 -2.72132983158 0.00155283286119
734.0 -2.72702890788 0.00104790459491
737.0 -2.72249933975 0.00242173893655
740.0 -2.72498526484 0.00306939766446
743.0 -2.72251426107 0.00305700440063
746.0 -2.71962599669 0.00697008160794
749.0 -2.71508143329 0.00702543084237
752.0 -2.71689939608 0.0140235351645
755.0 -2.7153091998 0.0123983164222
758.0 -2.71234300244 0.0143560100246
761.0 -2.71114850374 0.0159184864867
764.0 -2.71034824784 0.0137098750844
767.0 -2.70600529511 0.0136562510686
770.0 -2.7061593835 0.0101874240505
773.0 -2.70449188266 0.00957504800553
776.0 -2.70314983931 0.0108472520275
779.0 -2.7018447629 0.00832753810438
782.0 -2.70355353619 0.0120560230568
785.0 -2.70053714688 0.0152634313314
788.0 -2.69969316028 0.0116920438341
791.0 -2.69957556991 0.0118421250013
794.0 -2.69761886121 0.0056093991809
797.0 -2.69393899097 0.00480576508091
800.0 -2.69170421975 0.000918820395004
803.0 -2.69005719277 0.00245459516226
806.0 -2.69113392221 0.000336743369934
809.0 -2.69054751706 0.000813460359459
812.0 -2.68873243386 0.00403256135221
815.0 -2.68973177506 0.00445202857554
818.0 -2.68721260657 0.000863263929495
821.0 -2.68422644601 0.000860109498992
824.0 -2.68115826721 0.00051297271268
827.0 -2.67811234846 0.00221130909985
830.0 -2.67939033455 0.000171067345157
833.0 -2.67574012926 0.00199653372342
836.0 -2.67080326277 0.0019893691273
839.0 -2.67234615642 0.00688487335156
842.0 -2.66943934113 0.00411235130417
845.0 -2.66991465583 0.00292564697177
848.0 -2.66814879621 0.00466943710674
851.0 -2.66730966414 0.0101744548914
854.0 -2.66593679647 0.00962020691074
857.0 -2.66753193604 0.00614864160121
860.0 -2.6697733276 0.00482892752813
863.0 -2.6685052859 0.00416173384275
866.0 -2.66979877735 0.0049960808981
869.0 -2.66948916707 0.00379027523778
872.0 -2.66715663554 0.00435656010445
875.0 -2.66575840193 0.0050369883959
878.0 -2.66946260044 0.00293020299257
881.0 -2.66674025334 0.00561028071509
884.0 -2.66637576775 0.00107910784354
887.0 -2.6679565656 0.000355322493554
890.0 -2.66909234566 0.00100720276208
893.0 -2.67187592004 0.00071253952473
896.0 -2.67000468369 0.00167036538204
899.0 -2.66824104181 0.000409130117257
902.0 -2.66827795132 0.00177374789052
905.0 -2.66423946087 0.00245700417069
908.0 -2.66434373309 0.00511755965164
911.0 -2.66352300181 0.00595227773412
914.0 -2.66171603353 0.00223440204964
917.0 -2.66076936166 0.00105116813963
920.0 -2.65926445614 0.00301633904546
923.0 -2.6586956605 0.0032059332647
926.0 -2.65858343261 0.00427789470937
929.0 -2.6551165324 0.00553961254088
932.0 -2.65512372167 0.00443170019434
935.0 -2.65356717497 0.00441748083699
938.0 -2.65005843134 0.00326638804782
941.0 -2.65062999373 0.00630180154109
944.0 -2.65122104777 0.00946889080425
947.0 -2.65242273817 0.0145342903556
950.0 -2.65152929795 0.00980759877746
953.0 -2.64808219628 0.00734880366043
956.0 -2.64602179189 0.00431830499812
959.0 -2.64397427846 0.00260743026111
962.0 -2.64552493851 0.00406188893957
965.0 -2.64391138948 0.00644699078681
968.0 -2.64600413202 0.00761953809403
971.0 -2.64444541689 0.00747396078119
974.0 -2.64655146109 0.0126383901777
977.0 -2.64770924626 0.0151981083538
980.0 -2.64915997816 0.0172301168431
983.0 -2.64637006978 0.0153376162596
986.0 -2.64873883626 0.0121624691966
989.0 -2.64830995202 0.0107073456879
992.0 -2.64591536547 0.00959989143253
995.0 -2.6479750819 0.00799953450851
998.0 -2.64568156964 0.00678814358087
