2.0 -9.99580549996 0.00669465759209
5.0 -9.71737480484 0.338315246446
8.0 -9.79300746297 0.213662814914
11.0 -9.74280482497 0.178320373208
14.0 -9.65272023894 0.167906441482
17.0 -9.59497580786 0.218836524218
20.0 -9.55026124323 0.236405892363
23.0 -9.54471169225 0.264478110366
26.0 -9.38316905051 0.302868868133
29.0 -9.16721590784 0.338331355038
32.0 -9.04919260384 0.401809511826
35.0 -8.90782560035 0.421616076122
38.0 -8.75992958461 0.40746064923
41.0 -8.600464344 0.438518587556
44.0 -8.50407932933 0.418120963755
47.0 -8.3443159915 0.419223963317
50.0 -8.21471816361 0.415812897993
53.0 -8.08454210712 0.429814288951
56.0 -8.01702108967 0.434614560582
59.0 -7.90007890947 0.433255685489
62.0 -7.75532856457 0.441460444781
65.0 -7.67135635686 0.437670753667
68.0 -7.58121239231 0.42581788022
71.0 -7.49975319318 0.417624716554
74.0 -7.38608434207 0.401718049218
77.0 -7.29990312025 0.396426696583
80.0 -7.2115245511 0.397388784436
83.0 -7.12927960295 0.394429660446
86.0 -7.05212011393 0.397387745128
89.0 -6.97289813963 0.383738512341
92.0 -6.90816023456 0.380770823354
95.0 -6.85584447985 0.372488249896
98.0 -6.8019984743 0.363078823521
101.0 -6.7513677564 0.345841609606
104.0 -6.68084960439 0.335311821581
107.0 -6.65216093686 0.327612159991
110.0 -6.59778545601 0.323030584245
113.0 -6.53814462498 0.313050626152
116.0 -6.49775598359 0.315362532237
119.0 -6.4556685174 0.306578086069
122.0 -6.40357554042 0.298684404842
125.0 -6.35847420925 0.303406158662
128.0 -6.29905621984 0.296949242903
131.0 -6.24696932094 0.292335463221
134.0 -6.20445688584 0.292565822489
137.0 -6.16174245035 0.286207226688
140.0 -6.13437406416 0.286709752881
143.0 -6.09458486823 0.287415375817
146.0 -6.0512621256 0.280143506697
149.0 -6.00415267948 0.277727467028
152.0 -5.96721748723 0.274412878452
155.0 -5.926956329 0.275374499181
158.0 -5.89494719518 0.268843413397
161.0 -5.86612768405 0.260830643431
164.0 -5.84489108756 0.261498878723
167.0 -5.80649274314 0.261014188296
170.0 -5.79195109361 0.258903346117
173.0 -5.76784515545 0.263894781327
176.0 -5.74372410097 0.259477454925
179.0 -5.72548539761 0.253798045255
182.0 -5.7177618507 0.258895886692
185.0 -5.69952699705 0.257173412954
188.0 -5.67987729599 0.246918652214
191.0 -5.6579228735 0.245490083691
194.0 -5.63066724073 0.239086742
197.0 -5.60875365552 0.241578324525
200.0 -5.59193015257 0.237997714747
203.0 -5.57026222894 0.231316903036
206.0 -5.55051338802 0.227923458368
209.0 -5.52403062495 0.226346546608
212.0 -5.50986625171 0.222439633934
215.0 -5.48979069877 0.21807551341
218.0 -5.47174643522 0.21625203363
221.0 -5.45475727684 0.214202848757
224.0 -5.44167484576 0.210051085822
227.0 -5.42208849012 0.210443876719
230.0 -5.40399462899 0.210715058037
233.0 -5.3876393547 0.206185853524
236.0 -5.37086974038 0.201437957622
239.0 -5.35957101492 0.203938370177
242.0 -5.3402296302 0.199638650121
245.0 -5.33139966188 0.197907757364
248.0 -5.3192683691 0.191185565822
251.0 -5.29863591786 0.190899619434
254.0 -5.28650393098 0.186580061623
257.0 -5.27396055211 0.179627976614
260.0 -5.25649654614 0.17751789745
263.0 -5.24779202229 0.173106256653
266.0 -5.2333564295 0.170486920404
269.0 -5.22351746844 0.169357588472
272.0 -5.21441533014 0.170374265084
275.0 -5.20359946262 0.167154625321
278.0 -5.18719415535 0.163779971978
281.0 -5.17456518384 0.157301227992
284.0 -5.16156197918 0.152645641145
287.0 -5.15095470371 0.151802058463
290.0 -5.13806862975 0.152861364004
293.0 -5.12313175557 0.153253223261
296.0 -5.10902765806 0.149105891744
299.0 -5.10006178105 0.150437043949
302.0 -5.09123838038 0.147479791478
305.0 -5.08371851602 0.14979571954
308.0 -5.07791535538 0.145945123199
311.0 -5.06687801489 0.144949070349
314.0 -5.05529155806 0.143924942282
317.0 -5.04503799823 0.14487167034
320.0 -5.03656723667 0.14642220711
323.0 -5.02650526365 0.14565105129
326.0 -5.01301291707 0.145842219383
329.0 -5.00300281185 0.146385082201
332.0 -4.99175721115 0.145088657293
335.0 -4.99002489412 0.144569433316
338.0 -4.98445184547 0.145325743878
341.0 -4.97776431873 0.144904380214
344.0 -4.97293463392 0.145888518852
347.0 -4.96383203617 0.14517972329
350.0 -4.95634481306 0.143095870632
353.0 -4.95008691456 0.141037612831
356.0 -4.94335647022 0.138063347162
359.0 -4.93447956928 0.136749934037
362.0 -4.92985658533 0.1376737158
365.0 -4.92223063256 0.138823739474
368.0 -4.91537495137 0.137607727427
371.0 -4.90816948843 0.135252080717
374.0 -4.89757390818 0.136472771004
377.0 -4.89196475288 0.13523996525
380.0 -4.88728982766 0.136184743632
383.0 -4.87962336093 0.133561479619
386.0 -4.87147454058 0.13069821813
389.0 -4.86520839603 0.133183632966
392.0 -4.86053209743 0.129509217986
395.0 -4.85554469892 0.125727192346
398.0 -4.85144393213 0.123214867357
401.0 -4.84572909353 0.121382615207
404.0 -4.83669275581 0.118754126198
407.0 -4.83019893667 0.116203092621
410.0 -4.82285130751 0.115083106821
413.0 -4.81503667789 0.111908499206
416.0 -4.80981741624 0.112349006623
419.0 -4.80424181618 0.110438797839
422.0 -4.79918425427 0.110362117058
425.0 -4.79162499931 0.108623690779
428.0 -4.78287691459 0.107057670123
431.0 -4.77840655436 0.105952573261
434.0 -4.77579400461 0.105696021478
437.0 -4.77621050131 0.104757317307
440.0 -4.77158832456 0.102025599408
443.0 -4.76608447298 0.101306334264
446.0 -4.76243091058 0.102601478268
449.0 -4.75785857671 0.101786748244
452.0 -4.75080277982 0.100368246931
455.0 -4.74467642636 0.100840536473
458.0 -4.74033710978 0.100624813606
461.0 -4.73866213547 0.101204201221
464.0 -4.7368642473 0.10063654117
467.0 -4.73021508346 0.09913169075
470.0 -4.7256920665 0.0999859953058
473.0 -4.72458510015 0.0996653221005
476.0 -4.71818209912 0.0988879432115
479.0 -4.71371401164 0.0994366018955
482.0 -4.70805059173 0.0999230928283
485.0 -4.70255653922 0.10081348146
488.0 -4.69736339388 0.098572864029
491.0 -4.69321965813 0.0977946715745
494.0 -4.69504155672 0.0965454858918
497.0 -4.68857923189 0.0958076503358
500.0 -4.68533519401 0.0964691524772
503.0 -4.68454955835 0.0957075128316
506.0 -4.68230953343 0.0935401191436
509.0 -4.67979817178 0.0921105340976
512.0 -4.67363332418 0.0916301445032
515.0 -4.67143396735 0.0902251823443
518.0 -4.66761507112 0.0898025061996
521.0 -4.66340222636 0.0902855851704
524.0 -4.65992484039 0.0902924983497
527.0 -4.65732955166 0.0909133932624
530.0 -4.65463615848 0.089637759123
533.0 -4.65157704135 0.0877570814861
536.0 -4.64828768875 0.0867725706362
539.0 -4.64225205201 0.0853138070594
542.0 -4.63998464994 0.0838801898056
545.0 -4.63758334995 0.0830719351183
548.0 -4.63411133988 0.0836957998051
551.0 -4.62948915693 0.0846036984736
554.0 -4.62975091106 0.0852069462369
557.0 -4.6261017265 0.0845696535633
560.0 -4.62344421854 0.0838365747618
563.0 -4.62099614665 0.0845901147293
566.0 -4.6189275057 0.0860423238678
569.0 -4.61580828517 0.085353834558
572.0 -4.61398244473 0.0846035572718
575.0 -4.60999214006 0.0850865705281
578.0 -4.60714856587 0.0870120457711
581.0 -4.604454293 0.086943826176
584.0 -4.60365630719 0.0865649795792
587.0 -4.60373782885 0.0857658442401
590.0 -4.60283445441 0.0853961991138
593.0 -4.60093436194 0.086479629846
596.0 -4.59739880098 0.08609599392
599.0 -4.5948484428 0.0861062247755
602.0 -4.59470125798 0.0863904647703
605.0 -4.59258903363 0.0854393601166
608.0 -4.59218907302 0.0850709012417
611.0 -4.58901095319 0.0839432195758
614.0 -4.58793166075 0.0844059951507
617.0 -4.58515248605 0.0841397843966
620.0 -4.5812943648 0.0837163964831
623.0 -4.57750265332 0.0842514585273
626.0 -4.57618294202 0.0860000800212
629.0 -4.57286280063 0.0860635247637
632.0 -4.57048992772 0.0831114107598
635.0 -4.56916245471 0.0831637694817
638.0 -4.56625714989 0.0815878935205
641.0 -4.56382523744 0.0802842345554
644.0 -4.56251011259 0.0805703048926
647.0 -4.56068698671 0.0787275712123
650.0 -4.55737479647 0.0797112852303
653.0 -4.55660703166 0.0799611151374
656.0 -4.55601939134 0.0791783765628
659.0 -4.55387367048 0.0783233716163
662.0 -4.55325282574 0.0782157139548
665.0 -4.5529265458 0.0775414186245
668.0 -4.54850414505 0.0776532848807
671.0 -4.54970673628 0.0771707442085
674.0 -4.54836345615 0.0768916735366
677.0 -4.54602213983 0.0773866456292
680.0 -4.54361554246 0.0765002791226
683.0 -4.5447945707 0.0757090019141
686.0 -4.54197121 0.0742075363075
689.0 -4.53727444738 0.0735171736873
692.0 -4.53825721491 0.073876909976
695.0 -4.53674868488 0.0735253702853
698.0 -4.5342777785 0.0739789181764
701.0 -4.53197190396 0.0750771153323
704.0 -4.53150920143 0.0760354485645
707.0 -4.52789607972 0.0754837539922
710.0 -4.52579048205 0.0748684677341
713.0 -4.52690382529 0.0741552948418
716.0 -4.52578486889 0.0745407008811
719.0 -4.52562010606 0.074547345353
722.0 -4.52556131353 0.0749923226952
725.0 -4.52439123418 0.074865374454
728.0 -4.52301346161 0.0747305533297
731.0 -4.52203902359 0.0748047631505
734.0 -4.52121882629 0.0748434640327
737.0 -4.52077716331 0.0750421339533
740.0 -4.52030829763 0.075323817246
743.0 -4.51911431428 0.0754254127676
746.0 -4.51835223244 0.0755941467282
749.0 -4.51791701513 0.0756758068196
752.0 -4.51517576139 0.0748813182421
755.0 -4.51332718592 0.0735387432362
758.0 -4.51049947275 0.0748669097952
761.0 -4.50740532584 0.0753043953455
764.0 -4.50846411317 0.0751440393118
767.0 -4.50557927199 0.0743669064451
770.0 -4.50304087293 0.0738817697985
773.0 -4.50240035567 0.0733518985178
776.0 -4.49979891226 0.0728417361075
779.0 -4.49756005582 0.07326813646
782.0 -4.49524813484 0.0725202696582
785.0 -4.49450295606 0.0725019037045
788.0 -4.49180670495 0.0721308810162
791.0 -4.48992584553 0.0728350799649
794.0 -4.48677337744 0.0737441760707
797.0 -4.48445383246 0.0746435980226
800.0 -4.48290753316 0.0744683837037
803.0 -4.4810830019 0.0745912547796
806.0 -4.47904387791 0.073860030336
809.0 -4.48004942314 0.073543625459
812.0 -4.47771599762 0.0728476405323
815.0 -4.47739944859 0.0721802685413
818.0 -4.47521263341 0.0729976249734
821.0 -4.47312387009 0.0739817835296
824.0 -4.47074459434 0.0744083002993
827.0 -4.46814532879 0.0746042165898
830.0 -4.46597642568 0.0747333934672
833.0 -4.46376473031 0.0749276207097
836.0 -4.46073741779 0.0742849416329
839.0 -4.46195158584 0.0727625186279
842.0 -4.45998013089 0.0731408625831
845.0 -4.45743134085 0.0725895628059
848.0 -4.45545461301 0.0727428197291
851.0 -4.45295806164 0.0716924456092
854.0 -4.45080120026 0.0706275791844
857.0 -4.44814356578 0.0709159240481
860.0 -4.44678304735 0.0711820530278
863.0 -4.44407200109 0.0703418839403
866.0 -4.44344070527 0.070549520566
869.0 -4.44159663595 0.0708602055018
872.0 -4.44108871681 0.0715896489488
875.0 -4.4403968045 0.0710834066094
878.0 -4.44157641533 0.0708529010574
881.0 -4.44177179348 0.0713424797197
884.0 -4.43990771953 0.0709847867027
887.0 -4.4383403404 0.0713176165522
890.0 -4.43696884093 0.0709707150492
893.0 -4.43600443148 0.0708204534173
896.0 -4.43690658768 0.0711329120048
899.0 -4.43491947492 0.0715606078534
902.0 -4.43283368295 0.0715303080674
905.0 -4.43115539717 0.0722938551198
908.0 -4.42959940442 0.0721408055793
911.0 -4.43100787959 0.0710013727888
914.0 -4.43013628491 0.0710888518292
917.0 -4.43050309557 0.0712552944033
920.0 -4.42938066927 0.0717448906508
923.0 -4.42879518523 0.0716834876038
926.0 -4.42762067011 0.0714651594753
929.0 -4.42660554501 0.071621736103
932.0 -4.42499685067 0.0711308987988
935.0 -4.42426924625 0.0704974082693
938.0 -4.42368394242 0.0703224986246
941.0 -4.42341403713 0.0695001074774
944.0 -4.41995053521 0.0698601840363
947.0 -4.41959214108 0.0696201252556
950.0 -4.41803822568 0.0697358756261
953.0 -4.41619853474 0.0692976811331
956.0 -4.41437191884 0.0687855555338
959.0 -4.41246377686 0.0692978938364
962.0 -4.41055216361 0.0694185163421
965.0 -4.40930393258 0.0680665463557
968.0 -4.41033970564 0.0685624734654
971.0 -4.40848115303 0.0670289884501
974.0 -4.40715273448 0.066419777801
977.0 -4.40512095907 0.0659193256466
980.0 -4.40470948102 0.0658650593661
983.0 -4.40515595776 0.0653485343318
986.0 -4.40485359032 0.0651036806705
989.0 -4.40533764182 0.0633598758227
992.0 -4.40470775334 0.0634084833205
995.0 -4.40509898118 0.0637133064175
998.0 -4.40440370099 0.0630541124398
