2.0 -9.50989457491 0.539458402754
5.0 -9.62438413483 0.34016556034
8.0 -9.49622024724 0.332893041972
11.0 -9.59086798459 0.293492651101
14.0 -9.55493086892 0.244122965575
17.0 -9.37882521553 0.305386309662
20.0 -9.07118763325 0.324225997203
23.0 -8.86087531862 0.322926476027
26.0 -8.75586796178 0.303348097094
29.0 -8.55217643172 0.331846025892
32.0 -8.49423682797 0.303910986086
35.0 -8.3424768463 0.298860082526
38.0 -8.24422141056 0.292648309484
41.0 -8.13784185856 0.282225342244
44.0 -8.01669332019 0.248759745248
47.0 -7.84566893437 0.205750488668
50.0 -7.72417228236 0.18549085666
53.0 -7.59269196586 0.170982246171
56.0 -7.45566012129 0.168442090735
59.0 -7.31216222458 0.178662359037
62.0 -7.20444286889 0.168865329686
65.0 -7.11349902341 0.166346433111
68.0 -7.03648590424 0.135472348657
71.0 -6.94863710533 0.142967969772
74.0 -6.88843089074 0.145225540804
77.0 -6.83320137017 0.151376202919
80.0 -6.80228127211 0.149465337474
83.0 -6.7030738518 0.140491098672
86.0 -6.64436214635 0.150235082076
89.0 -6.58404262387 0.155374344231
92.0 -6.53393997323 0.171469552341
95.0 -6.46604107744 0.179879607946
98.0 -6.42687525153 0.178594140627
101.0 -6.38541601056 0.176809897544
104.0 -6.35055912181 0.170611551379
107.0 -6.30373782984 0.158655521929
110.0 -6.25042725867 0.148018394166
113.0 -6.20157957667 0.143222551403
116.0 -6.1409588721 0.143199529301
119.0 -6.10544315887 0.142202677975
122.0 -6.07652855655 0.146137637183
125.0 -6.02230055795 0.148799639968
128.0 -5.99163569686 0.153669989197
131.0 -5.9646140925 0.157540164204
134.0 -5.92867166886 0.15925560857
137.0 -5.89160486078 0.162717966531
140.0 -5.86828765696 0.155500528781
143.0 -5.8347175838 0.1479265029
146.0 -5.81281714774 0.139566411055
149.0 -5.79297239383 0.135997755548
152.0 -5.77906476375 0.143544089658
155.0 -5.74967513766 0.146584901266
158.0 -5.72693866394 0.135948262263
161.0 -5.6991136377 0.127523729527
164.0 -5.67198977627 0.122592929557
167.0 -5.64307843177 0.120824473912
170.0 -5.6225258306 0.126735773098
173.0 -5.60322709323 0.13245478975
176.0 -5.58959243436 0.122433895822
179.0 -5.56338344286 0.116733021509
182.0 -5.53541313125 0.118030096635
185.0 -5.51419799716 0.11340640013
188.0 -5.48726455348 0.107996656943
191.0 -5.45304331662 0.107633826442
194.0 -5.42524868789 0.107791581095
197.0 -5.40675424127 0.106359067506
200.0 -5.39129715549 0.105430406607
203.0 -5.37271881102 0.10079314486
206.0 -5.36958732154 0.101823093636
209.0 -5.3612401466 0.104562545248
212.0 -5.34814520908 0.103471096967
215.0 -5.34020512824 0.102449561581
218.0 -5.333379331 0.0980407506624
221.0 -5.31306437322 0.0926239469386
224.0 -5.30528764977 0.090940539902
227.0 -5.30020643758 0.0906909437904
230.0 -5.29379082002 0.0901340554097
233.0 -5.28486664033 0.0916639852965
236.0 -5.26282644452 0.0885388194262
239.0 -5.24851141421 0.0873968834533
242.0 -5.23132864874 0.0833980915611
245.0 -5.22185444806 0.0836366557588
248.0 -5.20916750295 0.0803845211374
251.0 -5.1974185183 0.0777360624574
254.0 -5.18514180958 0.0764745174729
257.0 -5.17542148389 0.0774959553622
260.0 -5.16674668218 0.081371122483
263.0 -5.16092326941 0.0866945175819
266.0 -5.15380277782 0.0835058782246
269.0 -5.15133927787 0.0865644717642
272.0 -5.14261384322 0.0872127354247
275.0 -5.13709047597 0.0839327021731
278.0 -5.1259911416 0.0855492889894
281.0 -5.11466599033 0.0864286721451
284.0 -5.10737023092 0.0867236482353
287.0 -5.10006344127 0.0855912969237
290.0 -5.08952471259 0.0811682469021
293.0 -5.07273708225 0.0810707238824
296.0 -5.06414725912 0.0822005689799
299.0 -5.0522244626 0.0794972758472
302.0 -5.04606979114 0.079133137729
305.0 -5.03704521676 0.0774727554704
308.0 -5.03384367715 0.0766005403593
311.0 -5.02516696501 0.0744252727987
314.0 -5.02121439711 0.0724944481622
317.0 -5.01308925983 0.0775076780017
320.0 -5.00400464232 0.0730400344336
323.0 -4.99839325927 0.0750078090477
326.0 -4.99020138303 0.0730607559192
329.0 -4.97732157482 0.0725786207053
332.0 -4.97332482273 0.0717605014071
335.0 -4.96364814447 0.073692406264
338.0 -4.95611407594 0.0736332232311
341.0 -4.94905348028 0.0733921320551
344.0 -4.9449161109 0.0739614975971
347.0 -4.9377205098 0.0727388402097
350.0 -4.93291085846 0.0698036019061
353.0 -4.92864738525 0.0688419602413
356.0 -4.92096865086 0.0702805847805
359.0 -4.91853935245 0.0725977976496
362.0 -4.91315546965 0.0703683113741
365.0 -4.91004262099 0.0689142955146
368.0 -4.90282563184 0.067677847363
371.0 -4.89735692996 0.0652301341599
374.0 -4.89344133465 0.0656223087158
377.0 -4.88954894449 0.0635185730804
380.0 -4.88202949386 0.0639077623194
383.0 -4.87833712982 0.0623953752817
386.0 -4.86922301864 0.0639525752248
389.0 -4.86403573866 0.0641163505852
392.0 -4.86050687996 0.0643669028882
395.0 -4.85130265629 0.0626864748345
398.0 -4.84667852596 0.0597084625207
401.0 -4.84451975963 0.0617254023819
404.0 -4.83782510323 0.0603297563494
407.0 -4.83306939142 0.0604434119042
410.0 -4.8288204442 0.0589710317496
413.0 -4.823473487 0.0594900337181
416.0 -4.81829884903 0.0592668421501
419.0 -4.81719075889 0.0584103714579
422.0 -4.81622372506 0.057173604118
425.0 -4.81154907319 0.056668259028
428.0 -4.80790434526 0.0561065922826
431.0 -4.80436761812 0.0546907950117
434.0 -4.79835981313 0.0518187029407
437.0 -4.79435895851 0.0498632445696
440.0 -4.78714949381 0.0499272029287
443.0 -4.78181933979 0.0490150402467
446.0 -4.77412456746 0.0483476985667
449.0 -4.77264099652 0.0487373503086
452.0 -4.76862827701 0.0490841759703
455.0 -4.76224158934 0.0482214935241
458.0 -4.75661448669 0.0476040022507
461.0 -4.75018492224 0.0470989553527
464.0 -4.7471031942 0.0449175312779
467.0 -4.74140978406 0.0438263824555
470.0 -4.73895088542 0.0425789253083
473.0 -4.73403559609 0.0446279562961
476.0 -4.73046066129 0.0444907975748
479.0 -4.72708118263 0.0448627083018
482.0 -4.72360069393 0.0443701603766
485.0 -4.71720823637 0.0450387788468
488.0 -4.71607652515 0.0453175571556
491.0 -4.71391706121 0.0445950978857
494.0 -4.70807515713 0.0447023862129
497.0 -4.70315421307 0.0444800853433
500.0 -4.70171579949 0.0443972652452
503.0 -4.69651973992 0.043804886761
506.0 -4.69435028704 0.0430659403266
509.0 -4.69212888138 0.0416473167304
512.0 -4.68951267896 0.04232111892
515.0 -4.68547399403 0.0407909376161
518.0 -4.68170622542 0.0415927975664
521.0 -4.67688390391 0.0408110552369
524.0 -4.67395924605 0.0420883111269
527.0 -4.67123197869 0.0420049744005
530.0 -4.66993235306 0.044299247753
533.0 -4.66543087178 0.0440358896046
536.0 -4.66281045672 0.0437767443229
539.0 -4.6622337258 0.0449616222322
542.0 -4.65941053506 0.0451404345678
545.0 -4.65418399047 0.0454031658959
548.0 -4.65221454979 0.0449712900054
551.0 -4.64863696272 0.0422653660815
554.0 -4.64778074138 0.0424707019323
557.0 -4.64690444174 0.043269150947
560.0 -4.64404235729 0.0434174973315
563.0 -4.64119276584 0.0447252393867
566.0 -4.63829739733 0.044724010127
569.0 -4.63706725623 0.0434563667706
572.0 -4.63305144847 0.0419608866929
575.0 -4.62891719379 0.0424090370077
578.0 -4.62850338576 0.041530589848
581.0 -4.6249812442 0.0415845063536
584.0 -4.62280583166 0.0399193846489
587.0 -4.62224833352 0.0387782201312
590.0 -4.62294272841 0.0394503246101
593.0 -4.61956842837 0.0383558452353
596.0 -4.61514796253 0.0383021648723
599.0 -4.61307734839 0.0379982915781
602.0 -4.61238704425 0.0381576624705
605.0 -4.61056826162 0.0395577845134
608.0 -4.60849325169 0.0399336640284
611.0 -4.60551252113 0.0399722135602
614.0 -4.60413510479 0.0405715208309
617.0 -4.6022548062 0.0416201623874
620.0 -4.60001389883 0.0423581027361
623.0 -4.59532171868 0.0431407861565
626.0 -4.59419196937 0.0430313578879
629.0 -4.59193037383 0.0423752769377
632.0 -4.58850637593 0.0422342128346
635.0 -4.58636400064 0.0405332128655
638.0 -4.58235664125 0.0403939537835
641.0 -4.5815110078 0.0411436671145
644.0 -4.58174626274 0.0416571745849
647.0 -4.57851702724 0.041862994386
650.0 -4.57837329759 0.0434375189497
653.0 -4.57635186248 0.0440478623972
656.0 -4.57376117776 0.0450851139347
659.0 -4.5717440561 0.0447863016353
662.0 -4.56697666871 0.0439659321534
665.0 -4.56466100565 0.0441918115656
668.0 -4.56208222127 0.0435592884444
671.0 -4.56182580735 0.0435533336443
674.0 -4.55963112438 0.0431441921259
677.0 -4.55623457259 0.043541801905
680.0 -4.55473126755 0.042389703226
683.0 -4.55491991487 0.0433847229344
686.0 -4.55313407699 0.0436701463474
689.0 -4.54926345207 0.0437034377838
692.0 -4.54542081082 0.0442911374373
695.0 -4.54429984041 0.0441707099133
698.0 -4.54155535178 0.0435363560775
701.0 -4.54074253182 0.0439628374843
704.0 -4.5386378 0.0434709542414
707.0 -4.53626598234 0.0439847520861
710.0 -4.53517381501 0.043817786128
713.0 -4.53334022198 0.0428066098556
716.0 -4.53271906936 0.0436547576653
719.0 -4.53031392537 0.0436339138006
722.0 -4.52988172161 0.0432103983377
725.0 -4.52684807672 0.042879834285
728.0 -4.52864066184 0.043048561863
731.0 -4.52591268729 0.0421549866956
734.0 -4.5270477999 0.0422598842384
737.0 -4.52458464789 0.0423882129085
740.0 -4.5236757233 0.042953368948
743.0 -4.5212320373 0.0438771955382
746.0 -4.51938140614 0.0452434120847
749.0 -4.51950827592 0.0458079869044
752.0 -4.51879820339 0.0455281684951
755.0 -4.51871709198 0.0445887836183
758.0 -4.51802835979 0.0431965373385
761.0 -4.51628375892 0.0429271339457
764.0 -4.51413266705 0.0426636257052
767.0 -4.51198340412 0.0424164240019
770.0 -4.50823868633 0.0410956873896
773.0 -4.50438889404 0.040835460418
776.0 -4.5016876302 0.0403245072825
779.0 -4.50012685989 0.0399258270687
782.0 -4.49839634698 0.0399485445329
785.0 -4.49875629358 0.0394477807595
788.0 -4.49561999719 0.0386196639548
791.0 -4.49337766264 0.0380514935471
794.0 -4.49179363093 0.0368268097674
797.0 -4.48758588618 0.0353700454808
800.0 -4.48652191915 0.0346803288509
803.0 -4.48441797863 0.0357666619095
806.0 -4.4823505781 0.0359798124969
809.0 -4.47974224708 0.0348935939901
812.0 -4.47928463316 0.0352122617344
815.0 -4.47741337703 0.0357865067785
818.0 -4.4773138213 0.0343704629219
821.0 -4.47441499147 0.0344389433322
824.0 -4.47172767999 0.0353711472949
827.0 -4.47062953361 0.0350593060751
830.0 -4.46813226756 0.0344632393295
833.0 -4.46891640361 0.0350660199154
836.0 -4.46750546147 0.0354268970922
839.0 -4.46720066891 0.0349193993334
842.0 -4.46695986265 0.0339705761282
845.0 -4.4650974588 0.0346861709438
848.0 -4.46472605626 0.0349336492859
851.0 -4.46361883388 0.0351865378231
854.0 -4.46143265077 0.0353889893957
857.0 -4.46151490439 0.0359831927591
860.0 -4.45936677244 0.0352371677488
863.0 -4.45865323579 0.0344026977014
866.0 -4.45824286706 0.0342268087864
869.0 -4.4559933604 0.0334459460405
872.0 -4.4528929438 0.0337231073068
875.0 -4.4521760929 0.0342431883575
878.0 -4.44977582173 0.0340555393728
881.0 -4.44826303481 0.033559628497
884.0 -4.44752007696 0.0325030513192
887.0 -4.44456302778 0.0324204219153
890.0 -4.4436566925 0.0321507983564
893.0 -4.44056776405 0.0322730311306
896.0 -4.44028313002 0.0318433344102
899.0 -4.44016918056 0.0326401020587
902.0 -4.44006017758 0.0316557712162
905.0 -4.43730688779 0.0327631407808
908.0 -4.43592567537 0.0335676528746
911.0 -4.43493245809 0.0337263638126
914.0 -4.43305304486 0.0340476785921
917.0 -4.43165792706 0.0355597745283
920.0 -4.43065031433 0.0363795505058
923.0 -4.42797943959 0.0366052388348
926.0 -4.42583109552 0.0364516768647
929.0 -4.42430146665 0.0362001289441
932.0 -4.42160199979 0.0366453205177
935.0 -4.42062423288 0.0363253810126
938.0 -4.41774192016 0.0354905732954
941.0 -4.41645919011 0.0358783153383
944.0 -4.41552049779 0.0359016601768
947.0 -4.41327433452 0.0358431169239
950.0 -4.41110777652 0.0353417212825
953.0 -4.41091504459 0.0344141175881
956.0 -4.41078150816 0.0352887211669
959.0 -4.41003942199 0.0353786916241
962.0 -4.41020362137 0.0349070851289
965.0 -4.40989975388 0.0338792479473
968.0 -4.40835912564 0.0332323058266
971.0 -4.40775334972 0.0328312831391
974.0 -4.40593132179 0.0330262820879
977.0 -4.40549388495 0.0334578616593
980.0 -4.40449863946 0.0336850692508
983.0 -4.40380901058 0.0329186161293
986.0 -4.40317916454 0.0334830266044
989.0 -4.40243217859 0.0329557842246
992.0 -4.4002301819 0.0326974901229
995.0 -4.39994017375 0.0325662577615
998.0 -4.39884593148 0.031930371547
