2.0 -9.82173081292 0.328700701887
5.0 -9.16660434681 0.398397950373
8.0 -8.81024517874 0.429978224696
11.0 -8.55569717637 0.469465391689
14.0 -8.48776640279 0.37677673864
17.0 -8.41777521658 0.391395257214
20.0 -8.26085321913 0.442805377172
23.0 -8.19849236263 0.451205463867
26.0 -8.07249322 0.400563699918
29.0 -7.96835597407 0.353991985248
32.0 -7.90376019104 0.411115994271
35.0 -7.81970007282 0.406935553913
38.0 -7.76555524538 0.44134726868
41.0 -7.67640700868 0.420601396379
44.0 -7.56121078449 0.439613416326
47.0 -7.46233262781 0.434774072922
50.0 -7.42487438306 0.432665000909
53.0 -7.31267881193 0.41846337285
56.0 -7.3039168287 0.408554387807
59.0 -7.24204343896 0.380859738341
62.0 -7.14535718063 0.370309968647
65.0 -7.08498346077 0.373156522766
68.0 -7.02216537351 0.374956134635
71.0 -6.99088016256 0.358309451149
74.0 -6.94678195734 0.334368837511
77.0 -6.89114220115 0.304837176781
80.0 -6.8109104251 0.305435422016
83.0 -6.7680245713 0.284337363195
86.0 -6.70546251875 0.271280807479
89.0 -6.62938670562 0.267107167469
92.0 -6.57357670842 0.270888087619
95.0 -6.52188625971 0.273651338976
98.0 -6.4875655769 0.24792113349
101.0 -6.46120884295 0.242794630177
104.0 -6.42619683106 0.233266457005
107.0 -6.37780670836 0.220668599236
110.0 -6.37445348882 0.220592232763
113.0 -6.33001778006 0.216116702303
116.0 -6.28337548038 0.217029390636
119.0 -6.25597935268 0.215620078679
122.0 -6.2235731652 0.219526165803
125.0 -6.19239697296 0.213237868253
128.0 -6.15454643761 0.212382979388
131.0 -6.13672335415 0.213505783822
134.0 -6.10419577064 0.209813098659
137.0 -6.09284174258 0.203711959629
140.0 -6.07732093662 0.207895999708
143.0 -6.05498660337 0.204650485406
146.0 -6.02311581353 0.2037969184
149.0 -6.00416731696 0.207032208927
152.0 -5.98877784894 0.204755142762
155.0 -5.98737594285 0.202842878695
158.0 -5.98007715555 0.200311733467
161.0 -5.95281490441 0.18969226095
164.0 -5.93300804835 0.181668610717
167.0 -5.91130536404 0.183277528661
170.0 -5.88954004483 0.171616253192
173.0 -5.87515516474 0.166034034317
176.0 -5.85416199683 0.160280427283
179.0 -5.84842897124 0.161260064194
182.0 -5.83886721485 0.157752548264
185.0 -5.81437966709 0.150615772116
188.0 -5.79787966165 0.148623161505
191.0 -5.76860864379 0.143435380099
194.0 -5.7539287236 0.134037717297
197.0 -5.73708561306 0.131724509272
200.0 -5.72132657681 0.130399959205
203.0 -5.70394113357 0.132110914785
206.0 -5.69840521598 0.127754562542
209.0 -5.68503426251 0.127636759444
212.0 -5.67151574119 0.132349625732
215.0 -5.65374643219 0.130158344355
218.0 -5.63138062507 0.125180746137
221.0 -5.62117663452 0.123527608213
224.0 -5.59931736563 0.124846886719
227.0 -5.58764737698 0.121571381683
230.0 -5.58103133459 0.122019617638
233.0 -5.56358752149 0.119782709684
236.0 -5.55058735041 0.116662408965
239.0 -5.53712649028 0.119269774212
242.0 -5.5300765263 0.118296298912
245.0 -5.5139713888 0.118280707294
248.0 -5.49656927774 0.118468871529
251.0 -5.49386121337 0.117370691956
254.0 -5.48510741318 0.118366244809
257.0 -5.46763077798 0.114872966223
260.0 -5.45637563962 0.11536286422
263.0 -5.44448230428 0.118284072774
266.0 -5.43791433924 0.117590431677
269.0 -5.43188366886 0.113912563342
272.0 -5.42627885166 0.114341699652
275.0 -5.41755525826 0.113779539156
278.0 -5.40226159389 0.109491412481
281.0 -5.39677319831 0.106757238192
284.0 -5.39140244557 0.104925503625
287.0 -5.38704973318 0.104696675245
290.0 -5.38250517809 0.101989440908
293.0 -5.37241736449 0.103763905741
296.0 -5.35991230217 0.101922713668
299.0 -5.34611758016 0.104734299671
302.0 -5.33646519042 0.10338222452
305.0 -5.33044524902 0.103137549259
308.0 -5.31858999761 0.10111559827
311.0 -5.31107236173 0.102049306688
314.0 -5.30454111653 0.100109124501
317.0 -5.29759476404 0.100529676931
320.0 -5.29541044333 0.0977642681871
323.0 -5.2867241175 0.0985611811584
326.0 -5.28082002969 0.0962109106089
329.0 -5.27094310565 0.0932405908709
332.0 -5.26482749349 0.095757315602
335.0 -5.25919604839 0.0959481797978
338.0 -5.25633731037 0.0957036367889
341.0 -5.25003758483 0.0960179324565
344.0 -5.24409488872 0.0936524962838
347.0 -5.24154117413 0.0936270287912
350.0 -5.23263456797 0.0922411945152
353.0 -5.22259343254 0.090544775757
356.0 -5.21892790361 0.0913858135956
359.0 -5.21057216603 0.0894232763559
362.0 -5.2031334603 0.089626805462
365.0 -5.19713125636 0.0897011363931
368.0 -5.19086902624 0.0885953909641
371.0 -5.18388201923 0.0889031909105
374.0 -5.17322883884 0.0876524484533
377.0 -5.16505414646 0.0876614810119
380.0 -5.16247123792 0.0888641180166
383.0 -5.15858517597 0.0880021786136
386.0 -5.15477584964 0.0870337288468
389.0 -5.1511399684 0.0898703741723
392.0 -5.1472458022 0.0862590342814
395.0 -5.14311365168 0.0832167536278
398.0 -5.13591169272 0.0846868468276
401.0 -5.13772388901 0.0824000857715
404.0 -5.13041449976 0.0840541873755
407.0 -5.12375069703 0.082474962434
410.0 -5.11580139393 0.0814262221596
413.0 -5.11405730707 0.0770176735995
416.0 -5.10835130712 0.0738250618477
419.0 -5.10455450281 0.074114666063
422.0 -5.09667821249 0.0738470877184
425.0 -5.09204427191 0.0748660255863
428.0 -5.08837369337 0.0758482324512
431.0 -5.08197741594 0.0771948796914
434.0 -5.07910075296 0.0791616624834
437.0 -5.07349032605 0.0786464229573
440.0 -5.06698066105 0.0796982634048
443.0 -5.05960411218 0.0779424302884
446.0 -5.05557714561 0.0806184919079
449.0 -5.05340607251 0.0818871496423
452.0 -5.04701196103 0.0821486365287
455.0 -5.04621196808 0.0820719555482
458.0 -5.04272849792 0.0830920685518
461.0 -5.03794003832 0.0822307940077
464.0 -5.03455989685 0.0819492114351
467.0 -5.03051871058 0.0805153631537
470.0 -5.0283304014 0.0797238547346
473.0 -5.02208703011 0.0778457155405
476.0 -5.01469042941 0.077152931477
479.0 -5.01341338121 0.075403630282
482.0 -5.00910311787 0.0755074845749
485.0 -5.00611483971 0.0735740640855
488.0 -5.00191736833 0.0726692084636
491.0 -4.99839190332 0.0726335636502
494.0 -4.99311976598 0.0714206845397
497.0 -4.98827710382 0.0737673050102
500.0 -4.9858066524 0.0746823231932
503.0 -4.98044611029 0.0743871498113
506.0 -4.9762067971 0.0748842740679
509.0 -4.97344654302 0.0746456796619
512.0 -4.96617441666 0.0730830374821
515.0 -4.96603852453 0.0719290678271
518.0 -4.96162625891 0.0722443403029
521.0 -4.95752051892 0.0719542097589
524.0 -4.95208759677 0.0698028860891
527.0 -4.94789831439 0.0703063961145
530.0 -4.94202633765 0.070334670091
533.0 -4.93573260043 0.0696576852814
536.0 -4.93079967662 0.0683810299573
539.0 -4.92635648646 0.0689266764276
542.0 -4.91947174014 0.0697935384496
545.0 -4.91983576408 0.0692454372732
548.0 -4.91524899347 0.0683414199565
551.0 -4.91222659064 0.0692724871007
554.0 -4.91057532035 0.0695035077203
557.0 -4.90804684729 0.0678553363916
560.0 -4.90396528837 0.0651781926064
563.0 -4.90016807818 0.0647763913785
566.0 -4.89838047498 0.0638858079938
569.0 -4.89460218083 0.0651150470953
572.0 -4.89093267058 0.0663438924964
575.0 -4.88766556382 0.066242592562
578.0 -4.88752985846 0.0652525467845
581.0 -4.88339142831 0.0641820185231
584.0 -4.87999015734 0.0637043605142
587.0 -4.87467775171 0.0623020560432
590.0 -4.87198263615 0.062865945045
593.0 -4.8694881182 0.0634909659641
596.0 -4.86522526503 0.0637736064235
599.0 -4.86229967237 0.0631274753874
602.0 -4.85600253326 0.0626612542096
605.0 -4.85302854846 0.0621705994611
608.0 -4.8503950721 0.0625928388378
611.0 -4.8477834426 0.0632393973104
614.0 -4.84448161536 0.0633665664027
617.0 -4.83998879659 0.0621217516976
620.0 -4.83484359259 0.0630395405147
623.0 -4.82996475296 0.0625071783018
626.0 -4.82800649796 0.0630674533767
629.0 -4.82269469114 0.0628868626819
632.0 -4.81851407291 0.0633968860614
635.0 -4.81523484103 0.0643594230341
638.0 -4.81168276142 0.0647072812918
641.0 -4.80823916545 0.0636462630245
644.0 -4.80592291005 0.0631156715179
647.0 -4.80339035015 0.0629711325215
650.0 -4.80211277616 0.0637330545968
653.0 -4.79927499783 0.0630615510427
656.0 -4.79786659855 0.0635883357026
659.0 -4.79688347543 0.0615910041838
662.0 -4.79397089483 0.0618807509059
665.0 -4.79025663662 0.0638643484683
668.0 -4.78812965282 0.0626100091444
671.0 -4.78588580869 0.0620315601517
674.0 -4.78439342668 0.061631261035
677.0 -4.7807897707 0.060491876599
680.0 -4.77890835359 0.0601848739449
683.0 -4.77380136162 0.0588320203396
686.0 -4.7700718188 0.0592752419682
689.0 -4.76861921661 0.0592193033153
692.0 -4.76300140631 0.0594535640151
695.0 -4.76007243312 0.0588427640804
698.0 -4.75664395658 0.0580807796184
701.0 -4.7527641311 0.057596088771
704.0 -4.74955507152 0.0577764249436
707.0 -4.74633153282 0.0584736428489
710.0 -4.74512425866 0.0588135056029
713.0 -4.74226709045 0.0578181549277
716.0 -4.74107372397 0.059033643726
719.0 -4.73861701228 0.0596773142046
722.0 -4.73557272467 0.0593427717271
725.0 -4.73138848104 0.0586157625698
728.0 -4.72793324857 0.0579916286479
731.0 -4.72545643528 0.0577492811964
734.0 -4.72214422013 0.0575420308041
737.0 -4.71804083917 0.0570150331564
740.0 -4.71387473955 0.0559756456691
743.0 -4.70976492789 0.0542806128562
746.0 -4.70731068579 0.0551522580044
749.0 -4.70511979933 0.0547672984481
752.0 -4.7014871256 0.0545874300396
755.0 -4.70073811143 0.0545949938197
758.0 -4.69777384096 0.0545188573984
761.0 -4.69529735331 0.0544790659578
764.0 -4.69410261162 0.0544165905503
767.0 -4.68920219022 0.0548157087849
770.0 -4.68562263299 0.0547393106601
773.0 -4.68339408345 0.0534677619537
776.0 -4.68158313453 0.0530962583393
779.0 -4.67954877251 0.0524777765837
782.0 -4.67921992135 0.0528590893962
785.0 -4.67809510671 0.0522006926458
788.0 -4.67600897762 0.0527743353081
791.0 -4.67578370322 0.0526723317625
794.0 -4.67385306603 0.0526298665856
797.0 -4.67197432027 0.0527188877717
800.0 -4.66978754877 0.0524806122912
803.0 -4.66606522027 0.0522125368078
806.0 -4.6648617267 0.0519342322145
809.0 -4.66234407902 0.0521780478431
812.0 -4.661635754 0.0514055662363
815.0 -4.66001890028 0.051456671739
818.0 -4.6599747937 0.051329084987
821.0 -4.66031162701 0.0512646472459
824.0 -4.65902498697 0.0518886279104
827.0 -4.65631102341 0.0513108901934
830.0 -4.65393546149 0.0520489993446
833.0 -4.65084472037 0.0522164087155
836.0 -4.64725915027 0.0516685917662
839.0 -4.64482092988 0.0516096423849
842.0 -4.64499543932 0.0499287807284
845.0 -4.64278892729 0.048636783432
848.0 -4.63955177846 0.0484740094062
851.0 -4.63597943601 0.0492474965217
854.0 -4.63322641821 0.0490169695538
857.0 -4.62934879743 0.0490543451902
860.0 -4.62702467216 0.0498328593076
863.0 -4.62553873094 0.0490031383134
866.0 -4.62413761717 0.0485042123885
869.0 -4.62235557246 0.0485394640523
872.0 -4.61934431335 0.047634996907
875.0 -4.6168283867 0.0475741613437
878.0 -4.61483773281 0.0469461846095
881.0 -4.61432301568 0.0466638361506
884.0 -4.61413625991 0.0468807429718
887.0 -4.61250110055 0.04674773362
890.0 -4.61120835151 0.0471998414329
893.0 -4.60950600613 0.0474424834828
896.0 -4.60602701985 0.0484864965513
899.0 -4.60271396452 0.0480023458722
902.0 -4.60131497417 0.0488901586347
905.0 -4.59878025905 0.0488081838728
908.0 -4.59772539065 0.048536666678
911.0 -4.59526864038 0.0482513809556
914.0 -4.594460668 0.0481273409571
917.0 -4.59276544341 0.0484562367384
920.0 -4.5910453744 0.0484350228871
923.0 -4.59145227041 0.0478870177643
926.0 -4.59021335394 0.0477342084347
929.0 -4.58820354867 0.0479129817529
932.0 -4.58748998238 0.0480500854838
935.0 -4.58587366215 0.0480961193715
938.0 -4.58612726793 0.0487844391142
941.0 -4.58605796984 0.0474881199632
944.0 -4.58335883417 0.0471250323653
947.0 -4.5814419734 0.0461920275308
950.0 -4.5794918807 0.0459986700178
953.0 -4.57773659877 0.0454382822038
956.0 -4.57690668793 0.0451440848491
959.0 -4.57641009321 0.0455654304895
962.0 -4.57527520591 0.0448605032612
965.0 -4.57475425439 0.0447364895319
968.0 -4.57470505197 0.0449185118898
971.0 -4.57442171885 0.0449813526751
974.0 -4.57301281274 0.0446281253877
977.0 -4.57141536793 0.0443563079818
980.0 -4.56988243306 0.04475281996
983.0 -4.56862259989 0.04373912326
986.0 -4.56706457829 0.0439612686654
989.0 -4.56591950342 0.0446444874747
992.0 -4.56329479164 0.0446338380068
995.0 -4.5620080825 0.0445432732412
998.0 -4.56133022141 0.043725418369
