4.0 -8.73928724157 1.27467232959
9.0 -8.38782093155 0.132211499143
14.0 -8.65831379244 0.256760241587
19.0 -8.58452797159 0.389362903895
24.0 -8.3772199494 0.0595331942629
29.0 -8.23754969325 0.106882718159
34.0 -8.24837631512 0.00629212549558
39.0 -8.15873384777 0.208588649934
44.0 -7.97968421503 0.180554421952
49.0 -7.80133564187 0.354414654514
54.0 -7.47113136925 0.124361303477
59.0 -7.17620782937 0.143010069454
64.0 -6.92114236965 0.072107495245
69.0 -6.71346016103 0.00425125758497
74.0 -6.59147525404 0.105990818768
79.0 -6.42643642103 0.142161143892
84.0 -6.17685443169 0.16551441536
89.0 -5.94677107141 0.0860340581635
94.0 -5.80794078096 0.0170020839859
99.0 -5.64476257491 0.0451043433912
104.0 -5.55948401686 0.0603193862418
109.0 -5.40600782801 0.0364645042075
114.0 -5.35029390656 0.0561432831188
119.0 -5.20040760796 0.0291520489473
124.0 -5.11075609048 0.0342253950569
129.0 -5.03855942419 0.0897478278315
134.0 -4.91956504269 0.0703930963808
139.0 -4.81259867425 0.0710466138407
144.0 -4.75445064021 0.0206056166024
149.0 -4.66020397443 0.031257379603
154.0 -4.58072365058 0.0255002215665
159.0 -4.5505082203 0.025540599764
164.0 -4.47799922272 0.0522359894291
169.0 -4.40736412117 0.0592411880183
174.0 -4.3552675401 0.0555875263324
179.0 -4.2784136982 0.0634769293418
184.0 -4.22917907354 0.0905469350568
189.0 -4.1692272462 0.0851816650129
194.0 -4.11870770377 0.0912035717792
199.0 -4.0727620077 0.0627928640046
204.0 -4.02300566192 0.0557949228896
209.0 -3.99343293268 0.0292923835599
214.0 -3.9559078408 0.0280393948654
219.0 -3.91861677137 0.052161131064
224.0 -3.86532175416 0.051275243391
229.0 -3.81258547132 0.0528791384332
234.0 -3.78851082001 0.0547394673846
239.0 -3.77173029636 0.0432264434481
244.0 -3.73230549521 0.0423406556729
249.0 -3.70146809771 0.0327350671771
254.0 -3.69152769641 0.0498537474331
259.0 -3.68784647501 0.0303760422547
264.0 -3.67842249008 0.00543704063472
269.0 -3.64544828022 0.00805090769197
274.0 -3.61412258168 0.0021680669695
279.0 -3.58917450674 0.00676308843931
284.0 -3.57469769835 0.00220382973147
289.0 -3.54482057554 0.00215034158525
294.0 -3.52301580384 0.0191479735089
299.0 -3.49363259642 0.0165542003128
304.0 -3.46547586129 0.0258946029152
309.0 -3.45298239283 0.014545603835
314.0 -3.4475490041 0.000760003978746
319.0 -3.43666017348 0.0216883572369
324.0 -3.43110063053 0.0240813790256
329.0 -3.41656901 0.0341604209108
334.0 -3.39840095281 0.0252686717057
339.0 -3.39070545042 0.0193812807764
344.0 -3.37995410811 0.0186525111812
349.0 -3.36032439309 0.0280709036907
354.0 -3.36200502671 0.043368177378
359.0 -3.35430387175 0.0578445819922
364.0 -3.34428258711 0.0508497167671
369.0 -3.33524856967 0.0403583056677
374.0 -3.3190869444 0.042612089197
379.0 -3.30667854145 0.0493545762963
384.0 -3.29110343023 0.0445882575626
389.0 -3.28379526274 0.033656159526
394.0 -3.28054775675 0.0216545751619
399.0 -3.26256599413 0.00982332945605
404.0 -3.25424252221 0.0224329114441
409.0 -3.24538619419 0.0053886737675
414.0 -3.23958131496 0.00878266870469
419.0 -3.22498730285 0.00347478898799
424.0 -3.22688785222 0.00976116321656
429.0 -3.21923196933 0.0165769317429
434.0 -3.21102192361 0.0162422509268
439.0 -3.19436791536 0.0173358502549
444.0 -3.18782582173 0.00976757653506
449.0 -3.17560949854 0.011436746664
454.0 -3.17045788281 0.000930932038009
459.0 -3.17532340193 0.011282218701
464.0 -3.16887513963 0.00295969532535
469.0 -3.16638971377 0.00818377202095
474.0 -3.16723337736 6.86378709585e-06
479.0 -3.1589827158 0.00766007307483
484.0 -3.14568437266 0.00283179708592
489.0 -3.1500332532 0.00364271653113
494.0 -3.14022738121 0.0100755710678
499.0 -3.14472052898 0.00408347896686
504.0 -3.13408374585 0.00352647141386
509.0 -3.12018861082 0.000802215261814
514.0 -3.11634380712 0.00683524764476
519.0 -3.10760320204 0.0028712910883
524.0 -3.10186843866 0.00348800505726
529.0 -3.09970530979 0.00422376309698
534.0 -3.08974458592 8.48227740078e-05
539.0 -3.08243907027 0.00411502127616
544.0 -3.07829963948 0.00424217337976
549.0 -3.07227677857 0.00298094674239
554.0 -3.0730435242 0.00125085924875
559.0 -3.06208427979 0.00123967088412
564.0 -3.05147094397 0.00497482707647
569.0 -3.04880262461 0.00364760462751
574.0 -3.03934841185 0.0017137069043
579.0 -3.03686353268 0.00308601167894
584.0 -3.02605905038 5.87211865373e-05
589.0 -3.02125599393 0.00726386673436
594.0 -3.01249591821 3.67625713565e-05
599.0 -3.00426890721 0.00192099561543
604.0 -3.00008878381 0.00164589155466
609.0 -2.99622601136 0.0042823205429
614.0 -2.9898020129 0.0138108004927
619.0 -2.99217040779 0.0128976532052
624.0 -2.98609098946 0.00851148527157
629.0 -2.98947686553 0.0179914029589
634.0 -2.9789960543 0.0106301130526
639.0 -2.97852322029 0.00264379969283
644.0 -2.97465960453 0.00140183456215
649.0 -2.97037339803 0.00104886295116
654.0 -2.96136442708 0.00182001909406
659.0 -2.95719066133 0.00186641940385
664.0 -2.95539766285 0.00688358626675
669.0 -2.95069812875 0.0117916532193
674.0 -2.94432573907 0.01104719821
679.0 -2.93882923142 0.0143735206869
684.0 -2.93478018733 0.0183806491902
689.0 -2.93032619468 0.0164369052016
694.0 -2.92439790445 0.0122697377885
699.0 -2.91757116693 0.012092748513
704.0 -2.91614928694 0.00840846185045
709.0 -2.91364634973 0.00137619200832
714.0 -2.91011458257 0.00175001466218
719.0 -2.90573131009 0.00713313846197
724.0 -2.90114448475 0.012248176339
729.0 -2.90517713499 0.0133349556477
734.0 -2.89875903461 0.0140088338294
739.0 -2.89357744439 0.0153571808136
744.0 -2.89257398106 0.0124118493149
749.0 -2.89214236569 0.0130783941913
754.0 -2.89258252817 0.00729815533184
759.0 -2.8981909002 0.00783931129086
764.0 -2.893599357 0.0122741647723
769.0 -2.89300371099 0.0101943222155
774.0 -2.89198042805 0.0170543492227
779.0 -2.89067034185 0.0202082158889
784.0 -2.89231906773 0.0169117587884
789.0 -2.8931173852 0.00767683210602
794.0 -2.88868843442 0.0118857708667
799.0 -2.88654571962 0.00448901385187
804.0 -2.87963249998 0.00353800613608
809.0 -2.87294323854 0.00504331717964
814.0 -2.86965310808 0.00611486745374
819.0 -2.86539523257 0.0114267587012
824.0 -2.86357874762 0.0173976387525
829.0 -2.86064690662 0.0116463451579
834.0 -2.85846809758 0.00646469092635
839.0 -2.85176334134 0.00845475887385
844.0 -2.85139461954 0.00571904836963
849.0 -2.84864884498 0.005524117103
854.0 -2.84737322001 0.0070469210481
859.0 -2.8453074795 0.0108997268862
864.0 -2.8471682001 0.0101869954033
869.0 -2.84348690436 0.0131391420222
874.0 -2.84267737095 0.0124839110618
879.0 -2.84246317407 0.0138349227375
884.0 -2.84438850459 0.0131269086392
889.0 -2.83910178635 0.0160339182575
894.0 -2.84100212544 0.0191669505051
899.0 -2.83826639616 0.025297169558
904.0 -2.83413715724 0.029386328964
909.0 -2.8288503742 0.0319004920671
914.0 -2.83226864708 0.0345586837902
919.0 -2.83117295564 0.0330604177162
924.0 -2.83079198186 0.0314277110266
929.0 -2.82336037808 0.0319298957627
934.0 -2.8253604971 0.0356124315184
939.0 -2.8189475019 0.0373489337234
944.0 -2.81846923542 0.0394086252841
949.0 -2.81501804235 0.043753330974
954.0 -2.81642042478 0.0438700157496
959.0 -2.81804576558 0.0441472661159
964.0 -2.81435571027 0.0432224242115
969.0 -2.81271524112 0.04403371625
974.0 -2.80969544522 0.0422804518192
979.0 -2.80842399703 0.0361134711859
984.0 -2.80834693913 0.0351154596643
989.0 -2.8069106906 0.0367956842355
994.0 -2.80463231188 0.0342112295983
999.0 -2.80262944245 0.0376640824578
